{"total": {"lines":{"total":5871,"covered":325,"skipped":0,"pct":5.53},"statements":{"total":6374,"covered":350,"skipped":0,"pct":5.49},"functions":{"total":1247,"covered":80,"skipped":0,"pct":6.41},"branches":{"total":2988,"covered":182,"skipped":0,"pct":6.09},"branchesTrue":{"total":0,"covered":0,"skipped":0,"pct":100}}
,"/Users/lakhdari/Desktop/AppFoot/backend/src/common/decorators/check-ownership.decorator.ts": {"lines":{"total":5,"covered":0,"skipped":0,"pct":0},"functions":{"total":2,"covered":0,"skipped":0,"pct":0},"statements":{"total":6,"covered":0,"skipped":0,"pct":0},"branches":{"total":2,"covered":0,"skipped":0,"pct":0}}
,"/Users/lakhdari/Desktop/AppFoot/backend/src/common/decorators/min-tier.decorator.ts": {"lines":{"total":3,"covered":0,"skipped":0,"pct":0},"functions":{"total":1,"covered":0,"skipped":0,"pct":0},"statements":{"total":5,"covered":0,"skipped":0,"pct":0},"branches":{"total":0,"covered":0,"skipped":0,"pct":100}}
,"/Users/lakhdari/Desktop/AppFoot/backend/src/common/decorators/roles.decorator.ts": {"lines":{"total":2,"covered":0,"skipped":0,"pct":0},"functions":{"total":1,"covered":0,"skipped":0,"pct":0},"statements":{"total":4,"covered":0,"skipped":0,"pct":0},"branches":{"total":0,"covered":0,"skipped":0,"pct":100}}
,"/Users/lakhdari/Desktop/AppFoot/backend/src/common/guards/ai-throttler.guard.ts": {"lines":{"total":4,"covered":0,"skipped":0,"pct":0},"functions":{"total":1,"covered":0,"skipped":0,"pct":0},"statements":{"total":6,"covered":0,"skipped":0,"pct":0},"branches":{"total":4,"covered":0,"skipped":0,"pct":0}}
,"/Users/lakhdari/Desktop/AppFoot/backend/src/common/guards/auth-throttler.guard.ts": {"lines":{"total":4,"covered":0,"skipped":0,"pct":0},"functions":{"total":1,"covered":0,"skipped":0,"pct":0},"statements":{"total":6,"covered":0,"skipped":0,"pct":0},"branches":{"total":2,"covered":0,"skipped":0,"pct":0}}
,"/Users/lakhdari/Desktop/AppFoot/backend/src/common/guards/jwt-auth.guard.ts": {"lines":{"total":3,"covered":3,"skipped":0,"pct":100},"functions":{"total":0,"covered":0,"skipped":0,"pct":100},"statements":{"total":5,"covered":5,"skipped":0,"pct":100},"branches":{"total":0,"covered":0,"skipped":0,"pct":100}}
,"/Users/lakhdari/Desktop/AppFoot/backend/src/common/guards/optional-jwt-auth.guard.ts": {"lines":{"total":4,"covered":0,"skipped":0,"pct":0},"functions":{"total":1,"covered":0,"skipped":0,"pct":0},"statements":{"total":6,"covered":0,"skipped":0,"pct":0},"branches":{"total":0,"covered":0,"skipped":0,"pct":100}}
,"/Users/lakhdari/Desktop/AppFoot/backend/src/common/guards/ownership.guard.ts": {"lines":{"total":29,"covered":0,"skipped":0,"pct":0},"functions":{"total":2,"covered":0,"skipped":0,"pct":0},"statements":{"total":31,"covered":0,"skipped":0,"pct":0},"branches":{"total":24,"covered":0,"skipped":0,"pct":0}}
,"/Users/lakhdari/Desktop/AppFoot/backend/src/common/guards/roles.guard.ts": {"lines":{"total":10,"covered":0,"skipped":0,"pct":0},"functions":{"total":2,"covered":0,"skipped":0,"pct":0},"statements":{"total":12,"covered":0,"skipped":0,"pct":0},"branches":{"total":2,"covered":0,"skipped":0,"pct":0}}
,"/Users/lakhdari/Desktop/AppFoot/backend/src/common/guards/subscription-tier.guard.ts": {"lines":{"total":18,"covered":0,"skipped":0,"pct":0},"functions":{"total":2,"covered":0,"skipped":0,"pct":0},"statements":{"total":20,"covered":0,"skipped":0,"pct":0},"branches":{"total":8,"covered":0,"skipped":0,"pct":0}}
,"/Users/lakhdari/Desktop/AppFoot/backend/src/common/interceptors/cache.interceptor.ts": {"lines":{"total":75,"covered":0,"skipped":0,"pct":0},"functions":{"total":18,"covered":0,"skipped":0,"pct":0},"statements":{"total":80,"covered":0,"skipped":0,"pct":0},"branches":{"total":19,"covered":0,"skipped":0,"pct":0}}
,"/Users/lakhdari/Desktop/AppFoot/backend/src/config/sentry.config.ts": {"lines":{"total":7,"covered":0,"skipped":0,"pct":0},"functions":{"total":2,"covered":0,"skipped":0,"pct":0},"statements":{"total":7,"covered":0,"skipped":0,"pct":0},"branches":{"total":6,"covered":0,"skipped":0,"pct":0}}
,"/Users/lakhdari/Desktop/AppFoot/backend/src/health/health.controller.ts": {"lines":{"total":12,"covered":0,"skipped":0,"pct":0},"functions":{"total":5,"covered":0,"skipped":0,"pct":0},"statements":{"total":14,"covered":0,"skipped":0,"pct":0},"branches":{"total":0,"covered":0,"skipped":0,"pct":100}}
,"/Users/lakhdari/Desktop/AppFoot/backend/src/health/health.service.ts": {"lines":{"total":32,"covered":0,"skipped":0,"pct":0},"functions":{"total":8,"covered":0,"skipped":0,"pct":0},"statements":{"total":34,"covered":0,"skipped":0,"pct":0},"branches":{"total":8,"covered":0,"skipped":0,"pct":0}}
,"/Users/lakhdari/Desktop/AppFoot/backend/src/modules/ai/ai.controller.ts": {"lines":{"total":23,"covered":0,"skipped":0,"pct":0},"functions":{"total":8,"covered":0,"skipped":0,"pct":0},"statements":{"total":25,"covered":0,"skipped":0,"pct":0},"branches":{"total":0,"covered":0,"skipped":0,"pct":100}}
,"/Users/lakhdari/Desktop/AppFoot/backend/src/modules/ai/ai.service.ts": {"lines":{"total":212,"covered":0,"skipped":0,"pct":0},"functions":{"total":50,"covered":0,"skipped":0,"pct":0},"statements":{"total":257,"covered":0,"skipped":0,"pct":0},"branches":{"total":179,"covered":0,"skipped":0,"pct":0}}
,"/Users/lakhdari/Desktop/AppFoot/backend/src/modules/analytics/analytics.controller.ts": {"lines":{"total":20,"covered":0,"skipped":0,"pct":0},"functions":{"total":8,"covered":0,"skipped":0,"pct":0},"statements":{"total":22,"covered":0,"skipped":0,"pct":0},"branches":{"total":2,"covered":0,"skipped":0,"pct":0}}
,"/Users/lakhdari/Desktop/AppFoot/backend/src/modules/analytics/analytics.service.ts": {"lines":{"total":75,"covered":0,"skipped":0,"pct":0},"functions":{"total":23,"covered":0,"skipped":0,"pct":0},"statements":{"total":84,"covered":0,"skipped":0,"pct":0},"branches":{"total":21,"covered":0,"skipped":0,"pct":0}}
,"/Users/lakhdari/Desktop/AppFoot/backend/src/modules/arkane-match/arkane-match.controller.ts": {"lines":{"total":24,"covered":0,"skipped":0,"pct":0},"functions":{"total":6,"covered":0,"skipped":0,"pct":0},"statements":{"total":26,"covered":0,"skipped":0,"pct":0},"branches":{"total":4,"covered":0,"skipped":0,"pct":0}}
,"/Users/lakhdari/Desktop/AppFoot/backend/src/modules/arkane-match/arkane-match.service.ts": {"lines":{"total":204,"covered":0,"skipped":0,"pct":0},"functions":{"total":28,"covered":0,"skipped":0,"pct":0},"statements":{"total":228,"covered":0,"skipped":0,"pct":0},"branches":{"total":186,"covered":0,"skipped":0,"pct":0}}
,"/Users/lakhdari/Desktop/AppFoot/backend/src/modules/auth/auth.controller.ts": {"lines":{"total":37,"covered":0,"skipped":0,"pct":0},"functions":{"total":8,"covered":0,"skipped":0,"pct":0},"statements":{"total":39,"covered":0,"skipped":0,"pct":0},"branches":{"total":4,"covered":0,"skipped":0,"pct":0}}
,"/Users/lakhdari/Desktop/AppFoot/backend/src/modules/auth/auth.service.ts": {"lines":{"total":32,"covered":0,"skipped":0,"pct":0},"functions":{"total":4,"covered":0,"skipped":0,"pct":0},"statements":{"total":34,"covered":0,"skipped":0,"pct":0},"branches":{"total":16,"covered":0,"skipped":0,"pct":0}}
,"/Users/lakhdari/Desktop/AppFoot/backend/src/modules/auth/services/refresh-token.service.ts": {"lines":{"total":81,"covered":0,"skipped":0,"pct":0},"functions":{"total":9,"covered":0,"skipped":0,"pct":0},"statements":{"total":83,"covered":0,"skipped":0,"pct":0},"branches":{"total":14,"covered":0,"skipped":0,"pct":0}}
,"/Users/lakhdari/Desktop/AppFoot/backend/src/modules/auth/strategies/jwt.strategy.ts": {"lines":{"total":22,"covered":0,"skipped":0,"pct":0},"functions":{"total":2,"covered":0,"skipped":0,"pct":0},"statements":{"total":24,"covered":0,"skipped":0,"pct":0},"branches":{"total":12,"covered":0,"skipped":0,"pct":0}}
,"/Users/lakhdari/Desktop/AppFoot/backend/src/modules/auto-scout/auto-scout.controller.ts": {"lines":{"total":41,"covered":0,"skipped":0,"pct":0},"functions":{"total":11,"covered":0,"skipped":0,"pct":0},"statements":{"total":43,"covered":0,"skipped":0,"pct":0},"branches":{"total":12,"covered":0,"skipped":0,"pct":0}}
,"/Users/lakhdari/Desktop/AppFoot/backend/src/modules/auto-scout/auto-scout.service.ts": {"lines":{"total":154,"covered":0,"skipped":0,"pct":0},"functions":{"total":30,"covered":0,"skipped":0,"pct":0},"statements":{"total":176,"covered":0,"skipped":0,"pct":0},"branches":{"total":142,"covered":0,"skipped":0,"pct":0}}
,"/Users/lakhdari/Desktop/AppFoot/backend/src/modules/auto-scout/stats-aggregator.service.ts": {"lines":{"total":83,"covered":0,"skipped":0,"pct":0},"functions":{"total":23,"covered":0,"skipped":0,"pct":0},"statements":{"total":94,"covered":0,"skipped":0,"pct":0},"branches":{"total":53,"covered":0,"skipped":0,"pct":0}}
,"/Users/lakhdari/Desktop/AppFoot/backend/src/modules/auto-scout/templates/match-performance.template.ts": {"lines":{"total":1,"covered":0,"skipped":0,"pct":0},"functions":{"total":0,"covered":0,"skipped":0,"pct":100},"statements":{"total":1,"covered":0,"skipped":0,"pct":0},"branches":{"total":0,"covered":0,"skipped":0,"pct":100}}
,"/Users/lakhdari/Desktop/AppFoot/backend/src/modules/auto-scout/templates/quick-scan.template.ts": {"lines":{"total":1,"covered":0,"skipped":0,"pct":0},"functions":{"total":0,"covered":0,"skipped":0,"pct":100},"statements":{"total":1,"covered":0,"skipped":0,"pct":0},"branches":{"total":0,"covered":0,"skipped":0,"pct":100}}
,"/Users/lakhdari/Desktop/AppFoot/backend/src/modules/auto-scout/templates/season-overview.template.ts": {"lines":{"total":1,"covered":0,"skipped":0,"pct":0},"functions":{"total":0,"covered":0,"skipped":0,"pct":100},"statements":{"total":1,"covered":0,"skipped":0,"pct":0},"branches":{"total":0,"covered":0,"skipped":0,"pct":100}}
,"/Users/lakhdari/Desktop/AppFoot/backend/src/modules/auto-scout/templates/transfer-target.template.ts": {"lines":{"total":1,"covered":0,"skipped":0,"pct":0},"functions":{"total":0,"covered":0,"skipped":0,"pct":100},"statements":{"total":1,"covered":0,"skipped":0,"pct":0},"branches":{"total":0,"covered":0,"skipped":0,"pct":100}}
,"/Users/lakhdari/Desktop/AppFoot/backend/src/modules/auto-scout/templates/youth-prospect.template.ts": {"lines":{"total":1,"covered":0,"skipped":0,"pct":0},"functions":{"total":0,"covered":0,"skipped":0,"pct":100},"statements":{"total":1,"covered":0,"skipped":0,"pct":0},"branches":{"total":0,"covered":0,"skipped":0,"pct":100}}
,"/Users/lakhdari/Desktop/AppFoot/backend/src/modules/cache/redis.service.ts": {"lines":{"total":151,"covered":0,"skipped":0,"pct":0},"functions":{"total":30,"covered":0,"skipped":0,"pct":0},"statements":{"total":168,"covered":0,"skipped":0,"pct":0},"branches":{"total":57,"covered":0,"skipped":0,"pct":0}}
,"/Users/lakhdari/Desktop/AppFoot/backend/src/modules/camps/camps.controller.ts": {"lines":{"total":31,"covered":0,"skipped":0,"pct":0},"functions":{"total":11,"covered":0,"skipped":0,"pct":0},"statements":{"total":33,"covered":0,"skipped":0,"pct":0},"branches":{"total":2,"covered":0,"skipped":0,"pct":0}}
,"/Users/lakhdari/Desktop/AppFoot/backend/src/modules/camps/camps.service.ts": {"lines":{"total":93,"covered":0,"skipped":0,"pct":0},"functions":{"total":12,"covered":0,"skipped":0,"pct":0},"statements":{"total":95,"covered":0,"skipped":0,"pct":0},"branches":{"total":126,"covered":0,"skipped":0,"pct":0}}
,"/Users/lakhdari/Desktop/AppFoot/backend/src/modules/club-requests/club-requests.controller.ts": {"lines":{"total":29,"covered":0,"skipped":0,"pct":0},"functions":{"total":11,"covered":0,"skipped":0,"pct":0},"statements":{"total":31,"covered":0,"skipped":0,"pct":0},"branches":{"total":0,"covered":0,"skipped":0,"pct":100}}
,"/Users/lakhdari/Desktop/AppFoot/backend/src/modules/club-requests/club-requests.service.ts": {"lines":{"total":42,"covered":0,"skipped":0,"pct":0},"functions":{"total":12,"covered":0,"skipped":0,"pct":0},"statements":{"total":44,"covered":0,"skipped":0,"pct":0},"branches":{"total":20,"covered":0,"skipped":0,"pct":0}}
,"/Users/lakhdari/Desktop/AppFoot/backend/src/modules/clubs/clubs.controller.ts": {"lines":{"total":22,"covered":0,"skipped":0,"pct":0},"functions":{"total":8,"covered":0,"skipped":0,"pct":0},"statements":{"total":24,"covered":0,"skipped":0,"pct":0},"branches":{"total":4,"covered":0,"skipped":0,"pct":0}}
,"/Users/lakhdari/Desktop/AppFoot/backend/src/modules/clubs/clubs.service.ts": {"lines":{"total":54,"covered":0,"skipped":0,"pct":0},"functions":{"total":11,"covered":0,"skipped":0,"pct":0},"statements":{"total":58,"covered":0,"skipped":0,"pct":0},"branches":{"total":25,"covered":0,"skipped":0,"pct":0}}
,"/Users/lakhdari/Desktop/AppFoot/backend/src/modules/coaching/coaching.controller.ts": {"lines":{"total":35,"covered":0,"skipped":0,"pct":0},"functions":{"total":13,"covered":0,"skipped":0,"pct":0},"statements":{"total":37,"covered":0,"skipped":0,"pct":0},"branches":{"total":4,"covered":0,"skipped":0,"pct":0}}
,"/Users/lakhdari/Desktop/AppFoot/backend/src/modules/coaching/coaching.service.ts": {"lines":{"total":108,"covered":0,"skipped":0,"pct":0},"functions":{"total":21,"covered":0,"skipped":0,"pct":0},"statements":{"total":110,"covered":0,"skipped":0,"pct":0},"branches":{"total":110,"covered":0,"skipped":0,"pct":0}}
,"/Users/lakhdari/Desktop/AppFoot/backend/src/modules/data-sync/data-sync.controller.ts": {"lines":{"total":23,"covered":0,"skipped":0,"pct":0},"functions":{"total":6,"covered":0,"skipped":0,"pct":0},"statements":{"total":25,"covered":0,"skipped":0,"pct":0},"branches":{"total":0,"covered":0,"skipped":0,"pct":100}}
,"/Users/lakhdari/Desktop/AppFoot/backend/src/modules/data-sync/data-sync.service.ts": {"lines":{"total":117,"covered":0,"skipped":0,"pct":0},"functions":{"total":17,"covered":0,"skipped":0,"pct":0},"statements":{"total":124,"covered":0,"skipped":0,"pct":0},"branches":{"total":25,"covered":0,"skipped":0,"pct":0}}
,"/Users/lakhdari/Desktop/AppFoot/backend/src/modules/data-sync/cron/data-sync.cron.ts": {"lines":{"total":36,"covered":0,"skipped":0,"pct":0},"functions":{"total":7,"covered":0,"skipped":0,"pct":0},"statements":{"total":39,"covered":0,"skipped":0,"pct":0},"branches":{"total":0,"covered":0,"skipped":0,"pct":100}}
,"/Users/lakhdari/Desktop/AppFoot/backend/src/modules/data-sync/mappers/club.mapper.ts": {"lines":{"total":5,"covered":0,"skipped":0,"pct":0},"functions":{"total":2,"covered":0,"skipped":0,"pct":0},"statements":{"total":7,"covered":0,"skipped":0,"pct":0},"branches":{"total":2,"covered":0,"skipped":0,"pct":0}}
,"/Users/lakhdari/Desktop/AppFoot/backend/src/modules/data-sync/mappers/competition.mapper.ts": {"lines":{"total":5,"covered":0,"skipped":0,"pct":0},"functions":{"total":2,"covered":0,"skipped":0,"pct":0},"statements":{"total":7,"covered":0,"skipped":0,"pct":0},"branches":{"total":14,"covered":0,"skipped":0,"pct":0}}
,"/Users/lakhdari/Desktop/AppFoot/backend/src/modules/data-sync/mappers/normalizer.util.ts": {"lines":{"total":29,"covered":0,"skipped":0,"pct":0},"functions":{"total":4,"covered":0,"skipped":0,"pct":0},"statements":{"total":33,"covered":0,"skipped":0,"pct":0},"branches":{"total":14,"covered":0,"skipped":0,"pct":0}}
,"/Users/lakhdari/Desktop/AppFoot/backend/src/modules/data-sync/mappers/player.mapper.ts": {"lines":{"total":8,"covered":0,"skipped":0,"pct":0},"functions":{"total":2,"covered":0,"skipped":0,"pct":0},"statements":{"total":10,"covered":0,"skipped":0,"pct":0},"branches":{"total":21,"covered":0,"skipped":0,"pct":0}}
,"/Users/lakhdari/Desktop/AppFoot/backend/src/modules/data-sync/services/api-football.service.ts": {"lines":{"total":42,"covered":0,"skipped":0,"pct":0},"functions":{"total":12,"covered":0,"skipped":0,"pct":0},"statements":{"total":49,"covered":0,"skipped":0,"pct":0},"branches":{"total":21,"covered":0,"skipped":0,"pct":0}}
,"/Users/lakhdari/Desktop/AppFoot/backend/src/modules/events/events.controller.ts": {"lines":{"total":23,"covered":0,"skipped":0,"pct":0},"functions":{"total":8,"covered":0,"skipped":0,"pct":0},"statements":{"total":25,"covered":0,"skipped":0,"pct":0},"branches":{"total":0,"covered":0,"skipped":0,"pct":100}}
,"/Users/lakhdari/Desktop/AppFoot/backend/src/modules/events/events.service.ts": {"lines":{"total":63,"covered":0,"skipped":0,"pct":0},"functions":{"total":10,"covered":0,"skipped":0,"pct":0},"statements":{"total":80,"covered":0,"skipped":0,"pct":0},"branches":{"total":59,"covered":0,"skipped":0,"pct":0}}
,"/Users/lakhdari/Desktop/AppFoot/backend/src/modules/firebase/firebase.service.ts": {"lines":{"total":54,"covered":0,"skipped":0,"pct":0},"functions":{"total":8,"covered":0,"skipped":0,"pct":0},"statements":{"total":56,"covered":0,"skipped":0,"pct":0},"branches":{"total":11,"covered":0,"skipped":0,"pct":0}}
,"/Users/lakhdari/Desktop/AppFoot/backend/src/modules/gamification/gamification.controller.ts": {"lines":{"total":27,"covered":0,"skipped":0,"pct":0},"functions":{"total":11,"covered":0,"skipped":0,"pct":0},"statements":{"total":29,"covered":0,"skipped":0,"pct":0},"branches":{"total":2,"covered":0,"skipped":0,"pct":0}}
,"/Users/lakhdari/Desktop/AppFoot/backend/src/modules/gamification/gamification.service.ts": {"lines":{"total":229,"covered":0,"skipped":0,"pct":0},"functions":{"total":40,"covered":0,"skipped":0,"pct":0},"statements":{"total":238,"covered":0,"skipped":0,"pct":0},"branches":{"total":114,"covered":0,"skipped":0,"pct":0}}
,"/Users/lakhdari/Desktop/AppFoot/backend/src/modules/health/health.controller.ts": {"lines":{"total":13,"covered":0,"skipped":0,"pct":0},"functions":{"total":5,"covered":0,"skipped":0,"pct":0},"statements":{"total":15,"covered":0,"skipped":0,"pct":0},"branches":{"total":0,"covered":0,"skipped":0,"pct":100}}
,"/Users/lakhdari/Desktop/AppFoot/backend/src/modules/health/health.service.ts": {"lines":{"total":21,"covered":0,"skipped":0,"pct":0},"functions":{"total":6,"covered":0,"skipped":0,"pct":0},"statements":{"total":23,"covered":0,"skipped":0,"pct":0},"branches":{"total":10,"covered":0,"skipped":0,"pct":0}}
,"/Users/lakhdari/Desktop/AppFoot/backend/src/modules/kanban/kanban.controller.ts": {"lines":{"total":38,"covered":0,"skipped":0,"pct":0},"functions":{"total":15,"covered":0,"skipped":0,"pct":0},"statements":{"total":40,"covered":0,"skipped":0,"pct":0},"branches":{"total":0,"covered":0,"skipped":0,"pct":100}}
,"/Users/lakhdari/Desktop/AppFoot/backend/src/modules/kanban/kanban.service.ts": {"lines":{"total":73,"covered":0,"skipped":0,"pct":0},"functions":{"total":15,"covered":0,"skipped":0,"pct":0},"statements":{"total":75,"covered":0,"skipped":0,"pct":0},"branches":{"total":35,"covered":0,"skipped":0,"pct":0}}
,"/Users/lakhdari/Desktop/AppFoot/backend/src/modules/market-value/market-value.controller.ts": {"lines":{"total":17,"covered":0,"skipped":0,"pct":0},"functions":{"total":6,"covered":0,"skipped":0,"pct":0},"statements":{"total":19,"covered":0,"skipped":0,"pct":0},"branches":{"total":0,"covered":0,"skipped":0,"pct":100}}
,"/Users/lakhdari/Desktop/AppFoot/backend/src/modules/market-value/market-value.service.ts": {"lines":{"total":118,"covered":0,"skipped":0,"pct":0},"functions":{"total":23,"covered":0,"skipped":0,"pct":0},"statements":{"total":130,"covered":0,"skipped":0,"pct":0},"branches":{"total":62,"covered":0,"skipped":0,"pct":0}}
,"/Users/lakhdari/Desktop/AppFoot/backend/src/modules/marketplace/marketplace.controller.ts": {"lines":{"total":57,"covered":57,"skipped":0,"pct":100},"functions":{"total":23,"covered":23,"skipped":0,"pct":100},"statements":{"total":59,"covered":59,"skipped":0,"pct":100},"branches":{"total":0,"covered":0,"skipped":0,"pct":100}}
,"/Users/lakhdari/Desktop/AppFoot/backend/src/modules/marketplace/marketplace.service.ts": {"lines":{"total":211,"covered":211,"skipped":0,"pct":100},"functions":{"total":52,"covered":52,"skipped":0,"pct":100},"statements":{"total":226,"covered":226,"skipped":0,"pct":100},"branches":{"total":153,"covered":144,"skipped":0,"pct":94.11}}
,"/Users/lakhdari/Desktop/AppFoot/backend/src/modules/marketplace/matching.algorithm.ts": {"lines":{"total":51,"covered":51,"skipped":0,"pct":100},"functions":{"total":5,"covered":5,"skipped":0,"pct":100},"statements":{"total":55,"covered":55,"skipped":0,"pct":100},"branches":{"total":38,"covered":38,"skipped":0,"pct":100}}
,"/Users/lakhdari/Desktop/AppFoot/backend/src/modules/matches/matches.controller.ts": {"lines":{"total":27,"covered":0,"skipped":0,"pct":0},"functions":{"total":10,"covered":0,"skipped":0,"pct":0},"statements":{"total":29,"covered":0,"skipped":0,"pct":0},"branches":{"total":6,"covered":0,"skipped":0,"pct":0}}
,"/Users/lakhdari/Desktop/AppFoot/backend/src/modules/matches/matches.service.ts": {"lines":{"total":59,"covered":0,"skipped":0,"pct":0},"functions":{"total":10,"covered":0,"skipped":0,"pct":0},"statements":{"total":67,"covered":0,"skipped":0,"pct":0},"branches":{"total":46,"covered":0,"skipped":0,"pct":0}}
,"/Users/lakhdari/Desktop/AppFoot/backend/src/modules/media/media.controller.ts": {"lines":{"total":35,"covered":0,"skipped":0,"pct":0},"functions":{"total":10,"covered":0,"skipped":0,"pct":0},"statements":{"total":37,"covered":0,"skipped":0,"pct":0},"branches":{"total":6,"covered":0,"skipped":0,"pct":0}}
,"/Users/lakhdari/Desktop/AppFoot/backend/src/modules/media/media.service.ts": {"lines":{"total":79,"covered":0,"skipped":0,"pct":0},"functions":{"total":10,"covered":0,"skipped":0,"pct":0},"statements":{"total":85,"covered":0,"skipped":0,"pct":0},"branches":{"total":46,"covered":0,"skipped":0,"pct":0}}
,"/Users/lakhdari/Desktop/AppFoot/backend/src/modules/notifications/notifications.controller.ts": {"lines":{"total":31,"covered":0,"skipped":0,"pct":0},"functions":{"total":13,"covered":0,"skipped":0,"pct":0},"statements":{"total":33,"covered":0,"skipped":0,"pct":0},"branches":{"total":0,"covered":0,"skipped":0,"pct":100}}
,"/Users/lakhdari/Desktop/AppFoot/backend/src/modules/notifications/notifications.service.ts": {"lines":{"total":79,"covered":0,"skipped":0,"pct":0},"functions":{"total":15,"covered":0,"skipped":0,"pct":0},"statements":{"total":82,"covered":0,"skipped":0,"pct":0},"branches":{"total":43,"covered":0,"skipped":0,"pct":0}}
,"/Users/lakhdari/Desktop/AppFoot/backend/src/modules/onboarding/onboarding.config.ts": {"lines":{"total":14,"covered":0,"skipped":0,"pct":0},"functions":{"total":2,"covered":0,"skipped":0,"pct":0},"statements":{"total":14,"covered":0,"skipped":0,"pct":0},"branches":{"total":6,"covered":0,"skipped":0,"pct":0}}
,"/Users/lakhdari/Desktop/AppFoot/backend/src/modules/onboarding/onboarding.controller.ts": {"lines":{"total":26,"covered":0,"skipped":0,"pct":0},"functions":{"total":10,"covered":0,"skipped":0,"pct":0},"statements":{"total":28,"covered":0,"skipped":0,"pct":0},"branches":{"total":0,"covered":0,"skipped":0,"pct":100}}
,"/Users/lakhdari/Desktop/AppFoot/backend/src/modules/onboarding/onboarding.service.ts": {"lines":{"total":78,"covered":0,"skipped":0,"pct":0},"functions":{"total":23,"covered":0,"skipped":0,"pct":0},"statements":{"total":85,"covered":0,"skipped":0,"pct":0},"branches":{"total":49,"covered":0,"skipped":0,"pct":0}}
,"/Users/lakhdari/Desktop/AppFoot/backend/src/modules/payments/payments.controller.ts": {"lines":{"total":18,"covered":0,"skipped":0,"pct":0},"functions":{"total":6,"covered":0,"skipped":0,"pct":0},"statements":{"total":20,"covered":0,"skipped":0,"pct":0},"branches":{"total":0,"covered":0,"skipped":0,"pct":100}}
,"/Users/lakhdari/Desktop/AppFoot/backend/src/modules/payments/payments.service.ts": {"lines":{"total":73,"covered":0,"skipped":0,"pct":0},"functions":{"total":10,"covered":0,"skipped":0,"pct":0},"statements":{"total":75,"covered":0,"skipped":0,"pct":0},"branches":{"total":35,"covered":0,"skipped":0,"pct":0}}
,"/Users/lakhdari/Desktop/AppFoot/backend/src/modules/performance-predictor/performance-predictor.controller.ts": {"lines":{"total":21,"covered":0,"skipped":0,"pct":0},"functions":{"total":8,"covered":0,"skipped":0,"pct":0},"statements":{"total":23,"covered":0,"skipped":0,"pct":0},"branches":{"total":0,"covered":0,"skipped":0,"pct":100}}
,"/Users/lakhdari/Desktop/AppFoot/backend/src/modules/performance-predictor/performance-predictor.service.ts": {"lines":{"total":112,"covered":0,"skipped":0,"pct":0},"functions":{"total":37,"covered":0,"skipped":0,"pct":0},"statements":{"total":133,"covered":0,"skipped":0,"pct":0},"branches":{"total":57,"covered":0,"skipped":0,"pct":0}}
,"/Users/lakhdari/Desktop/AppFoot/backend/src/modules/player-validation/bulk-import.service.ts": {"lines":{"total":118,"covered":0,"skipped":0,"pct":0},"functions":{"total":12,"covered":0,"skipped":0,"pct":0},"statements":{"total":127,"covered":0,"skipped":0,"pct":0},"branches":{"total":92,"covered":0,"skipped":0,"pct":0}}
,"/Users/lakhdari/Desktop/AppFoot/backend/src/modules/player-validation/player-validation.controller.ts": {"lines":{"total":56,"covered":0,"skipped":0,"pct":0},"functions":{"total":12,"covered":0,"skipped":0,"pct":0},"statements":{"total":58,"covered":0,"skipped":0,"pct":0},"branches":{"total":19,"covered":0,"skipped":0,"pct":0}}
,"/Users/lakhdari/Desktop/AppFoot/backend/src/modules/player-validation/player-validation.service.ts": {"lines":{"total":81,"covered":0,"skipped":0,"pct":0},"functions":{"total":13,"covered":0,"skipped":0,"pct":0},"statements":{"total":83,"covered":0,"skipped":0,"pct":0},"branches":{"total":38,"covered":0,"skipped":0,"pct":0}}
,"/Users/lakhdari/Desktop/AppFoot/backend/src/modules/players/players.controller.ts": {"lines":{"total":23,"covered":0,"skipped":0,"pct":0},"functions":{"total":8,"covered":0,"skipped":0,"pct":0},"statements":{"total":25,"covered":0,"skipped":0,"pct":0},"branches":{"total":0,"covered":0,"skipped":0,"pct":100}}
,"/Users/lakhdari/Desktop/AppFoot/backend/src/modules/players/players.service.ts": {"lines":{"total":100,"covered":0,"skipped":0,"pct":0},"functions":{"total":9,"covered":0,"skipped":0,"pct":0},"statements":{"total":113,"covered":0,"skipped":0,"pct":0},"branches":{"total":79,"covered":0,"skipped":0,"pct":0}}
,"/Users/lakhdari/Desktop/AppFoot/backend/src/modules/playstyle-dna/playstyle-dna.controller.ts": {"lines":{"total":18,"covered":0,"skipped":0,"pct":0},"functions":{"total":6,"covered":0,"skipped":0,"pct":0},"statements":{"total":20,"covered":0,"skipped":0,"pct":0},"branches":{"total":2,"covered":0,"skipped":0,"pct":0}}
,"/Users/lakhdari/Desktop/AppFoot/backend/src/modules/playstyle-dna/playstyle-dna.service.ts": {"lines":{"total":144,"covered":0,"skipped":0,"pct":0},"functions":{"total":48,"covered":0,"skipped":0,"pct":0},"statements":{"total":154,"covered":0,"skipped":0,"pct":0},"branches":{"total":53,"covered":0,"skipped":0,"pct":0}}
,"/Users/lakhdari/Desktop/AppFoot/backend/src/modules/prisma/prisma.service.ts": {"lines":{"total":7,"covered":3,"skipped":0,"pct":42.85},"functions":{"total":3,"covered":0,"skipped":0,"pct":0},"statements":{"total":9,"covered":5,"skipped":0,"pct":55.55},"branches":{"total":0,"covered":0,"skipped":0,"pct":100}}
,"/Users/lakhdari/Desktop/AppFoot/backend/src/modules/scouting-reports/scouting-reports.controller.ts": {"lines":{"total":31,"covered":0,"skipped":0,"pct":0},"functions":{"total":11,"covered":0,"skipped":0,"pct":0},"statements":{"total":33,"covered":0,"skipped":0,"pct":0},"branches":{"total":4,"covered":0,"skipped":0,"pct":0}}
,"/Users/lakhdari/Desktop/AppFoot/backend/src/modules/scouting-reports/scouting-reports.service.ts": {"lines":{"total":47,"covered":0,"skipped":0,"pct":0},"functions":{"total":12,"covered":0,"skipped":0,"pct":0},"statements":{"total":54,"covered":0,"skipped":0,"pct":0},"branches":{"total":22,"covered":0,"skipped":0,"pct":0}}
,"/Users/lakhdari/Desktop/AppFoot/backend/src/modules/search/search.controller.ts": {"lines":{"total":10,"covered":0,"skipped":0,"pct":0},"functions":{"total":3,"covered":0,"skipped":0,"pct":0},"statements":{"total":12,"covered":0,"skipped":0,"pct":0},"branches":{"total":2,"covered":0,"skipped":0,"pct":0}}
,"/Users/lakhdari/Desktop/AppFoot/backend/src/modules/search/search.service.ts": {"lines":{"total":28,"covered":0,"skipped":0,"pct":0},"functions":{"total":10,"covered":0,"skipped":0,"pct":0},"statements":{"total":30,"covered":0,"skipped":0,"pct":0},"branches":{"total":11,"covered":0,"skipped":0,"pct":0}}
,"/Users/lakhdari/Desktop/AppFoot/backend/src/modules/smart-scout/smart-scout.controller.ts": {"lines":{"total":25,"covered":0,"skipped":0,"pct":0},"functions":{"total":6,"covered":0,"skipped":0,"pct":0},"statements":{"total":27,"covered":0,"skipped":0,"pct":0},"branches":{"total":4,"covered":0,"skipped":0,"pct":0}}
,"/Users/lakhdari/Desktop/AppFoot/backend/src/modules/smart-scout/smart-scout.service.ts": {"lines":{"total":182,"covered":0,"skipped":0,"pct":0},"functions":{"total":35,"covered":0,"skipped":0,"pct":0},"statements":{"total":203,"covered":0,"skipped":0,"pct":0},"branches":{"total":130,"covered":0,"skipped":0,"pct":0}}
,"/Users/lakhdari/Desktop/AppFoot/backend/src/modules/stripe/stripe.service.ts": {"lines":{"total":43,"covered":0,"skipped":0,"pct":0},"functions":{"total":10,"covered":0,"skipped":0,"pct":0},"statements":{"total":45,"covered":0,"skipped":0,"pct":0},"branches":{"total":11,"covered":0,"skipped":0,"pct":0}}
,"/Users/lakhdari/Desktop/AppFoot/backend/src/modules/subscriptions/subscription-pricing.config.ts": {"lines":{"total":19,"covered":0,"skipped":0,"pct":0},"functions":{"total":5,"covered":0,"skipped":0,"pct":0},"statements":{"total":20,"covered":0,"skipped":0,"pct":0},"branches":{"total":6,"covered":0,"skipped":0,"pct":0}}
,"/Users/lakhdari/Desktop/AppFoot/backend/src/modules/subscriptions/subscriptions.controller.ts": {"lines":{"total":21,"covered":0,"skipped":0,"pct":0},"functions":{"total":7,"covered":0,"skipped":0,"pct":0},"statements":{"total":23,"covered":0,"skipped":0,"pct":0},"branches":{"total":0,"covered":0,"skipped":0,"pct":100}}
,"/Users/lakhdari/Desktop/AppFoot/backend/src/modules/subscriptions/subscriptions.service.ts": {"lines":{"total":84,"covered":0,"skipped":0,"pct":0},"functions":{"total":12,"covered":0,"skipped":0,"pct":0},"statements":{"total":90,"covered":0,"skipped":0,"pct":0},"branches":{"total":55,"covered":0,"skipped":0,"pct":0}}
,"/Users/lakhdari/Desktop/AppFoot/backend/src/modules/supabase/supabase.service.ts": {"lines":{"total":36,"covered":0,"skipped":0,"pct":0},"functions":{"total":6,"covered":0,"skipped":0,"pct":0},"statements":{"total":38,"covered":0,"skipped":0,"pct":0},"branches":{"total":16,"covered":0,"skipped":0,"pct":0}}
,"/Users/lakhdari/Desktop/AppFoot/backend/src/modules/voice-to-report/voice-to-report.controller.ts": {"lines":{"total":30,"covered":0,"skipped":0,"pct":0},"functions":{"total":6,"covered":0,"skipped":0,"pct":0},"statements":{"total":32,"covered":0,"skipped":0,"pct":0},"branches":{"total":14,"covered":0,"skipped":0,"pct":0}}
,"/Users/lakhdari/Desktop/AppFoot/backend/src/modules/voice-to-report/voice-to-report.service.ts": {"lines":{"total":216,"covered":0,"skipped":0,"pct":0},"functions":{"total":25,"covered":0,"skipped":0,"pct":0},"statements":{"total":242,"covered":0,"skipped":0,"pct":0},"branches":{"total":140,"covered":0,"skipped":0,"pct":0}}
,"/Users/lakhdari/Desktop/AppFoot/backend/src/modules/websocket/websocket.gateway.ts": {"lines":{"total":103,"covered":0,"skipped":0,"pct":0},"functions":{"total":26,"covered":0,"skipped":0,"pct":0},"statements":{"total":105,"covered":0,"skipped":0,"pct":0},"branches":{"total":41,"covered":0,"skipped":0,"pct":0}}
,"/Users/lakhdari/Desktop/AppFoot/backend/src/passport/passport.controller.ts": {"lines":{"total":23,"covered":0,"skipped":0,"pct":0},"functions":{"total":7,"covered":0,"skipped":0,"pct":0},"statements":{"total":25,"covered":0,"skipped":0,"pct":0},"branches":{"total":0,"covered":0,"skipped":0,"pct":100}}
,"/Users/lakhdari/Desktop/AppFoot/backend/src/passport/passport.service.ts": {"lines":{"total":39,"covered":0,"skipped":0,"pct":0},"functions":{"total":8,"covered":0,"skipped":0,"pct":0},"statements":{"total":41,"covered":0,"skipped":0,"pct":0},"branches":{"total":22,"covered":0,"skipped":0,"pct":0}}
,"/Users/lakhdari/Desktop/AppFoot/backend/src/scripts/seed-public-players.ts": {"lines":{"total":29,"covered":0,"skipped":0,"pct":0},"functions":{"total":4,"covered":0,"skipped":0,"pct":0},"statements":{"total":29,"covered":0,"skipped":0,"pct":0},"branches":{"total":18,"covered":0,"skipped":0,"pct":0}}
,"/Users/lakhdari/Desktop/AppFoot/backend/src/scripts/test-all-systems.ts": {"lines":{"total":255,"covered":0,"skipped":0,"pct":0},"functions":{"total":52,"covered":0,"skipped":0,"pct":0},"statements":{"total":259,"covered":0,"skipped":0,"pct":0},"branches":{"total":89,"covered":0,"skipped":0,"pct":0}}
,"/Users/lakhdari/Desktop/AppFoot/backend/src/scripts/test-arkane-match.ts": {"lines":{"total":113,"covered":0,"skipped":0,"pct":0},"functions":{"total":11,"covered":0,"skipped":0,"pct":0},"statements":{"total":118,"covered":0,"skipped":0,"pct":0},"branches":{"total":56,"covered":0,"skipped":0,"pct":0}}
,"/Users/lakhdari/Desktop/AppFoot/backend/src/scripts/test-validation-system.ts": {"lines":{"total":203,"covered":0,"skipped":0,"pct":0},"functions":{"total":45,"covered":0,"skipped":0,"pct":0},"statements":{"total":215,"covered":0,"skipped":0,"pct":0},"branches":{"total":81,"covered":0,"skipped":0,"pct":0}}
,"/Users/lakhdari/Desktop/AppFoot/backend/src/scripts/test-voice-to-report.ts": {"lines":{"total":89,"covered":0,"skipped":0,"pct":0},"functions":{"total":7,"covered":0,"skipped":0,"pct":0},"statements":{"total":93,"covered":0,"skipped":0,"pct":0},"branches":{"total":40,"covered":0,"skipped":0,"pct":0}}
}
