TN:
SF:src/common/decorators/check-ownership.decorator.ts
FN:8,(anonymous_0)
FN:9,(anonymous_1)
FNF:2
FNH:0
FNDA:0,(anonymous_0)
FNDA:0,(anonymous_1)
DA:1,0
DA:8,0
DA:9,0
DA:10,0
DA:11,0
LF:5
LH:0
BRDA:8,0,0,0
BRDA:8,1,0,0
BRF:2
BRH:0
end_of_record
TN:
SF:src/common/decorators/min-tier.decorator.ts
FN:17,(anonymous_0)
FNF:1
FNH:0
FNDA:0,(anonymous_0)
DA:1,0
DA:3,0
DA:17,0
LF:3
LH:0
BRF:0
BRH:0
end_of_record
TN:
SF:src/common/decorators/roles.decorator.ts
FN:3,(anonymous_0)
FNF:1
FNH:0
FNDA:0,(anonymous_0)
DA:1,0
DA:3,0
LF:2
LH:0
BRF:0
BRH:0
end_of_record
TN:
SF:src/common/guards/ai-throttler.guard.ts
FN:11,(anonymous_1)
FNF:1
FNH:0
FNDA:0,(anonymous_1)
DA:1,0
DA:2,0
DA:10,0
DA:13,0
LF:4
LH:0
BRDA:13,0,0,0
BRDA:13,0,1,0
BRDA:13,1,0,0
BRDA:13,1,1,0
BRF:4
BRH:0
end_of_record
TN:
SF:src/common/guards/auth-throttler.guard.ts
FN:12,(anonymous_1)
FNF:1
FNH:0
FNDA:0,(anonymous_1)
DA:1,0
DA:2,0
DA:11,0
DA:14,0
LF:4
LH:0
BRDA:14,0,0,0
BRDA:14,0,1,0
BRF:2
BRH:0
end_of_record
TN:
SF:src/common/guards/jwt-auth.guard.ts
FNF:0
FNH:0
DA:1,1
DA:2,1
DA:5,1
LF:3
LH:3
BRF:0
BRH:0
end_of_record
TN:
SF:src/common/guards/optional-jwt-auth.guard.ts
FN:11,(anonymous_1)
FNF:1
FNH:0
FNDA:0,(anonymous_1)
DA:1,0
DA:2,0
DA:10,0
DA:14,0
LF:4
LH:0
BRF:0
BRH:0
end_of_record
TN:
SF:src/common/guards/ownership.guard.ts
FN:7,(anonymous_2)
FN:12,(anonymous_3)
FNF:2
FNH:0
FNDA:0,(anonymous_2)
FNDA:0,(anonymous_3)
DA:1,0
DA:2,0
DA:3,0
DA:6,0
DA:8,0
DA:9,0
DA:13,0
DA:14,0
DA:16,0
DA:17,0
DA:21,0
DA:22,0
DA:26,0
DA:27,0
DA:29,0
DA:31,0
DA:32,0
DA:36,0
DA:38,0
DA:39,0
DA:41,0
DA:43,0
DA:48,0
DA:49,0
DA:51,0
DA:53,0
DA:60,0
DA:61,0
DA:65,0
LF:29
LH:0
BRDA:16,0,0,0
BRDA:16,0,1,0
BRDA:21,1,0,0
BRDA:21,1,1,0
BRDA:21,2,0,0
BRDA:21,2,1,0
BRDA:29,3,0,0
BRDA:29,3,1,0
BRDA:31,4,0,0
BRDA:31,4,1,0
BRDA:36,5,0,0
BRDA:36,5,1,0
BRDA:38,6,0,0
BRDA:38,6,1,0
BRDA:41,7,0,0
BRDA:41,7,1,0
BRDA:48,8,0,0
BRDA:48,8,1,0
BRDA:48,9,0,0
BRDA:48,9,1,0
BRDA:51,10,0,0
BRDA:51,10,1,0
BRDA:60,11,0,0
BRDA:60,11,1,0
BRF:24
BRH:0
end_of_record
TN:
SF:src/common/guards/roles.guard.ts
FN:6,(anonymous_2)
FN:8,(anonymous_3)
FNF:2
FNH:0
FNDA:0,(anonymous_2)
FNDA:0,(anonymous_3)
DA:1,0
DA:2,0
DA:5,0
DA:6,0
DA:9,0
DA:11,0
DA:12,0
DA:15,0
DA:16,0
DA:18,0
LF:10
LH:0
BRDA:11,0,0,0
BRDA:11,0,1,0
BRF:2
BRH:0
end_of_record
TN:
SF:src/common/guards/subscription-tier.guard.ts
FN:10,(anonymous_2)
FN:15,(anonymous_3)
FNF:2
FNH:0
FNDA:0,(anonymous_2)
FNDA:0,(anonymous_3)
DA:1,0
DA:2,0
DA:4,0
DA:6,0
DA:9,0
DA:11,0
DA:12,0
DA:16,0
DA:21,0
DA:22,0
DA:25,0
DA:26,0
DA:28,0
DA:29,0
DA:32,0
DA:34,0
DA:35,0
DA:40,0
LF:18
LH:0
BRDA:21,0,0,0
BRDA:21,0,1,0
BRDA:28,1,0,0
BRDA:28,1,1,0
BRDA:28,2,0,0
BRDA:28,2,1,0
BRDA:34,3,0,0
BRDA:34,3,1,0
BRF:8
BRH:0
end_of_record
TN:
SF:src/common/interceptors/cache.interceptor.ts
FN:19,(anonymous_2)
FN:20,(anonymous_3)
FN:31,(anonymous_4)
FN:36,(anonymous_5)
FN:62,(anonymous_6)
FN:69,(anonymous_7)
FN:87,(anonymous_8)
FN:92,(anonymous_9)
FN:108,(anonymous_10)
FN:129,(anonymous_11)
FN:142,(anonymous_12)
FN:155,(anonymous_13)
FN:179,(anonymous_14)
FN:183,(anonymous_15)
FN:195,(anonymous_16)
FN:197,(anonymous_17)
FN:206,(anonymous_18)
FN:213,(anonymous_19)
FNF:18
FNH:0
FNDA:0,(anonymous_2)
FNDA:0,(anonymous_3)
FNDA:0,(anonymous_4)
FNDA:0,(anonymous_5)
FNDA:0,(anonymous_6)
FNDA:0,(anonymous_7)
FNDA:0,(anonymous_8)
FNDA:0,(anonymous_9)
FNDA:0,(anonymous_10)
FNDA:0,(anonymous_11)
FNDA:0,(anonymous_12)
FNDA:0,(anonymous_13)
FNDA:0,(anonymous_14)
FNDA:0,(anonymous_15)
FNDA:0,(anonymous_16)
FNDA:0,(anonymous_17)
FNDA:0,(anonymous_18)
FNDA:0,(anonymous_19)
DA:1,0
DA:8,0
DA:9,0
DA:10,0
DA:11,0
DA:13,0
DA:14,0
DA:19,0
DA:20,0
DA:21,0
DA:22,0
DA:23,0
DA:28,0
DA:29,0
DA:32,0
DA:33,0
DA:37,0
DA:38,0
DA:41,0
DA:42,0
DA:45,0
DA:46,0
DA:50,0
DA:53,0
DA:55,0
DA:56,0
DA:57,0
DA:61,0
DA:63,0
DA:64,0
DA:70,0
DA:71,0
DA:72,0
DA:73,0
DA:74,0
DA:76,0
DA:84,0
DA:85,0
DA:87,0
DA:94,0
DA:97,0
DA:98,0
DA:99,0
DA:100,0
DA:110,0
DA:112,0
DA:113,0
DA:117,0
DA:120,0
DA:122,0
DA:123,0
DA:130,0
DA:132,0
DA:133,0
DA:136,0
DA:143,0
DA:144,0
DA:145,0
DA:146,0
DA:148,0
DA:161,0
DA:163,0
DA:164,0
DA:168,0
DA:171,0
DA:173,0
DA:180,0
DA:182,0
DA:184,0
DA:185,0
DA:189,0
DA:196,0
DA:198,0
DA:207,0
DA:220,0
LF:75
LH:0
BRDA:19,0,0,0
BRDA:21,1,0,0
BRDA:21,1,1,0
BRDA:45,2,0,0
BRDA:45,2,1,0
BRDA:55,3,0,0
BRDA:55,3,1,0
BRDA:70,4,0,0
BRDA:70,4,1,0
BRDA:73,5,0,0
BRDA:73,5,1,0
BRDA:74,6,0,0
BRDA:74,6,1,0
BRDA:99,7,0,0
BRDA:99,7,1,0
BRDA:112,8,0,0
BRDA:112,8,1,0
BRDA:163,9,0,0
BRDA:163,9,1,0
BRF:19
BRH:0
end_of_record
TN:
SF:src/config/sentry.config.ts
FN:3,initSentry
FN:23,(anonymous_10)
FNF:2
FNH:0
FNDA:0,initSentry
FNDA:0,(anonymous_10)
DA:1,0
DA:3,0
DA:4,0
DA:25,0
DA:26,0
DA:28,0
DA:41,0
LF:7
LH:0
BRDA:17,0,0,0
BRDA:17,0,1,0
BRDA:20,1,0,0
BRDA:20,1,1,0
BRDA:25,2,0,0
BRDA:25,2,1,0
BRF:6
BRH:0
end_of_record
TN:
SF:src/health/health.controller.ts
FN:6,(anonymous_2)
FN:9,(anonymous_3)
FN:14,(anonymous_4)
FN:19,(anonymous_5)
FN:24,(anonymous_6)
FNF:5
FNH:0
FNDA:0,(anonymous_2)
FNDA:0,(anonymous_3)
FNDA:0,(anonymous_4)
FNDA:0,(anonymous_5)
FNDA:0,(anonymous_6)
DA:1,0
DA:2,0
DA:5,0
DA:6,0
DA:9,0
DA:10,0
DA:14,0
DA:15,0
DA:19,0
DA:20,0
DA:24,0
DA:25,0
LF:12
LH:0
BRF:0
BRH:0
end_of_record
TN:
SF:src/health/health.service.ts
FN:8,(anonymous_2)
FN:10,(anonymous_3)
FN:30,(anonymous_4)
FN:48,(anonymous_5)
FN:57,(anonymous_6)
FN:95,(anonymous_7)
FN:110,(anonymous_8)
FN:120,(anonymous_9)
FNF:8
FNH:0
FNDA:0,(anonymous_2)
FNDA:0,(anonymous_3)
FNDA:0,(anonymous_4)
FNDA:0,(anonymous_5)
FNDA:0,(anonymous_6)
FNDA:0,(anonymous_7)
FNDA:0,(anonymous_8)
FNDA:0,(anonymous_9)
DA:1,0
DA:2,0
DA:5,0
DA:6,0
DA:8,0
DA:11,0
DA:12,0
DA:13,0
DA:15,0
DA:17,0
DA:32,0
DA:34,0
DA:35,0
DA:42,0
DA:50,0
DA:58,0
DA:59,0
DA:68,0
DA:76,0
DA:96,0
DA:97,0
DA:98,0
DA:103,0
DA:111,0
DA:112,0
DA:121,0
DA:122,0
DA:123,0
DA:124,0
DA:125,0
DA:126,0
DA:128,0
LF:32
LH:0
BRDA:15,0,0,0
BRDA:15,0,1,0
BRDA:25,1,0,0
BRDA:25,1,1,0
BRDA:26,2,0,0
BRDA:26,2,1,0
BRDA:34,3,0,0
BRDA:34,3,1,0
BRF:8
BRH:0
end_of_record
TN:
SF:src/modules/ai/ai.controller.ts
FN:15,(anonymous_4)
FN:24,(anonymous_5)
FN:35,(anonymous_6)
FN:45,(anonymous_7)
FN:78,(anonymous_8)
FN:110,(anonymous_9)
FN:145,(anonymous_10)
FN:172,(anonymous_11)
FNF:8
FNH:0
FNDA:0,(anonymous_4)
FNDA:0,(anonymous_5)
FNDA:0,(anonymous_6)
FNDA:0,(anonymous_7)
FNDA:0,(anonymous_8)
FNDA:0,(anonymous_9)
FNDA:0,(anonymous_10)
FNDA:0,(anonymous_11)
DA:1,0
DA:2,0
DA:3,0
DA:4,0
DA:5,0
DA:6,0
DA:7,0
DA:14,0
DA:15,0
DA:24,0
DA:25,0
DA:35,0
DA:36,0
DA:45,0
DA:46,0
DA:78,0
DA:79,0
DA:110,0
DA:111,0
DA:145,0
DA:146,0
DA:172,0
DA:173,0
LF:23
LH:0
BRF:0
BRH:0
end_of_record
TN:
SF:src/modules/ai/ai.service.ts
FN:15,(anonymous_2)
FN:25,(anonymous_3)
FN:51,(anonymous_4)
FN:107,(anonymous_5)
FN:118,(anonymous_6)
FN:119,(anonymous_7)
FN:125,(anonymous_8)
FN:170,(anonymous_9)
FN:210,(anonymous_10)
FN:251,(anonymous_11)
FN:268,(anonymous_12)
FN:278,(anonymous_13)
FN:291,(anonymous_14)
FN:352,(anonymous_15)
FN:360,(anonymous_16)
FN:363,(anonymous_17)
FN:373,(anonymous_18)
FN:374,(anonymous_19)
FN:377,(anonymous_20)
FN:378,(anonymous_21)
FN:383,(anonymous_22)
FN:393,(anonymous_23)
FN:411,(anonymous_24)
FN:423,(anonymous_25)
FN:424,(anonymous_26)
FN:431,(anonymous_27)
FN:451,(anonymous_28)
FN:460,(anonymous_29)
FN:470,(anonymous_30)
FN:474,(anonymous_31)
FN:479,(anonymous_32)
FN:487,(anonymous_33)
FN:497,(anonymous_34)
FN:508,(anonymous_35)
FN:525,(anonymous_36)
FN:531,(anonymous_37)
FN:536,(anonymous_38)
FN:543,(anonymous_39)
FN:545,(anonymous_40)
FN:553,(anonymous_41)
FN:556,(anonymous_42)
FN:559,(anonymous_43)
FN:562,(anonymous_44)
FN:563,(anonymous_45)
FN:569,(anonymous_46)
FN:585,(anonymous_47)
FN:591,(anonymous_48)
FN:602,(anonymous_49)
FN:615,(anonymous_50)
FN:617,(anonymous_51)
FNF:50
FNH:0
FNDA:0,(anonymous_2)
FNDA:0,(anonymous_3)
FNDA:0,(anonymous_4)
FNDA:0,(anonymous_5)
FNDA:0,(anonymous_6)
FNDA:0,(anonymous_7)
FNDA:0,(anonymous_8)
FNDA:0,(anonymous_9)
FNDA:0,(anonymous_10)
FNDA:0,(anonymous_11)
FNDA:0,(anonymous_12)
FNDA:0,(anonymous_13)
FNDA:0,(anonymous_14)
FNDA:0,(anonymous_15)
FNDA:0,(anonymous_16)
FNDA:0,(anonymous_17)
FNDA:0,(anonymous_18)
FNDA:0,(anonymous_19)
FNDA:0,(anonymous_20)
FNDA:0,(anonymous_21)
FNDA:0,(anonymous_22)
FNDA:0,(anonymous_23)
FNDA:0,(anonymous_24)
FNDA:0,(anonymous_25)
FNDA:0,(anonymous_26)
FNDA:0,(anonymous_27)
FNDA:0,(anonymous_28)
FNDA:0,(anonymous_29)
FNDA:0,(anonymous_30)
FNDA:0,(anonymous_31)
FNDA:0,(anonymous_32)
FNDA:0,(anonymous_33)
FNDA:0,(anonymous_34)
FNDA:0,(anonymous_35)
FNDA:0,(anonymous_36)
FNDA:0,(anonymous_37)
FNDA:0,(anonymous_38)
FNDA:0,(anonymous_39)
FNDA:0,(anonymous_40)
FNDA:0,(anonymous_41)
FNDA:0,(anonymous_42)
FNDA:0,(anonymous_43)
FNDA:0,(anonymous_44)
FNDA:0,(anonymous_45)
FNDA:0,(anonymous_46)
FNDA:0,(anonymous_47)
FNDA:0,(anonymous_48)
FNDA:0,(anonymous_49)
FNDA:0,(anonymous_50)
FNDA:0,(anonymous_51)
DA:1,0
DA:2,0
DA:4,0
DA:5,0
DA:6,0
DA:10,0
DA:11,0
DA:13,0
DA:16,0
DA:17,0
DA:18,0
DA:19,0
DA:21,0
DA:22,0
DA:26,0
DA:27,0
DA:34,0
DA:41,0
DA:42,0
DA:52,0
DA:54,0
DA:56,0
DA:57,0
DA:61,0
DA:64,0
DA:73,0
DA:75,0
DA:85,0
DA:93,0
DA:94,0
DA:108,0
DA:110,0
DA:111,0
DA:115,0
DA:119,0
DA:125,0
DA:131,0
DA:132,0
DA:140,0
DA:141,0
DA:150,0
DA:157,0
DA:158,0
DA:171,0
DA:172,0
DA:184,0
DA:185,0
DA:189,0
DA:200,0
DA:202,0
DA:203,0
DA:211,0
DA:220,0
DA:221,0
DA:225,0
DA:226,0
DA:227,0
DA:228,0
DA:230,0
DA:245,0
DA:252,0
DA:260,0
DA:261,0
DA:264,0
DA:268,0
DA:278,0
DA:280,0
DA:292,0
DA:300,0
DA:301,0
DA:304,0
DA:305,0
DA:308,0
DA:309,0
DA:310,0
DA:314,0
DA:315,0
DA:316,0
DA:317,0
DA:321,0
DA:322,0
DA:323,0
DA:324,0
DA:328,0
DA:329,0
DA:330,0
DA:334,0
DA:335,0
DA:336,0
DA:339,0
DA:353,0
DA:354,0
DA:360,0
DA:364,0
DA:365,0
DA:372,0
DA:373,0
DA:374,0
DA:376,0
DA:377,0
DA:378,0
DA:380,0
DA:384,0
DA:385,0
DA:387,0
DA:388,0
DA:389,0
DA:390,0
DA:394,0
DA:395,0
DA:396,0
DA:398,0
DA:401,0
DA:402,0
DA:405,0
DA:406,0
DA:408,0
DA:412,0
DA:413,0
DA:417,0
DA:418,0
DA:420,0
DA:423,0
DA:424,0
DA:426,0
DA:427,0
DA:428,0
DA:432,0
DA:433,0
DA:435,0
DA:436,0
DA:438,0
DA:439,0
DA:441,0
DA:442,0
DA:444,0
DA:445,0
DA:448,0
DA:452,0
DA:453,0
DA:455,0
DA:456,0
DA:457,0
DA:461,0
DA:462,0
DA:463,0
DA:464,0
DA:465,0
DA:466,0
DA:467,0
DA:471,0
DA:476,0
DA:480,0
DA:481,0
DA:482,0
DA:483,0
DA:484,0
DA:488,0
DA:489,0
DA:490,0
DA:491,0
DA:492,0
DA:493,0
DA:498,0
DA:499,0
DA:501,0
DA:510,0
DA:513,0
DA:514,0
DA:517,0
DA:520,0
DA:522,0
DA:527,0
DA:528,0
DA:533,0
DA:537,0
DA:538,0
DA:539,0
DA:540,0
DA:545,0
DA:547,0
DA:548,0
DA:549,0
DA:550,0
DA:554,0
DA:556,0
DA:559,0
DA:562,0
DA:563,0
DA:564,0
DA:566,0
DA:571,0
DA:585,0
DA:586,0
DA:593,0
DA:594,0
DA:599,0
DA:603,0
DA:604,0
DA:605,0
DA:606,0
DA:608,0
DA:609,0
DA:612,0
DA:616,0
DA:617,0
DA:619,0
DA:620,0
DA:627,0
DA:628,0
DA:631,0
DA:633,0
LF:212
LH:0
BRDA:22,0,0,0
BRDA:22,0,1,0
BRDA:36,1,0,0
BRDA:36,1,1,0
BRDA:37,2,0,0
BRDA:37,2,1,0
BRDA:56,3,0,0
BRDA:56,3,1,0
BRDA:61,4,0,0
BRDA:61,4,1,0
BRDA:107,5,0,0
BRDA:108,6,0,0
BRDA:108,6,1,0
BRDA:110,7,0,0
BRDA:110,7,1,0
BRDA:119,8,0,0
BRDA:119,8,1,0
BRDA:122,9,0,0
BRDA:122,9,1,0
BRDA:125,10,0,0
BRDA:125,10,1,0
BRDA:128,11,0,0
BRDA:128,11,1,0
BRDA:131,12,0,0
BRDA:131,12,1,0
BRDA:131,13,0,0
BRDA:131,13,1,0
BRDA:184,14,0,0
BRDA:184,14,1,0
BRDA:220,15,0,0
BRDA:220,15,1,0
BRDA:260,16,0,0
BRDA:260,16,1,0
BRDA:300,17,0,0
BRDA:300,17,1,0
BRDA:308,18,0,0
BRDA:308,18,1,0
BRDA:308,19,0,0
BRDA:308,19,1,0
BRDA:314,20,0,0
BRDA:314,20,1,0
BRDA:315,21,0,0
BRDA:315,21,1,0
BRDA:322,22,0,0
BRDA:322,22,1,0
BRDA:328,23,0,0
BRDA:328,23,1,0
BRDA:334,24,0,0
BRDA:334,24,1,0
BRDA:344,25,0,0
BRDA:344,25,1,0
BRDA:345,26,0,0
BRDA:345,26,1,0
BRDA:353,27,0,0
BRDA:353,27,1,0
BRDA:355,28,0,0
BRDA:355,28,1,0
BRDA:356,29,0,0
BRDA:356,29,1,0
BRDA:357,30,0,0
BRDA:357,30,1,0
BRDA:358,31,0,0
BRDA:358,31,1,0
BRDA:364,32,0,0
BRDA:364,32,1,0
BRDA:366,33,0,0
BRDA:366,33,1,0
BRDA:367,34,0,0
BRDA:367,34,1,0
BRDA:368,35,0,0
BRDA:368,35,1,0
BRDA:369,36,0,0
BRDA:369,36,1,0
BRDA:387,37,0,0
BRDA:387,37,1,0
BRDA:388,38,0,0
BRDA:388,38,1,0
BRDA:389,39,0,0
BRDA:389,39,1,0
BRDA:401,40,0,0
BRDA:401,40,1,0
BRDA:402,41,0,0
BRDA:402,41,1,0
BRDA:405,42,0,0
BRDA:405,42,1,0
BRDA:406,43,0,0
BRDA:406,43,1,0
BRDA:412,44,0,0
BRDA:412,44,1,0
BRDA:412,45,0,0
BRDA:412,45,1,0
BRDA:420,46,0,0
BRDA:420,46,1,0
BRDA:423,47,0,0
BRDA:423,47,1,0
BRDA:424,48,0,0
BRDA:424,48,1,0
BRDA:426,49,0,0
BRDA:426,49,1,0
BRDA:427,50,0,0
BRDA:427,50,1,0
BRDA:433,51,0,0
BRDA:433,51,1,0
BRDA:435,52,0,0
BRDA:435,52,1,0
BRDA:438,53,0,0
BRDA:438,53,1,0
BRDA:441,54,0,0
BRDA:441,54,1,0
BRDA:444,55,0,0
BRDA:444,55,1,0
BRDA:453,56,0,0
BRDA:453,56,1,0
BRDA:455,57,0,0
BRDA:455,57,1,0
BRDA:455,58,0,0
BRDA:455,58,1,0
BRDA:456,59,0,0
BRDA:456,59,1,0
BRDA:456,60,0,0
BRDA:456,60,1,0
BRDA:462,61,0,0
BRDA:462,61,1,0
BRDA:463,62,0,0
BRDA:463,62,1,0
BRDA:464,63,0,0
BRDA:464,63,1,0
BRDA:465,64,0,0
BRDA:465,64,1,0
BRDA:466,65,0,0
BRDA:466,65,1,0
BRDA:481,66,0,0
BRDA:481,66,1,0
BRDA:482,67,0,0
BRDA:482,67,1,0
BRDA:483,68,0,0
BRDA:483,68,1,0
BRDA:488,69,0,0
BRDA:488,69,1,0
BRDA:488,69,2,0
BRDA:488,69,3,0
BRDA:488,69,4,0
BRDA:504,70,0,0
BRDA:504,70,1,0
BRDA:517,71,0,0
BRDA:517,71,1,0
BRDA:538,72,0,0
BRDA:538,72,1,0
BRDA:538,73,0,0
BRDA:538,73,1,0
BRDA:539,74,0,0
BRDA:539,74,1,0
BRDA:545,75,0,0
BRDA:545,75,1,0
BRDA:547,76,0,0
BRDA:547,76,1,0
BRDA:548,77,0,0
BRDA:548,77,1,0
BRDA:549,78,0,0
BRDA:549,78,1,0
BRDA:554,79,0,0
BRDA:554,79,1,0
BRDA:559,80,0,0
BRDA:559,80,1,0
BRDA:564,81,0,0
BRDA:564,81,1,0
BRDA:586,82,0,0
BRDA:586,82,1,0
BRDA:594,83,0,0
BRDA:594,83,1,0
BRDA:594,84,0,0
BRDA:594,84,1,0
BRDA:608,85,0,0
BRDA:608,85,1,0
BRDA:608,86,0,0
BRDA:608,86,1,0
BRDA:608,86,2,0
BRDA:627,87,0,0
BRDA:627,87,1,0
BRF:179
BRH:0
end_of_record
TN:
SF:src/modules/analytics/analytics.controller.ts
FN:11,(anonymous_4)
FN:20,(anonymous_5)
FN:30,(anonymous_6)
FN:40,(anonymous_7)
FN:50,(anonymous_8)
FN:60,(anonymous_9)
FN:70,(anonymous_10)
FN:81,(anonymous_11)
FNF:8
FNH:0
FNDA:0,(anonymous_4)
FNDA:0,(anonymous_5)
FNDA:0,(anonymous_6)
FNDA:0,(anonymous_7)
FNDA:0,(anonymous_8)
FNDA:0,(anonymous_9)
FNDA:0,(anonymous_10)
FNDA:0,(anonymous_11)
DA:1,0
DA:2,0
DA:3,0
DA:4,0
DA:10,0
DA:11,0
DA:20,0
DA:21,0
DA:30,0
DA:31,0
DA:40,0
DA:41,0
DA:50,0
DA:51,0
DA:60,0
DA:61,0
DA:70,0
DA:71,0
DA:81,0
DA:82,0
LF:20
LH:0
BRDA:82,0,0,0
BRDA:82,0,1,0
BRF:2
BRH:0
end_of_record
TN:
SF:src/modules/analytics/analytics.service.ts
FN:6,(anonymous_2)
FN:11,(anonymous_3)
FN:72,(anonymous_4)
FN:104,(anonymous_5)
FN:110,(anonymous_6)
FN:112,(anonymous_7)
FN:138,(anonymous_8)
FN:139,(anonymous_9)
FN:140,(anonymous_10)
FN:153,(anonymous_11)
FN:198,(anonymous_12)
FN:207,(anonymous_13)
FN:263,(anonymous_14)
FN:278,(anonymous_15)
FN:310,(anonymous_16)
FN:318,(anonymous_17)
FN:328,(anonymous_18)
FN:351,(anonymous_19)
FN:360,(anonymous_20)
FN:401,(anonymous_21)
FN:402,(anonymous_22)
FN:403,(anonymous_23)
FN:404,(anonymous_24)
FNF:23
FNH:0
FNDA:0,(anonymous_2)
FNDA:0,(anonymous_3)
FNDA:0,(anonymous_4)
FNDA:0,(anonymous_5)
FNDA:0,(anonymous_6)
FNDA:0,(anonymous_7)
FNDA:0,(anonymous_8)
FNDA:0,(anonymous_9)
FNDA:0,(anonymous_10)
FNDA:0,(anonymous_11)
FNDA:0,(anonymous_12)
FNDA:0,(anonymous_13)
FNDA:0,(anonymous_14)
FNDA:0,(anonymous_15)
FNDA:0,(anonymous_16)
FNDA:0,(anonymous_17)
FNDA:0,(anonymous_18)
FNDA:0,(anonymous_19)
FNDA:0,(anonymous_20)
FNDA:0,(anonymous_21)
FNDA:0,(anonymous_22)
FNDA:0,(anonymous_23)
FNDA:0,(anonymous_24)
DA:1,0
DA:2,0
DA:5,0
DA:6,0
DA:21,0
DA:33,0
DA:34,0
DA:41,0
DA:48,0
DA:74,0
DA:80,0
DA:86,0
DA:94,0
DA:103,0
DA:105,0
DA:106,0
DA:107,0
DA:108,0
DA:110,0
DA:112,0
DA:113,0
DA:114,0
DA:117,0
DA:137,0
DA:138,0
DA:139,0
DA:140,0
DA:154,0
DA:157,0
DA:165,0
DA:187,0
DA:196,0
DA:198,0
DA:209,0
DA:215,0
DA:228,0
DA:255,0
DA:256,0
DA:258,0
DA:262,0
DA:263,0
DA:280,0
DA:285,0
DA:286,0
DA:289,0
DA:293,0
DA:296,0
DA:308,0
DA:309,0
DA:310,0
DA:311,0
DA:312,0
DA:314,0
DA:317,0
DA:318,0
DA:329,0
DA:332,0
DA:337,0
DA:343,0
DA:348,0
DA:351,0
DA:361,0
DA:362,0
DA:365,0
DA:401,0
DA:402,0
DA:403,0
DA:404,0
DA:407,0
DA:408,0
DA:409,0
DA:410,0
DA:411,0
DA:413,0
DA:422,0
LF:75
LH:0
BRDA:105,0,0,0
BRDA:105,0,1,0
BRDA:112,1,0,0
BRDA:112,1,1,0
BRDA:113,2,0,0
BRDA:113,2,1,0
BRDA:114,3,0,0
BRDA:114,3,1,0
BRDA:293,4,0,0
BRDA:293,4,1,0
BRDA:309,5,0,0
BRDA:309,5,1,0
BRDA:360,6,0,0
BRDA:415,7,0,0
BRDA:415,7,1,0
BRDA:416,8,0,0
BRDA:416,8,1,0
BRDA:417,9,0,0
BRDA:417,9,1,0
BRDA:418,10,0,0
BRDA:418,10,1,0
BRF:21
BRH:0
end_of_record
TN:
SF:src/modules/arkane-match/arkane-match.controller.ts
FN:35,(anonymous_4)
FN:70,(anonymous_5)
FN:95,(anonymous_6)
FN:143,(anonymous_7)
FN:164,(anonymous_8)
FN:180,(anonymous_9)
FNF:6
FNH:0
FNDA:0,(anonymous_4)
FNDA:0,(anonymous_5)
FNDA:0,(anonymous_6)
FNDA:0,(anonymous_7)
FNDA:0,(anonymous_8)
FNDA:0,(anonymous_9)
DA:1,0
DA:13,0
DA:20,0
DA:21,0
DA:22,0
DA:23,0
DA:34,0
DA:35,0
DA:70,0
DA:71,0
DA:95,0
DA:96,0
DA:98,0
DA:99,0
DA:105,0
DA:106,0
DA:112,0
DA:143,0
DA:144,0
DA:146,0
DA:164,0
DA:165,0
DA:180,0
DA:181,0
LF:24
LH:0
BRDA:98,0,0,0
BRDA:98,0,1,0
BRDA:105,1,0,0
BRDA:105,1,1,0
BRF:4
BRH:0
end_of_record
TN:
SF:src/modules/arkane-match/arkane-match.service.ts
FN:60,(anonymous_2)
FN:69,(anonymous_3)
FN:109,(anonymous_4)
FN:112,(anonymous_5)
FN:158,(anonymous_6)
FN:170,(anonymous_7)
FN:184,(anonymous_8)
FN:212,(anonymous_9)
FN:218,(anonymous_10)
FN:225,(anonymous_11)
FN:231,(anonymous_12)
FN:239,(anonymous_13)
FN:245,(anonymous_14)
FN:256,(anonymous_15)
FN:263,(anonymous_16)
FN:272,(anonymous_17)
FN:319,(anonymous_18)
FN:336,(anonymous_19)
FN:348,(anonymous_20)
FN:372,(anonymous_21)
FN:401,(anonymous_22)
FN:421,(anonymous_23)
FN:468,(anonymous_24)
FN:491,(anonymous_25)
FN:506,(anonymous_26)
FN:527,(anonymous_27)
FN:562,(anonymous_28)
FN:577,(anonymous_29)
FNF:28
FNH:0
FNDA:0,(anonymous_2)
FNDA:0,(anonymous_3)
FNDA:0,(anonymous_4)
FNDA:0,(anonymous_5)
FNDA:0,(anonymous_6)
FNDA:0,(anonymous_7)
FNDA:0,(anonymous_8)
FNDA:0,(anonymous_9)
FNDA:0,(anonymous_10)
FNDA:0,(anonymous_11)
FNDA:0,(anonymous_12)
FNDA:0,(anonymous_13)
FNDA:0,(anonymous_14)
FNDA:0,(anonymous_15)
FNDA:0,(anonymous_16)
FNDA:0,(anonymous_17)
FNDA:0,(anonymous_18)
FNDA:0,(anonymous_19)
FNDA:0,(anonymous_20)
FNDA:0,(anonymous_21)
FNDA:0,(anonymous_22)
FNDA:0,(anonymous_23)
FNDA:0,(anonymous_24)
FNDA:0,(anonymous_25)
FNDA:0,(anonymous_26)
FNDA:0,(anonymous_27)
FNDA:0,(anonymous_28)
FNDA:0,(anonymous_29)
DA:1,0
DA:2,0
DA:3,0
DA:4,0
DA:5,0
DA:7,0
DA:20,0
DA:21,0
DA:22,0
DA:23,0
DA:26,0
DA:34,0
DA:49,0
DA:61,0
DA:62,0
DA:63,0
DA:70,0
DA:72,0
DA:76,0
DA:77,0
DA:80,0
DA:81,0
DA:85,0
DA:90,0
DA:93,0
DA:94,0
DA:97,0
DA:98,0
DA:100,0
DA:104,0
DA:105,0
DA:106,0
DA:109,0
DA:112,0
DA:116,0
DA:125,0
DA:128,0
DA:135,0
DA:136,0
DA:139,0
DA:141,0
DA:150,0
DA:151,0
DA:160,0
DA:161,0
DA:164,0
DA:171,0
DA:173,0
DA:174,0
DA:177,0
DA:178,0
DA:185,0
DA:186,0
DA:188,0
DA:213,0
DA:216,0
DA:217,0
DA:218,0
DA:219,0
DA:224,0
DA:225,0
DA:226,0
DA:230,0
DA:231,0
DA:232,0
DA:236,0
DA:237,0
DA:239,0
DA:240,0
DA:244,0
DA:245,0
DA:246,0
DA:250,0
DA:257,0
DA:258,0
DA:261,0
DA:262,0
DA:263,0
DA:264,0
DA:267,0
DA:270,0
DA:271,0
DA:272,0
DA:273,0
DA:278,0
DA:279,0
DA:280,0
DA:281,0
DA:282,0
DA:287,0
DA:290,0
DA:291,0
DA:292,0
DA:293,0
DA:297,0
DA:298,0
DA:299,0
DA:303,0
DA:304,0
DA:308,0
DA:317,0
DA:318,0
DA:319,0
DA:320,0
DA:323,0
DA:326,0
DA:334,0
DA:335,0
DA:336,0
DA:337,0
DA:340,0
DA:342,0
DA:349,0
DA:350,0
DA:362,0
DA:364,0
DA:365,0
DA:379,0
DA:382,0
DA:385,0
DA:388,0
DA:391,0
DA:394,0
DA:402,0
DA:403,0
DA:407,0
DA:408,0
DA:409,0
DA:410,0
DA:411,0
DA:412,0
DA:414,0
DA:416,0
DA:421,0
DA:422,0
DA:423,0
DA:424,0
DA:425,0
DA:427,0
DA:429,0
DA:430,0
DA:433,0
DA:435,0
DA:436,0
DA:439,0
DA:440,0
DA:443,0
DA:444,0
DA:447,0
DA:448,0
DA:451,0
DA:452,0
DA:455,0
DA:458,0
DA:459,0
DA:462,0
DA:469,0
DA:471,0
DA:473,0
DA:474,0
DA:477,0
DA:478,0
DA:481,0
DA:482,0
DA:485,0
DA:486,0
DA:489,0
DA:490,0
DA:491,0
DA:492,0
DA:494,0
DA:495,0
DA:496,0
DA:497,0
DA:500,0
DA:507,0
DA:509,0
DA:510,0
DA:513,0
DA:514,0
DA:517,0
DA:518,0
DA:521,0
DA:528,0
DA:530,0
DA:531,0
DA:532,0
DA:535,0
DA:536,0
DA:539,0
DA:540,0
DA:543,0
DA:544,0
DA:547,0
DA:548,0
DA:552,0
DA:553,0
DA:556,0
DA:563,0
DA:579,0
DA:586,0
DA:589,0
DA:590,0
DA:591,0
LF:204
LH:0
BRDA:72,0,0,0
BRDA:72,0,1,0
BRDA:76,1,0,0
BRDA:76,1,1,0
BRDA:76,2,0,0
BRDA:76,2,1,0
BRDA:80,3,0,0
BRDA:80,3,1,0
BRDA:97,4,0,0
BRDA:97,4,1,0
BRDA:97,5,0,0
BRDA:97,5,1,0
BRDA:105,6,0,0
BRDA:105,6,1,0
BRDA:105,7,0,0
BRDA:105,7,1,0
BRDA:161,8,0,0
BRDA:161,8,1,0
BRDA:164,9,0,0
BRDA:164,9,1,0
BRDA:173,10,0,0
BRDA:173,10,1,0
BRDA:173,11,0,0
BRDA:173,11,1,0
BRDA:199,12,0,0
BRDA:199,12,1,0
BRDA:199,13,0,0
BRDA:199,13,1,0
BRDA:216,14,0,0
BRDA:216,14,1,0
BRDA:218,15,0,0
BRDA:218,15,1,0
BRDA:225,16,0,0
BRDA:225,16,1,0
BRDA:231,17,0,0
BRDA:231,17,1,0
BRDA:237,18,0,0
BRDA:237,18,1,0
BRDA:237,18,2,0
BRDA:237,18,3,0
BRDA:239,19,0,0
BRDA:239,19,1,0
BRDA:239,20,0,0
BRDA:239,20,1,0
BRDA:245,21,0,0
BRDA:245,21,1,0
BRDA:263,22,0,0
BRDA:263,22,1,0
BRDA:267,23,0,0
BRDA:267,23,1,0
BRDA:272,24,0,0
BRDA:272,24,1,0
BRDA:278,25,0,0
BRDA:278,25,1,0
BRDA:280,26,0,0
BRDA:280,26,1,0
BRDA:287,27,0,0
BRDA:287,27,1,0
BRDA:291,28,0,0
BRDA:291,28,1,0
BRDA:293,29,0,0
BRDA:293,29,1,0
BRDA:293,30,0,0
BRDA:293,30,1,0
BRDA:298,31,0,0
BRDA:298,31,1,0
BRDA:303,32,0,0
BRDA:303,32,1,0
BRDA:303,33,0,0
BRDA:303,33,1,0
BRDA:303,33,2,0
BRDA:319,34,0,0
BRDA:319,34,1,0
BRDA:323,35,0,0
BRDA:323,35,1,0
BRDA:336,36,0,0
BRDA:336,36,1,0
BRDA:340,37,0,0
BRDA:340,37,1,0
BRDA:362,38,0,0
BRDA:362,38,1,0
BRDA:379,39,0,0
BRDA:379,39,1,0
BRDA:379,39,2,0
BRDA:379,39,3,0
BRDA:379,39,4,0
BRDA:379,39,5,0
BRDA:402,40,0,0
BRDA:402,40,1,0
BRDA:408,41,0,0
BRDA:408,41,1,0
BRDA:408,42,0,0
BRDA:408,42,1,0
BRDA:409,43,0,0
BRDA:409,43,1,0
BRDA:410,44,0,0
BRDA:410,44,1,0
BRDA:410,45,0,0
BRDA:410,45,1,0
BRDA:411,46,0,0
BRDA:411,46,1,0
BRDA:412,47,0,0
BRDA:412,47,1,0
BRDA:414,48,0,0
BRDA:414,48,1,0
BRDA:416,49,0,0
BRDA:416,49,1,0
BRDA:417,50,0,0
BRDA:417,50,1,0
BRDA:418,51,0,0
BRDA:418,51,1,0
BRDA:418,52,0,0
BRDA:418,52,1,0
BRDA:423,53,0,0
BRDA:423,53,1,0
BRDA:424,54,0,0
BRDA:424,54,1,0
BRDA:425,55,0,0
BRDA:425,55,1,0
BRDA:429,56,0,0
BRDA:429,56,1,0
BRDA:435,57,0,0
BRDA:435,57,1,0
BRDA:439,58,0,0
BRDA:439,58,1,0
BRDA:443,59,0,0
BRDA:443,59,1,0
BRDA:447,60,0,0
BRDA:447,60,1,0
BRDA:448,61,0,0
BRDA:448,61,1,0
BRDA:451,62,0,0
BRDA:451,62,1,0
BRDA:458,63,0,0
BRDA:458,63,1,0
BRDA:459,64,0,0
BRDA:459,64,1,0
BRDA:473,65,0,0
BRDA:473,65,1,0
BRDA:473,66,0,0
BRDA:473,66,1,0
BRDA:477,67,0,0
BRDA:477,67,1,0
BRDA:477,68,0,0
BRDA:477,68,1,0
BRDA:481,69,0,0
BRDA:481,69,1,0
BRDA:485,70,0,0
BRDA:485,70,1,0
BRDA:489,71,0,0
BRDA:489,71,1,0
BRDA:509,72,0,0
BRDA:509,72,1,0
BRDA:509,73,0,0
BRDA:509,73,1,0
BRDA:509,73,2,0
BRDA:513,74,0,0
BRDA:513,74,1,0
BRDA:513,75,0,0
BRDA:513,75,1,0
BRDA:513,75,2,0
BRDA:517,76,0,0
BRDA:517,76,1,0
BRDA:517,77,0,0
BRDA:517,77,1,0
BRDA:517,77,2,0
BRDA:530,78,0,0
BRDA:530,78,1,0
BRDA:530,79,0,0
BRDA:530,79,1,0
BRDA:531,80,0,0
BRDA:531,80,1,0
BRDA:535,81,0,0
BRDA:535,81,1,0
BRDA:539,82,0,0
BRDA:539,82,1,0
BRDA:543,83,0,0
BRDA:543,83,1,0
BRDA:547,84,0,0
BRDA:547,84,1,0
BRDA:547,85,0,0
BRDA:547,85,1,0
BRDA:552,86,0,0
BRDA:552,86,1,0
BRDA:589,87,0,0
BRDA:589,87,1,0
BRF:186
BRH:0
end_of_record
TN:
SF:src/modules/auth/auth.controller.ts
FN:15,(anonymous_4)
FN:28,(anonymous_5)
FN:40,(anonymous_6)
FN:51,(anonymous_7)
FN:77,(anonymous_8)
FN:89,(anonymous_9)
FN:103,(anonymous_10)
FN:128,(anonymous_11)
FNF:8
FNH:0
FNDA:0,(anonymous_4)
FNDA:0,(anonymous_5)
FNDA:0,(anonymous_6)
FNDA:0,(anonymous_7)
FNDA:0,(anonymous_8)
FNDA:0,(anonymous_9)
FNDA:0,(anonymous_10)
FNDA:0,(anonymous_11)
DA:1,0
DA:2,0
DA:3,0
DA:4,0
DA:5,0
DA:6,0
DA:7,0
DA:8,0
DA:9,0
DA:10,0
DA:14,0
DA:16,0
DA:17,0
DA:28,0
DA:29,0
DA:40,0
DA:41,0
DA:51,0
DA:53,0
DA:54,0
DA:56,0
DA:57,0
DA:63,0
DA:64,0
DA:77,0
DA:78,0
DA:89,0
DA:90,0
DA:103,0
DA:105,0
DA:108,0
DA:111,0
DA:112,0
DA:115,0
DA:128,0
DA:129,0
DA:130,0
LF:37
LH:0
BRDA:56,0,0,0
BRDA:56,0,1,0
BRDA:111,1,0,0
BRDA:111,1,1,0
BRF:4
BRH:0
end_of_record
TN:
SF:src/modules/auth/auth.service.ts
FN:12,(anonymous_11)
FN:18,(anonymous_12)
FN:69,(anonymous_13)
FN:119,(anonymous_14)
FNF:4
FNH:0
FNDA:0,(anonymous_11)
FNDA:0,(anonymous_12)
FNDA:0,(anonymous_13)
FNDA:0,(anonymous_14)
DA:1,0
DA:2,0
DA:3,0
DA:6,0
DA:7,0
DA:8,0
DA:11,0
DA:13,0
DA:14,0
DA:15,0
DA:20,0
DA:24,0
DA:25,0
DA:29,0
DA:32,0
DA:56,0
DA:62,0
DA:71,0
DA:75,0
DA:76,0
DA:80,0
DA:82,0
DA:83,0
DA:87,0
DA:88,0
DA:92,0
DA:98,0
DA:104,0
DA:120,0
DA:137,0
DA:138,0
DA:141,0
LF:32
LH:0
BRDA:24,0,0,0
BRDA:24,0,1,0
BRDA:40,1,0,0
BRDA:40,1,1,0
BRDA:75,2,0,0
BRDA:75,2,1,0
BRDA:75,3,0,0
BRDA:75,3,1,0
BRDA:82,4,0,0
BRDA:82,4,1,0
BRDA:87,5,0,0
BRDA:87,5,1,0
BRDA:137,6,0,0
BRDA:137,6,1,0
BRDA:137,7,0,0
BRDA:137,7,1,0
BRF:16
BRH:0
end_of_record
TN:
SF:src/modules/auth/services/refresh-token.service.ts
FN:15,(anonymous_11)
FN:24,(anonymous_12)
FN:80,(anonymous_13)
FN:146,(anonymous_14)
FN:169,(anonymous_15)
FN:193,(anonymous_16)
FN:201,(anonymous_17)
FN:209,(anonymous_18)
FN:225,(anonymous_19)
FNF:9
FNH:0
FNDA:0,(anonymous_11)
FNDA:0,(anonymous_12)
FNDA:0,(anonymous_13)
FNDA:0,(anonymous_14)
FNDA:0,(anonymous_15)
FNDA:0,(anonymous_16)
FNDA:0,(anonymous_17)
FNDA:0,(anonymous_18)
FNDA:0,(anonymous_19)
DA:1,0
DA:2,0
DA:3,0
DA:4,0
DA:5,0
DA:8,0
DA:9,0
DA:10,0
DA:11,0
DA:12,0
DA:13,0
DA:16,0
DA:17,0
DA:18,0
DA:26,0
DA:39,0
DA:40,0
DA:54,0
DA:55,0
DA:67,0
DA:69,0
DA:81,0
DA:83,0
DA:86,0
DA:87,0
DA:91,0
DA:92,0
DA:93,0
DA:97,0
DA:98,0
DA:100,0
DA:101,0
DA:105,0
DA:112,0
DA:119,0
DA:131,0
DA:133,0
DA:138,0
DA:139,0
DA:147,0
DA:148,0
DA:151,0
DA:152,0
DA:153,0
DA:156,0
DA:157,0
DA:159,0
DA:161,0
DA:170,0
DA:172,0
DA:173,0
DA:175,0
DA:176,0
DA:177,0
DA:178,0
DA:179,0
DA:180,0
DA:184,0
DA:186,0
DA:194,0
DA:195,0
DA:202,0
DA:203,0
DA:210,0
DA:211,0
DA:212,0
DA:213,0
DA:214,0
DA:216,0
DA:218,0
DA:226,0
DA:227,0
DA:228,0
DA:230,0
DA:231,0
DA:232,0
DA:233,0
DA:234,0
DA:241,0
DA:243,0
DA:244,0
LF:81
LH:0
BRDA:86,0,0,0
BRDA:86,0,1,0
BRDA:92,1,0,0
BRDA:92,1,1,0
BRDA:100,2,0,0
BRDA:100,2,1,0
BRDA:178,3,0,0
BRDA:178,3,1,0
BRDA:178,4,0,0
BRDA:178,4,1,0
BRDA:233,5,0,0
BRDA:233,5,1,0
BRDA:233,6,0,0
BRDA:233,6,1,0
BRF:14
BRH:0
end_of_record
TN:
SF:src/modules/auth/strategies/jwt.strategy.ts
FN:11,(anonymous_2)
FN:25,(anonymous_3)
FNF:2
FNH:0
FNDA:0,(anonymous_2)
FNDA:0,(anonymous_3)
DA:1,0
DA:2,0
DA:3,0
DA:4,0
DA:5,0
DA:6,0
DA:10,0
DA:12,0
DA:13,0
DA:14,0
DA:16,0
DA:27,0
DA:28,0
DA:32,0
DA:35,0
DA:36,0
DA:37,0
DA:38,0
DA:43,0
DA:45,0
DA:46,0
DA:50,0
LF:22
LH:0
BRDA:20,0,0,0
BRDA:20,0,1,0
BRDA:27,1,0,0
BRDA:27,1,1,0
BRDA:35,2,0,0
BRDA:35,2,1,0
BRDA:37,3,0,0
BRDA:37,3,1,0
BRDA:45,4,0,0
BRDA:45,4,1,0
BRDA:53,5,0,0
BRDA:53,5,1,0
BRF:12
BRH:0
end_of_record
TN:
SF:src/modules/auto-scout/auto-scout.controller.ts
FN:31,(anonymous_4)
FN:52,(anonymous_5)
FN:92,(anonymous_6)
FN:121,(anonymous_7)
FN:144,(anonymous_8)
FN:165,(anonymous_9)
FN:194,(anonymous_10)
FN:226,(anonymous_11)
FN:255,(anonymous_12)
FN:274,(anonymous_13)
FN:309,(anonymous_14)
FNF:11
FNH:0
FNDA:0,(anonymous_4)
FNDA:0,(anonymous_5)
FNDA:0,(anonymous_6)
FNDA:0,(anonymous_7)
FNDA:0,(anonymous_8)
FNDA:0,(anonymous_9)
FNDA:0,(anonymous_10)
FNDA:0,(anonymous_11)
FNDA:0,(anonymous_12)
FNDA:0,(anonymous_13)
FNDA:0,(anonymous_14)
DA:1,0
DA:13,0
DA:14,0
DA:15,0
DA:16,0
DA:17,0
DA:18,0
DA:24,0
DA:30,0
DA:31,0
DA:52,0
DA:56,0
DA:68,0
DA:92,0
DA:96,0
DA:102,0
DA:121,0
DA:125,0
DA:127,0
DA:144,0
DA:145,0
DA:147,0
DA:165,0
DA:169,0
DA:176,0
DA:194,0
DA:199,0
DA:206,0
DA:226,0
DA:230,0
DA:231,0
DA:233,0
DA:235,0
DA:255,0
DA:257,0
DA:274,0
DA:276,0
DA:285,0
DA:287,0
DA:309,0
DA:313,0
LF:41
LH:0
BRDA:230,0,0,0
BRDA:230,0,1,0
BRDA:231,1,0,0
BRDA:231,1,1,0
BRDA:239,2,0,0
BRDA:239,2,1,0
BRDA:240,3,0,0
BRDA:240,3,1,0
BRDA:285,4,0,0
BRDA:285,4,1,0
BRDA:290,5,0,0
BRDA:290,5,1,0
BRF:12
BRH:0
end_of_record
TN:
SF:src/modules/auto-scout/auto-scout.service.ts
FN:32,(anonymous_5)
FN:45,(anonymous_6)
FN:127,(anonymous_7)
FN:141,(anonymous_8)
FN:158,(anonymous_9)
FN:178,(anonymous_10)
FN:252,(anonymous_11)
FN:265,(anonymous_12)
FN:290,(anonymous_13)
FN:323,(anonymous_14)
FN:333,(anonymous_15)
FN:375,(anonymous_16)
FN:415,(anonymous_17)
FN:439,(anonymous_18)
FN:472,(anonymous_19)
FN:518,(anonymous_20)
FN:529,(anonymous_21)
FN:538,(anonymous_22)
FN:556,(anonymous_23)
FN:570,(anonymous_24)
FN:582,(anonymous_25)
FN:601,(anonymous_26)
FN:626,(anonymous_27)
FN:634,(anonymous_28)
FN:651,(anonymous_29)
FN:662,(anonymous_30)
FN:684,(anonymous_31)
FN:693,(anonymous_32)
FN:711,(anonymous_33)
FN:719,(anonymous_34)
FNF:30
FNH:0
FNDA:0,(anonymous_5)
FNDA:0,(anonymous_6)
FNDA:0,(anonymous_7)
FNDA:0,(anonymous_8)
FNDA:0,(anonymous_9)
FNDA:0,(anonymous_10)
FNDA:0,(anonymous_11)
FNDA:0,(anonymous_12)
FNDA:0,(anonymous_13)
FNDA:0,(anonymous_14)
FNDA:0,(anonymous_15)
FNDA:0,(anonymous_16)
FNDA:0,(anonymous_17)
FNDA:0,(anonymous_18)
FNDA:0,(anonymous_19)
FNDA:0,(anonymous_20)
FNDA:0,(anonymous_21)
FNDA:0,(anonymous_22)
FNDA:0,(anonymous_23)
FNDA:0,(anonymous_24)
FNDA:0,(anonymous_25)
FNDA:0,(anonymous_26)
FNDA:0,(anonymous_27)
FNDA:0,(anonymous_28)
FNDA:0,(anonymous_29)
FNDA:0,(anonymous_30)
FNDA:0,(anonymous_31)
FNDA:0,(anonymous_32)
FNDA:0,(anonymous_33)
FNDA:0,(anonymous_34)
DA:1,0
DA:2,0
DA:3,0
DA:4,0
DA:6,0
DA:7,0
DA:8,0
DA:17,0
DA:26,0
DA:27,0
DA:29,0
DA:30,0
DA:33,0
DA:34,0
DA:35,0
DA:37,0
DA:51,0
DA:54,0
DA:55,0
DA:56,0
DA:57,0
DA:58,0
DA:62,0
DA:68,0
DA:69,0
DA:73,0
DA:77,0
DA:79,0
DA:80,0
DA:87,0
DA:88,0
DA:90,0
DA:92,0
DA:93,0
DA:97,0
DA:98,0
DA:101,0
DA:102,0
DA:104,0
DA:119,0
DA:121,0
DA:132,0
DA:133,0
DA:134,0
DA:135,0
DA:138,0
DA:139,0
DA:141,0
DA:142,0
DA:143,0
DA:144,0
DA:146,0
DA:148,0
DA:149,0
DA:153,0
DA:157,0
DA:158,0
DA:161,0
DA:163,0
DA:180,0
DA:196,0
DA:197,0
DA:201,0
DA:207,0
DA:209,0
DA:225,0
DA:228,0
DA:246,0
DA:253,0
DA:271,0
DA:276,0
DA:281,0
DA:282,0
DA:284,0
DA:291,0
DA:293,0
DA:294,0
DA:295,0
DA:296,0
DA:299,0
DA:316,0
DA:318,0
DA:323,0
DA:343,0
DA:345,0
DA:362,0
DA:367,0
DA:369,0
DA:380,0
DA:382,0
DA:387,0
DA:388,0
DA:391,0
DA:409,0
DA:416,0
DA:443,0
DA:444,0
DA:446,0
DA:464,0
DA:465,0
DA:476,0
DA:522,0
DA:529,0
DA:531,0
DA:539,0
DA:542,0
DA:545,0
DA:548,0
DA:551,0
DA:553,0
DA:557,0
DA:560,0
DA:563,0
DA:570,0
DA:571,0
DA:572,0
DA:577,0
DA:579,0
DA:583,0
DA:586,0
DA:589,0
DA:596,0
DA:598,0
DA:602,0
DA:605,0
DA:608,0
DA:611,0
DA:614,0
DA:621,0
DA:623,0
DA:627,0
DA:628,0
DA:629,0
DA:630,0
DA:631,0
DA:635,0
DA:637,0
DA:639,0
DA:641,0
DA:643,0
DA:645,0
DA:647,0
DA:653,0
DA:654,0
DA:656,0
DA:663,0
DA:664,0
DA:680,0
DA:685,0
DA:694,0
DA:712,0
DA:713,0
DA:715,0
DA:720,0
LF:154
LH:0
BRDA:54,0,0,0
BRDA:54,0,1,0
BRDA:54,1,0,0
BRDA:54,1,1,0
BRDA:56,2,0,0
BRDA:56,2,1,0
BRDA:68,3,0,0
BRDA:68,3,1,0
BRDA:83,4,0,0
BRDA:83,4,1,0
BRDA:84,5,0,0
BRDA:84,5,1,0
BRDA:157,6,0,0
BRDA:157,6,1,0
BRDA:196,7,0,0
BRDA:196,7,1,0
BRDA:231,8,0,0
BRDA:231,8,1,0
BRDA:232,9,0,0
BRDA:232,9,1,0
BRDA:232,9,2,0
BRDA:233,10,0,0
BRDA:233,10,1,0
BRDA:234,11,0,0
BRDA:234,11,1,0
BRDA:235,12,0,0
BRDA:235,12,1,0
BRDA:236,13,0,0
BRDA:236,13,1,0
BRDA:237,14,0,0
BRDA:237,14,1,0
BRDA:237,14,2,0
BRDA:238,15,0,0
BRDA:238,15,1,0
BRDA:239,16,0,0
BRDA:239,16,1,0
BRDA:240,17,0,0
BRDA:240,17,1,0
BRDA:293,18,0,0
BRDA:293,18,1,0
BRDA:293,19,0,0
BRDA:293,19,1,0
BRDA:295,20,0,0
BRDA:295,20,1,0
BRDA:296,21,0,0
BRDA:296,21,1,0
BRDA:316,22,0,0
BRDA:316,22,1,0
BRDA:320,23,0,0
BRDA:320,23,1,0
BRDA:321,24,0,0
BRDA:321,24,1,0
BRDA:357,25,0,0
BRDA:357,25,1,0
BRDA:358,26,0,0
BRDA:358,26,1,0
BRDA:367,27,0,0
BRDA:367,27,1,0
BRDA:387,28,0,0
BRDA:387,28,1,0
BRDA:450,29,0,0
BRDA:450,29,1,0
BRDA:451,30,0,0
BRDA:451,30,1,0
BRDA:452,31,0,0
BRDA:452,31,1,0
BRDA:453,32,0,0
BRDA:453,32,1,0
BRDA:454,33,0,0
BRDA:454,33,1,0
BRDA:455,34,0,0
BRDA:455,34,1,0
BRDA:456,35,0,0
BRDA:456,35,1,0
BRDA:457,36,0,0
BRDA:457,36,1,0
BRDA:458,37,0,0
BRDA:458,37,1,0
BRDA:542,38,0,0
BRDA:542,38,1,0
BRDA:542,39,0,0
BRDA:542,39,1,0
BRDA:545,40,0,0
BRDA:545,40,1,0
BRDA:548,41,0,0
BRDA:548,41,1,0
BRDA:551,42,0,0
BRDA:551,42,1,0
BRDA:560,43,0,0
BRDA:560,43,1,0
BRDA:560,44,0,0
BRDA:560,44,1,0
BRDA:571,45,0,0
BRDA:571,45,1,0
BRDA:571,46,0,0
BRDA:571,46,1,0
BRDA:577,47,0,0
BRDA:577,47,1,0
BRDA:577,48,0,0
BRDA:577,48,1,0
BRDA:586,49,0,0
BRDA:586,49,1,0
BRDA:586,50,0,0
BRDA:586,50,1,0
BRDA:596,51,0,0
BRDA:596,51,1,0
BRDA:605,52,0,0
BRDA:605,52,1,0
BRDA:605,53,0,0
BRDA:605,53,1,0
BRDA:608,54,0,0
BRDA:608,54,1,0
BRDA:608,55,0,0
BRDA:608,55,1,0
BRDA:611,56,0,0
BRDA:611,56,1,0
BRDA:611,57,0,0
BRDA:611,57,1,0
BRDA:621,58,0,0
BRDA:621,58,1,0
BRDA:627,59,0,0
BRDA:627,59,1,0
BRDA:628,60,0,0
BRDA:628,60,1,0
BRDA:629,61,0,0
BRDA:629,61,1,0
BRDA:630,62,0,0
BRDA:630,62,1,0
BRDA:635,63,0,0
BRDA:635,63,1,0
BRDA:635,63,2,0
BRDA:635,63,3,0
BRDA:635,63,4,0
BRDA:635,63,5,0
BRDA:696,64,0,0
BRDA:696,64,1,0
BRDA:697,65,0,0
BRDA:697,65,1,0
BRDA:721,66,0,0
BRDA:721,66,1,0
BRDA:724,67,0,0
BRDA:724,67,1,0
BRF:142
BRH:0
end_of_record
TN:
SF:src/modules/auto-scout/stats-aggregator.service.ts
FN:9,(anonymous_2)
FN:14,(anonymous_3)
FN:85,(anonymous_4)
FN:100,(anonymous_5)
FN:101,(anonymous_6)
FN:119,(anonymous_7)
FN:137,(anonymous_8)
FN:152,(anonymous_9)
FN:169,(anonymous_10)
FN:191,(anonymous_11)
FN:202,(anonymous_12)
FN:203,(anonymous_13)
FN:217,(anonymous_14)
FN:218,(anonymous_15)
FN:224,(anonymous_16)
FN:225,(anonymous_17)
FN:239,(anonymous_18)
FN:245,(anonymous_19)
FN:246,(anonymous_20)
FN:252,(anonymous_21)
FN:253,(anonymous_22)
FN:254,(anonymous_23)
FN:280,(anonymous_24)
FNF:23
FNH:0
FNDA:0,(anonymous_2)
FNDA:0,(anonymous_3)
FNDA:0,(anonymous_4)
FNDA:0,(anonymous_5)
FNDA:0,(anonymous_6)
FNDA:0,(anonymous_7)
FNDA:0,(anonymous_8)
FNDA:0,(anonymous_9)
FNDA:0,(anonymous_10)
FNDA:0,(anonymous_11)
FNDA:0,(anonymous_12)
FNDA:0,(anonymous_13)
FNDA:0,(anonymous_14)
FNDA:0,(anonymous_15)
FNDA:0,(anonymous_16)
FNDA:0,(anonymous_17)
FNDA:0,(anonymous_18)
FNDA:0,(anonymous_19)
FNDA:0,(anonymous_20)
FNDA:0,(anonymous_21)
FNDA:0,(anonymous_22)
FNDA:0,(anonymous_23)
FNDA:0,(anonymous_24)
DA:1,0
DA:2,0
DA:6,0
DA:7,0
DA:9,0
DA:18,0
DA:20,0
DA:37,0
DA:38,0
DA:42,0
DA:45,0
DA:50,0
DA:53,0
DA:55,0
DA:77,0
DA:78,0
DA:87,0
DA:93,0
DA:94,0
DA:95,0
DA:98,0
DA:100,0
DA:101,0
DA:103,0
DA:109,0
DA:123,0
DA:137,0
DA:153,0
DA:159,0
DA:160,0
DA:168,0
DA:169,0
DA:178,0
DA:180,0
DA:192,0
DA:193,0
DA:201,0
DA:202,0
DA:203,0
DA:205,0
DA:206,0
DA:214,0
DA:215,0
DA:217,0
DA:218,0
DA:220,0
DA:221,0
DA:224,0
DA:225,0
DA:226,0
DA:227,0
DA:229,0
DA:240,0
DA:241,0
DA:244,0
DA:245,0
DA:246,0
DA:248,0
DA:249,0
DA:252,0
DA:253,0
DA:254,0
DA:256,0
DA:258,0
DA:259,0
DA:260,0
DA:261,0
DA:262,0
DA:263,0
DA:264,0
DA:265,0
DA:267,0
DA:270,0
DA:271,0
DA:274,0
DA:281,0
DA:283,0
DA:284,0
DA:285,0
DA:286,0
DA:288,0
DA:289,0
DA:292,0
LF:83
LH:0
BRDA:37,0,0,0
BRDA:37,0,1,0
BRDA:45,1,0,0
BRDA:45,1,1,0
BRDA:46,2,0,0
BRDA:46,2,1,0
BRDA:59,3,0,0
BRDA:59,3,1,0
BRDA:60,4,0,0
BRDA:60,4,1,0
BRDA:138,5,0,0
BRDA:138,5,1,0
BRDA:139,6,0,0
BRDA:139,6,1,0
BRDA:159,7,0,0
BRDA:159,7,1,0
BRDA:170,8,0,0
BRDA:170,8,1,0
BRDA:171,9,0,0
BRDA:171,9,1,0
BRDA:172,10,0,0
BRDA:172,10,1,0
BRDA:173,11,0,0
BRDA:173,11,1,0
BRDA:192,12,0,0
BRDA:192,12,1,0
BRDA:205,13,0,0
BRDA:205,13,1,0
BRDA:232,14,0,0
BRDA:232,14,1,0
BRDA:240,15,0,0
BRDA:240,15,1,0
BRDA:248,16,0,0
BRDA:248,16,1,0
BRDA:258,17,0,0
BRDA:258,17,1,0
BRDA:260,18,0,0
BRDA:260,18,1,0
BRDA:262,19,0,0
BRDA:262,19,1,0
BRDA:264,20,0,0
BRDA:264,20,1,0
BRDA:270,21,0,0
BRDA:270,21,1,0
BRDA:270,22,0,0
BRDA:270,22,1,0
BRDA:281,23,0,0
BRDA:281,23,1,0
BRDA:288,24,0,0
BRDA:288,24,1,0
BRDA:288,25,0,0
BRDA:288,25,1,0
BRDA:288,25,2,0
BRF:53
BRH:0
end_of_record
TN:
SF:src/modules/auto-scout/templates/match-performance.template.ts
FNF:0
FNH:0
DA:3,0
LF:1
LH:0
BRF:0
BRH:0
end_of_record
TN:
SF:src/modules/auto-scout/templates/quick-scan.template.ts
FNF:0
FNH:0
DA:3,0
LF:1
LH:0
BRF:0
BRH:0
end_of_record
TN:
SF:src/modules/auto-scout/templates/season-overview.template.ts
FNF:0
FNH:0
DA:3,0
LF:1
LH:0
BRF:0
BRH:0
end_of_record
TN:
SF:src/modules/auto-scout/templates/transfer-target.template.ts
FNF:0
FNH:0
DA:3,0
LF:1
LH:0
BRF:0
BRH:0
end_of_record
TN:
SF:src/modules/auto-scout/templates/youth-prospect.template.ts
FNF:0
FNH:0
DA:3,0
LF:1
LH:0
BRF:0
BRH:0
end_of_record
TN:
SF:src/modules/cache/redis.service.ts
FN:13,(anonymous_3)
FN:15,(anonymous_4)
FN:19,(anonymous_5)
FN:26,(anonymous_6)
FN:41,(anonymous_7)
FN:58,(anonymous_8)
FN:63,(anonymous_9)
FN:81,(anonymous_10)
FN:95,(anonymous_11)
FN:110,(anonymous_12)
FN:132,(anonymous_13)
FN:147,(anonymous_14)
FN:165,(anonymous_15)
FN:180,(anonymous_16)
FN:195,(anonymous_17)
FN:209,(anonymous_18)
FN:223,(anonymous_19)
FN:237,(anonymous_20)
FN:251,(anonymous_21)
FN:265,(anonymous_22)
FN:279,(anonymous_23)
FN:294,(anonymous_24)
FN:300,(anonymous_25)
FN:318,(anonymous_26)
FN:331,(anonymous_27)
FN:332,(anonymous_28)
FN:335,(anonymous_29)
FN:365,(anonymous_30)
FN:366,(anonymous_31)
FN:369,(anonymous_32)
FNF:30
FNH:0
FNDA:0,(anonymous_3)
FNDA:0,(anonymous_4)
FNDA:0,(anonymous_5)
FNDA:0,(anonymous_6)
FNDA:0,(anonymous_7)
FNDA:0,(anonymous_8)
FNDA:0,(anonymous_9)
FNDA:0,(anonymous_10)
FNDA:0,(anonymous_11)
FNDA:0,(anonymous_12)
FNDA:0,(anonymous_13)
FNDA:0,(anonymous_14)
FNDA:0,(anonymous_15)
FNDA:0,(anonymous_16)
FNDA:0,(anonymous_17)
FNDA:0,(anonymous_18)
FNDA:0,(anonymous_19)
FNDA:0,(anonymous_20)
FNDA:0,(anonymous_21)
FNDA:0,(anonymous_22)
FNDA:0,(anonymous_23)
FNDA:0,(anonymous_24)
FNDA:0,(anonymous_25)
FNDA:0,(anonymous_26)
FNDA:0,(anonymous_27)
FNDA:0,(anonymous_28)
FNDA:0,(anonymous_29)
FNDA:0,(anonymous_30)
FNDA:0,(anonymous_31)
FNDA:0,(anonymous_32)
DA:1,0
DA:2,0
DA:3,0
DA:6,0
DA:7,0
DA:11,0
DA:13,0
DA:16,0
DA:20,0
DA:28,0
DA:29,0
DA:30,0
DA:31,0
DA:32,0
DA:35,0
DA:36,0
DA:42,0
DA:43,0
DA:44,0
DA:46,0
DA:53,0
DA:54,0
DA:55,0
DA:58,0
DA:59,0
DA:60,0
DA:63,0
DA:65,0
DA:69,0
DA:70,0
DA:71,0
DA:73,0
DA:74,0
DA:82,0
DA:83,0
DA:88,0
DA:96,0
DA:98,0
DA:99,0
DA:100,0
DA:102,0
DA:103,0
DA:111,0
DA:113,0
DA:114,0
DA:116,0
DA:117,0
DA:119,0
DA:122,0
DA:124,0
DA:125,0
DA:133,0
DA:135,0
DA:136,0
DA:137,0
DA:139,0
DA:140,0
DA:148,0
DA:150,0
DA:151,0
DA:152,0
DA:153,0
DA:155,0
DA:157,0
DA:158,0
DA:166,0
DA:168,0
DA:169,0
DA:170,0
DA:172,0
DA:173,0
DA:181,0
DA:183,0
DA:184,0
DA:185,0
DA:187,0
DA:188,0
DA:196,0
DA:198,0
DA:199,0
DA:201,0
DA:202,0
DA:210,0
DA:212,0
DA:213,0
DA:215,0
DA:216,0
DA:224,0
DA:226,0
DA:227,0
DA:229,0
DA:230,0
DA:238,0
DA:240,0
DA:241,0
DA:243,0
DA:244,0
DA:252,0
DA:254,0
DA:255,0
DA:257,0
DA:258,0
DA:266,0
DA:268,0
DA:269,0
DA:271,0
DA:272,0
DA:280,0
DA:282,0
DA:283,0
DA:284,0
DA:286,0
DA:287,0
DA:295,0
DA:297,0
DA:298,0
DA:300,0
DA:301,0
DA:302,0
DA:303,0
DA:304,0
DA:306,0
DA:311,0
DA:319,0
DA:321,0
DA:322,0
DA:324,0
DA:332,0
DA:333,0
DA:335,0
DA:336,0
DA:338,0
DA:339,0
DA:343,0
DA:346,0
DA:347,0
DA:348,0
DA:352,0
DA:353,0
DA:355,0
DA:358,0
DA:366,0
DA:367,0
DA:369,0
DA:370,0
DA:373,0
DA:376,0
DA:377,0
DA:378,0
DA:382,0
DA:385,0
LF:151
LH:0
BRDA:29,0,0,0
BRDA:29,0,1,0
BRDA:42,1,0,0
BRDA:42,1,1,0
BRDA:82,2,0,0
BRDA:82,2,1,0
BRDA:96,3,0,0
BRDA:96,3,1,0
BRDA:100,4,0,0
BRDA:100,4,1,0
BRDA:111,5,0,0
BRDA:111,5,1,0
BRDA:116,6,0,0
BRDA:116,6,1,0
BRDA:133,7,0,0
BRDA:133,7,1,0
BRDA:136,8,0,0
BRDA:136,8,1,0
BRDA:148,9,0,0
BRDA:148,9,1,0
BRDA:152,10,0,0
BRDA:152,10,1,0
BRDA:166,11,0,0
BRDA:166,11,1,0
BRDA:181,12,0,0
BRDA:181,12,1,0
BRDA:196,13,0,0
BRDA:196,13,1,0
BRDA:210,14,0,0
BRDA:210,14,1,0
BRDA:224,15,0,0
BRDA:224,15,1,0
BRDA:238,16,0,0
BRDA:238,16,1,0
BRDA:252,17,0,0
BRDA:252,17,1,0
BRDA:266,18,0,0
BRDA:266,18,1,0
BRDA:280,19,0,0
BRDA:280,19,1,0
BRDA:295,20,0,0
BRDA:295,20,1,0
BRDA:301,21,0,0
BRDA:301,21,1,0
BRDA:319,22,0,0
BRDA:319,22,1,0
BRDA:331,23,0,0
BRDA:336,24,0,0
BRDA:336,24,1,0
BRDA:338,25,0,0
BRDA:338,25,1,0
BRDA:347,26,0,0
BRDA:347,26,1,0
BRDA:370,27,0,0
BRDA:370,27,1,0
BRDA:376,28,0,0
BRDA:376,28,1,0
BRF:57
BRH:0
end_of_record
TN:
SF:src/modules/camps/camps.controller.ts
FN:33,(anonymous_4)
FN:44,(anonymous_5)
FN:58,(anonymous_6)
FN:79,(anonymous_7)
FN:93,(anonymous_8)
FN:108,(anonymous_9)
FN:124,(anonymous_10)
FN:137,(anonymous_11)
FN:153,(anonymous_12)
FN:167,(anonymous_13)
FN:181,(anonymous_14)
FNF:11
FNH:0
FNDA:0,(anonymous_4)
FNDA:0,(anonymous_5)
FNDA:0,(anonymous_6)
FNDA:0,(anonymous_7)
FNDA:0,(anonymous_8)
FNDA:0,(anonymous_9)
FNDA:0,(anonymous_10)
FNDA:0,(anonymous_11)
FNDA:0,(anonymous_12)
FNDA:0,(anonymous_13)
FNDA:0,(anonymous_14)
DA:1,0
DA:15,0
DA:22,0
DA:23,0
DA:24,0
DA:25,0
DA:26,0
DA:27,0
DA:28,0
DA:32,0
DA:33,0
DA:44,0
DA:45,0
DA:58,0
DA:64,0
DA:79,0
DA:80,0
DA:93,0
DA:94,0
DA:108,0
DA:109,0
DA:124,0
DA:125,0
DA:137,0
DA:138,0
DA:153,0
DA:154,0
DA:167,0
DA:168,0
DA:181,0
DA:185,0
LF:31
LH:0
BRDA:68,0,0,0
BRDA:68,0,1,0
BRF:2
BRH:0
end_of_record
TN:
SF:src/modules/camps/camps.service.ts
FN:14,(anonymous_2)
FN:23,(anonymous_3)
FN:69,(anonymous_4)
FN:125,(anonymous_5)
FN:160,(anonymous_6)
FN:210,(anonymous_7)
FN:225,(anonymous_8)
FN:363,(anonymous_9)
FN:399,(anonymous_10)
FN:441,(anonymous_11)
FN:485,(anonymous_12)
FN:521,(anonymous_13)
FNF:12
FNH:0
FNDA:0,(anonymous_2)
FNDA:0,(anonymous_3)
FNDA:0,(anonymous_4)
FNDA:0,(anonymous_5)
FNDA:0,(anonymous_6)
FNDA:0,(anonymous_7)
FNDA:0,(anonymous_8)
FNDA:0,(anonymous_9)
FNDA:0,(anonymous_10)
FNDA:0,(anonymous_11)
FNDA:0,(anonymous_12)
FNDA:0,(anonymous_13)
DA:1,0
DA:2,0
DA:3,0
DA:4,0
DA:9,0
DA:10,0
DA:13,0
DA:15,0
DA:16,0
DA:17,0
DA:24,0
DA:63,0
DA:75,0
DA:77,0
DA:78,0
DA:81,0
DA:82,0
DA:85,0
DA:86,0
DA:89,0
DA:90,0
DA:95,0
DA:119,0
DA:126,0
DA:150,0
DA:151,0
DA:154,0
DA:161,0
DA:163,0
DA:164,0
DA:167,0
DA:204,0
DA:211,0
DA:213,0
DA:214,0
DA:217,0
DA:219,0
DA:227,0
DA:234,0
DA:235,0
DA:239,0
DA:240,0
DA:244,0
DA:245,0
DA:249,0
DA:250,0
DA:251,0
DA:252,0
DA:259,0
DA:268,0
DA:269,0
DA:273,0
DA:275,0
DA:279,0
DA:280,0
DA:281,0
DA:282,0
DA:286,0
DA:297,0
DA:298,0
DA:301,0
DA:302,0
DA:305,0
DA:348,0
DA:357,0
DA:365,0
DA:369,0
DA:370,0
DA:373,0
DA:393,0
DA:400,0
DA:408,0
DA:409,0
DA:413,0
DA:414,0
DA:418,0
DA:426,0
DA:435,0
DA:442,0
DA:446,0
DA:447,0
DA:450,0
DA:479,0
DA:486,0
DA:488,0
DA:489,0
DA:492,0
DA:515,0
DA:522,0
DA:526,0
DA:527,0
DA:530,0
DA:539,0
LF:93
LH:0
BRDA:30,0,0,0
BRDA:30,0,1,0
BRDA:41,1,0,0
BRDA:41,1,1,0
BRDA:42,2,0,0
BRDA:42,2,1,0
BRDA:43,3,0,0
BRDA:43,3,1,0
BRDA:46,4,0,0
BRDA:46,4,1,0
BRDA:47,5,0,0
BRDA:47,5,1,0
BRDA:48,6,0,0
BRDA:48,6,1,0
BRDA:49,7,0,0
BRDA:49,7,1,0
BRDA:51,8,0,0
BRDA:51,8,1,0
BRDA:52,9,0,0
BRDA:52,9,1,0
BRDA:54,10,0,0
BRDA:54,10,1,0
BRDA:77,11,0,0
BRDA:77,11,1,0
BRDA:81,12,0,0
BRDA:81,12,1,0
BRDA:85,13,0,0
BRDA:85,13,1,0
BRDA:89,14,0,0
BRDA:89,14,1,0
BRDA:150,15,0,0
BRDA:150,15,1,0
BRDA:163,16,0,0
BRDA:163,16,1,0
BRDA:170,17,0,0
BRDA:170,17,1,0
BRDA:171,18,0,0
BRDA:171,18,1,0
BRDA:172,19,0,0
BRDA:172,19,1,0
BRDA:173,20,0,0
BRDA:173,20,1,0
BRDA:174,21,0,0
BRDA:174,21,1,0
BRDA:175,22,0,0
BRDA:175,22,1,0
BRDA:176,23,0,0
BRDA:176,23,1,0
BRDA:177,24,0,0
BRDA:177,24,1,0
BRDA:178,25,0,0
BRDA:178,25,1,0
BRDA:179,26,0,0
BRDA:179,26,1,0
BRDA:180,27,0,0
BRDA:180,27,1,0
BRDA:181,28,0,0
BRDA:181,28,1,0
BRDA:182,29,0,0
BRDA:182,29,1,0
BRDA:183,30,0,0
BRDA:183,30,1,0
BRDA:184,31,0,0
BRDA:184,31,1,0
BRDA:185,32,0,0
BRDA:185,32,1,0
BRDA:186,33,0,0
BRDA:186,33,1,0
BRDA:187,34,0,0
BRDA:187,34,1,0
BRDA:188,35,0,0
BRDA:188,35,1,0
BRDA:189,36,0,0
BRDA:189,36,1,0
BRDA:190,37,0,0
BRDA:190,37,1,0
BRDA:191,38,0,0
BRDA:191,38,1,0
BRDA:192,39,0,0
BRDA:192,39,1,0
BRDA:193,40,0,0
BRDA:193,40,1,0
BRDA:195,41,0,0
BRDA:195,41,1,0
BRDA:196,42,0,0
BRDA:196,42,1,0
BRDA:197,43,0,0
BRDA:197,43,1,0
BRDA:213,44,0,0
BRDA:213,44,1,0
BRDA:234,45,0,0
BRDA:234,45,1,0
BRDA:239,46,0,0
BRDA:239,46,1,0
BRDA:244,47,0,0
BRDA:244,47,1,0
BRDA:249,48,0,0
BRDA:249,48,1,0
BRDA:251,49,0,0
BRDA:251,49,1,0
BRDA:268,50,0,0
BRDA:268,50,1,0
BRDA:279,51,0,0
BRDA:279,51,1,0
BRDA:279,52,0,0
BRDA:279,52,1,0
BRDA:281,53,0,0
BRDA:281,53,1,0
BRDA:318,54,0,0
BRDA:318,54,1,0
BRDA:323,55,0,0
BRDA:323,55,1,0
BRDA:369,56,0,0
BRDA:369,56,1,0
BRDA:408,57,0,0
BRDA:408,57,1,0
BRDA:413,58,0,0
BRDA:413,58,1,0
BRDA:446,59,0,0
BRDA:446,59,1,0
BRDA:458,60,0,0
BRDA:458,60,1,0
BRDA:488,61,0,0
BRDA:488,61,1,0
BRDA:526,62,0,0
BRDA:526,62,1,0
BRF:126
BRH:0
end_of_record
TN:
SF:src/modules/club-requests/club-requests.controller.ts
FN:24,(anonymous_4)
FN:31,(anonymous_5)
FN:46,(anonymous_6)
FN:58,(anonymous_7)
FN:66,(anonymous_8)
FN:75,(anonymous_9)
FN:83,(anonymous_10)
FN:91,(anonymous_11)
FN:99,(anonymous_12)
FN:111,(anonymous_13)
FN:119,(anonymous_14)
FNF:11
FNH:0
FNDA:0,(anonymous_4)
FNDA:0,(anonymous_5)
FNDA:0,(anonymous_6)
FNDA:0,(anonymous_7)
FNDA:0,(anonymous_8)
FNDA:0,(anonymous_9)
FNDA:0,(anonymous_10)
FNDA:0,(anonymous_11)
FNDA:0,(anonymous_12)
FNDA:0,(anonymous_13)
FNDA:0,(anonymous_14)
DA:1,0
DA:12,0
DA:13,0
DA:14,0
DA:15,0
DA:16,0
DA:17,0
DA:23,0
DA:24,0
DA:31,0
DA:32,0
DA:46,0
DA:51,0
DA:58,0
DA:59,0
DA:66,0
DA:67,0
DA:75,0
DA:76,0
DA:83,0
DA:84,0
DA:91,0
DA:92,0
DA:99,0
DA:104,0
DA:111,0
DA:112,0
DA:119,0
DA:120,0
LF:29
LH:0
BRF:0
BRH:0
end_of_record
TN:
SF:src/modules/club-requests/club-requests.service.ts
FN:10,(anonymous_2)
FN:12,(anonymous_3)
FN:78,(anonymous_4)
FN:118,(anonymous_5)
FN:163,(anonymous_6)
FN:205,(anonymous_7)
FN:213,(anonymous_8)
FN:220,(anonymous_9)
FN:227,(anonymous_10)
FN:235,(anonymous_11)
FN:242,(anonymous_12)
FN:272,(anonymous_13)
FNF:12
FNH:0
FNDA:0,(anonymous_2)
FNDA:0,(anonymous_3)
FNDA:0,(anonymous_4)
FNDA:0,(anonymous_5)
FNDA:0,(anonymous_6)
FNDA:0,(anonymous_7)
FNDA:0,(anonymous_8)
FNDA:0,(anonymous_9)
FNDA:0,(anonymous_10)
FNDA:0,(anonymous_11)
FNDA:0,(anonymous_12)
FNDA:0,(anonymous_13)
DA:1,0
DA:2,0
DA:5,0
DA:6,0
DA:9,0
DA:10,0
DA:14,0
DA:18,0
DA:19,0
DA:23,0
DA:27,0
DA:28,0
DA:32,0
DA:40,0
DA:41,0
DA:46,0
DA:48,0
DA:83,0
DA:119,0
DA:156,0
DA:157,0
DA:160,0
DA:164,0
DA:167,0
DA:168,0
DA:171,0
DA:176,0
DA:181,0
DA:182,0
DA:185,0
DA:206,0
DA:208,0
DA:214,0
DA:221,0
DA:228,0
DA:236,0
DA:243,0
DA:252,0
DA:261,0
DA:273,0
DA:289,0
DA:290,0
LF:42
LH:0
BRDA:18,0,0,0
BRDA:18,0,1,0
BRDA:27,1,0,0
BRDA:27,1,1,0
BRDA:40,2,0,0
BRDA:40,2,1,0
BRDA:156,3,0,0
BRDA:156,3,1,0
BRDA:167,4,0,0
BRDA:167,4,1,0
BRDA:181,5,0,0
BRDA:181,5,1,0
BRDA:181,6,0,0
BRDA:181,6,1,0
BRDA:243,7,0,0
BRDA:243,7,1,0
BRDA:268,8,0,0
BRDA:268,8,1,0
BRDA:289,9,0,0
BRDA:289,9,1,0
BRF:20
BRH:0
end_of_record
TN:
SF:src/modules/clubs/clubs.controller.ts
FN:18,(anonymous_4)
FN:27,(anonymous_5)
FN:39,(anonymous_6)
FN:60,(anonymous_7)
FN:72,(anonymous_8)
FN:84,(anonymous_9)
FN:93,(anonymous_10)
FN:103,(anonymous_11)
FNF:8
FNH:0
FNDA:0,(anonymous_4)
FNDA:0,(anonymous_5)
FNDA:0,(anonymous_6)
FNDA:0,(anonymous_7)
FNDA:0,(anonymous_8)
FNDA:0,(anonymous_9)
FNDA:0,(anonymous_10)
FNDA:0,(anonymous_11)
DA:1,0
DA:2,0
DA:10,0
DA:11,0
DA:12,0
DA:13,0
DA:17,0
DA:18,0
DA:27,0
DA:28,0
DA:39,0
DA:46,0
DA:60,0
DA:61,0
DA:72,0
DA:73,0
DA:84,0
DA:85,0
DA:93,0
DA:94,0
DA:103,0
DA:104,0
LF:22
LH:0
BRDA:50,0,0,0
BRDA:50,0,1,0
BRDA:51,1,0,0
BRDA:51,1,1,0
BRF:4
BRH:0
end_of_record
TN:
SF:src/modules/clubs/clubs.service.ts
FN:10,(anonymous_2)
FN:19,(anonymous_3)
FN:55,(anonymous_4)
FN:69,(anonymous_5)
FN:120,(anonymous_6)
FN:131,(anonymous_7)
FN:136,(anonymous_8)
FN:213,(anonymous_9)
FN:244,(anonymous_10)
FN:261,(anonymous_11)
FN:286,(anonymous_12)
FNF:11
FNH:0
FNDA:0,(anonymous_2)
FNDA:0,(anonymous_3)
FNDA:0,(anonymous_4)
FNDA:0,(anonymous_5)
FNDA:0,(anonymous_6)
FNDA:0,(anonymous_7)
FNDA:0,(anonymous_8)
FNDA:0,(anonymous_9)
FNDA:0,(anonymous_10)
FNDA:0,(anonymous_11)
FNDA:0,(anonymous_12)
DA:1,0
DA:2,0
DA:3,0
DA:6,0
DA:9,0
DA:11,0
DA:12,0
DA:20,0
DA:22,0
DA:46,0
DA:48,0
DA:62,0
DA:65,0
DA:67,0
DA:70,0
DA:71,0
DA:72,0
DA:73,0
DA:74,0
DA:80,0
DA:82,0
DA:109,0
DA:122,0
DA:123,0
DA:132,0
DA:134,0
DA:137,0
DA:199,0
DA:200,0
DA:203,0
DA:214,0
DA:215,0
DA:216,0
DA:219,0
DA:235,0
DA:237,0
DA:245,0
DA:246,0
DA:247,0
DA:250,0
DA:253,0
DA:255,0
DA:262,0
DA:263,0
DA:264,0
DA:267,0
DA:287,0
DA:288,0
DA:289,0
DA:292,0
DA:296,0
DA:297,0
DA:298,0
DA:301,0
LF:54
LH:0
BRDA:27,0,0,0
BRDA:27,0,1,0
BRDA:62,1,0,0
BRDA:62,2,0,0
BRDA:71,3,0,0
BRDA:71,3,1,0
BRDA:72,4,0,0
BRDA:72,4,1,0
BRDA:73,5,0,0
BRDA:73,5,1,0
BRDA:199,6,0,0
BRDA:199,6,1,0
BRDA:215,7,0,0
BRDA:215,7,1,0
BRDA:246,8,0,0
BRDA:246,8,1,0
BRDA:263,9,0,0
BRDA:263,9,1,0
BRDA:286,10,0,0
BRDA:288,11,0,0
BRDA:288,11,1,0
BRDA:296,12,0,0
BRDA:296,12,1,0
BRDA:326,13,0,0
BRDA:326,13,1,0
BRF:25
BRH:0
end_of_record
TN:
SF:src/modules/coaching/coaching.controller.ts
FN:33,(anonymous_4)
FN:46,(anonymous_5)
FN:60,(anonymous_6)
FN:81,(anonymous_7)
FN:95,(anonymous_8)
FN:110,(anonymous_9)
FN:124,(anonymous_10)
FN:142,(anonymous_11)
FN:155,(anonymous_12)
FN:170,(anonymous_13)
FN:187,(anonymous_14)
FN:203,(anonymous_15)
FN:217,(anonymous_16)
FNF:13
FNH:0
FNDA:0,(anonymous_4)
FNDA:0,(anonymous_5)
FNDA:0,(anonymous_6)
FNDA:0,(anonymous_7)
FNDA:0,(anonymous_8)
FNDA:0,(anonymous_9)
FNDA:0,(anonymous_10)
FNDA:0,(anonymous_11)
FNDA:0,(anonymous_12)
FNDA:0,(anonymous_13)
FNDA:0,(anonymous_14)
FNDA:0,(anonymous_15)
FNDA:0,(anonymous_16)
DA:1,0
DA:15,0
DA:22,0
DA:23,0
DA:24,0
DA:25,0
DA:26,0
DA:27,0
DA:28,0
DA:32,0
DA:33,0
DA:46,0
DA:47,0
DA:60,0
DA:66,0
DA:81,0
DA:82,0
DA:95,0
DA:96,0
DA:110,0
DA:111,0
DA:124,0
DA:125,0
DA:142,0
DA:143,0
DA:155,0
DA:156,0
DA:170,0
DA:171,0
DA:187,0
DA:188,0
DA:203,0
DA:204,0
DA:217,0
DA:218,0
LF:35
LH:0
BRDA:69,0,0,0
BRDA:69,0,1,0
BRDA:70,1,0,0
BRDA:70,1,1,0
BRF:4
BRH:0
end_of_record
TN:
SF:src/modules/coaching/coaching.service.ts
FN:14,(anonymous_2)
FN:23,(anonymous_3)
FN:55,(anonymous_4)
FN:105,(anonymous_5)
FN:107,(anonymous_6)
FN:108,(anonymous_7)
FN:111,(anonymous_8)
FN:125,(anonymous_9)
FN:168,(anonymous_10)
FN:169,(anonymous_11)
FN:172,(anonymous_12)
FN:185,(anonymous_13)
FN:222,(anonymous_14)
FN:237,(anonymous_15)
FN:320,(anonymous_16)
FN:337,(anonymous_17)
FN:369,(anonymous_18)
FN:404,(anonymous_19)
FN:438,(anonymous_20)
FN:462,(anonymous_21)
FN:486,(anonymous_22)
FNF:21
FNH:0
FNDA:0,(anonymous_2)
FNDA:0,(anonymous_3)
FNDA:0,(anonymous_4)
FNDA:0,(anonymous_5)
FNDA:0,(anonymous_6)
FNDA:0,(anonymous_7)
FNDA:0,(anonymous_8)
FNDA:0,(anonymous_9)
FNDA:0,(anonymous_10)
FNDA:0,(anonymous_11)
FNDA:0,(anonymous_12)
FNDA:0,(anonymous_13)
FNDA:0,(anonymous_14)
FNDA:0,(anonymous_15)
FNDA:0,(anonymous_16)
FNDA:0,(anonymous_17)
FNDA:0,(anonymous_18)
FNDA:0,(anonymous_19)
FNDA:0,(anonymous_20)
FNDA:0,(anonymous_21)
FNDA:0,(anonymous_22)
DA:1,0
DA:2,0
DA:3,0
DA:4,0
DA:5,0
DA:10,0
DA:13,0
DA:15,0
DA:16,0
DA:17,0
DA:24,0
DA:49,0
DA:61,0
DA:63,0
DA:64,0
DA:67,0
DA:68,0
DA:74,0
DA:75,0
DA:78,0
DA:79,0
DA:82,0
DA:105,0
DA:106,0
DA:107,0
DA:108,0
DA:110,0
DA:111,0
DA:114,0
DA:126,0
DA:162,0
DA:163,0
DA:167,0
DA:168,0
DA:169,0
DA:171,0
DA:172,0
DA:175,0
DA:186,0
DA:188,0
DA:189,0
DA:192,0
DA:216,0
DA:223,0
DA:225,0
DA:226,0
DA:229,0
DA:231,0
DA:239,0
DA:243,0
DA:244,0
DA:247,0
DA:248,0
DA:252,0
DA:253,0
DA:254,0
DA:255,0
DA:262,0
DA:263,0
DA:266,0
DA:267,0
DA:268,0
DA:271,0
DA:283,0
DA:314,0
DA:321,0
DA:331,0
DA:338,0
DA:355,0
DA:356,0
DA:359,0
DA:360,0
DA:363,0
DA:370,0
DA:374,0
DA:375,0
DA:378,0
DA:379,0
DA:382,0
DA:383,0
DA:386,0
DA:387,0
DA:390,0
DA:398,0
DA:405,0
DA:409,0
DA:410,0
DA:413,0
DA:414,0
DA:417,0
DA:418,0
DA:421,0
DA:432,0
DA:439,0
DA:443,0
DA:444,0
DA:447,0
DA:456,0
DA:463,0
DA:467,0
DA:468,0
DA:471,0
DA:480,0
DA:487,0
DA:489,0
DA:490,0
DA:493,0
DA:512,0
LF:108
LH:0
BRDA:34,0,0,0
BRDA:34,0,1,0
BRDA:36,1,0,0
BRDA:36,1,1,0
BRDA:37,2,0,0
BRDA:37,2,1,0
BRDA:40,3,0,0
BRDA:40,3,1,0
BRDA:41,4,0,0
BRDA:41,4,1,0
BRDA:42,5,0,0
BRDA:42,5,1,0
BRDA:44,6,0,0
BRDA:44,6,1,0
BRDA:63,7,0,0
BRDA:63,7,1,0
BRDA:67,8,0,0
BRDA:67,8,1,0
BRDA:74,9,0,0
BRDA:74,9,1,0
BRDA:78,10,0,0
BRDA:78,10,1,0
BRDA:110,11,0,0
BRDA:110,11,1,0
BRDA:116,12,0,0
BRDA:116,12,1,0
BRDA:162,13,0,0
BRDA:162,13,1,0
BRDA:171,14,0,0
BRDA:171,14,1,0
BRDA:177,15,0,0
BRDA:177,15,1,0
BRDA:188,16,0,0
BRDA:188,16,1,0
BRDA:195,17,0,0
BRDA:195,17,1,0
BRDA:196,18,0,0
BRDA:196,18,1,0
BRDA:197,19,0,0
BRDA:197,19,1,0
BRDA:198,20,0,0
BRDA:198,20,1,0
BRDA:199,21,0,0
BRDA:199,21,1,0
BRDA:200,22,0,0
BRDA:200,22,1,0
BRDA:201,23,0,0
BRDA:201,23,1,0
BRDA:202,24,0,0
BRDA:202,24,1,0
BRDA:203,25,0,0
BRDA:203,25,1,0
BRDA:204,26,0,0
BRDA:204,26,1,0
BRDA:205,27,0,0
BRDA:205,27,1,0
BRDA:206,28,0,0
BRDA:206,28,1,0
BRDA:207,29,0,0
BRDA:207,29,1,0
BRDA:208,30,0,0
BRDA:208,30,1,0
BRDA:209,31,0,0
BRDA:209,31,1,0
BRDA:210,32,0,0
BRDA:210,32,1,0
BRDA:211,33,0,0
BRDA:211,33,1,0
BRDA:212,34,0,0
BRDA:212,34,1,0
BRDA:225,35,0,0
BRDA:225,35,1,0
BRDA:243,36,0,0
BRDA:243,36,1,0
BRDA:247,37,0,0
BRDA:247,37,1,0
BRDA:252,38,0,0
BRDA:252,38,1,0
BRDA:254,39,0,0
BRDA:254,39,1,0
BRDA:262,40,0,0
BRDA:262,40,1,0
BRDA:267,41,0,0
BRDA:267,41,1,0
BRDA:291,42,0,0
BRDA:291,42,1,0
BRDA:355,43,0,0
BRDA:355,43,1,0
BRDA:359,44,0,0
BRDA:359,44,1,0
BRDA:374,45,0,0
BRDA:374,45,1,0
BRDA:378,46,0,0
BRDA:378,46,1,0
BRDA:382,47,0,0
BRDA:382,47,1,0
BRDA:386,48,0,0
BRDA:386,48,1,0
BRDA:409,49,0,0
BRDA:409,49,1,0
BRDA:413,50,0,0
BRDA:413,50,1,0
BRDA:417,51,0,0
BRDA:417,51,1,0
BRDA:443,52,0,0
BRDA:443,52,1,0
BRDA:467,53,0,0
BRDA:467,53,1,0
BRDA:489,54,0,0
BRDA:489,54,1,0
BRF:110
BRH:0
end_of_record
TN:
SF:src/modules/data-sync/data-sync.controller.ts
FN:13,(anonymous_4)
FN:18,(anonymous_5)
FN:26,(anonymous_6)
FN:37,(anonymous_7)
FN:48,(anonymous_8)
FN:59,(anonymous_9)
FNF:6
FNH:0
FNDA:0,(anonymous_4)
FNDA:0,(anonymous_5)
FNDA:0,(anonymous_6)
FNDA:0,(anonymous_7)
FNDA:0,(anonymous_8)
FNDA:0,(anonymous_9)
DA:1,0
DA:2,0
DA:3,0
DA:4,0
DA:5,0
DA:6,0
DA:12,0
DA:13,0
DA:18,0
DA:19,0
DA:20,0
DA:26,0
DA:30,0
DA:31,0
DA:37,0
DA:41,0
DA:42,0
DA:48,0
DA:52,0
DA:53,0
DA:59,0
DA:60,0
DA:61,0
LF:23
LH:0
BRF:0
BRH:0
end_of_record
TN:
SF:src/modules/data-sync/data-sync.service.ts
FN:13,(anonymous_2)
FN:24,(anonymous_3)
FN:49,(anonymous_4)
FN:84,(anonymous_5)
FN:128,(anonymous_6)
FN:185,(anonymous_7)
FN:190,(anonymous_8)
FN:206,(anonymous_9)
FN:211,(anonymous_10)
FN:227,(anonymous_11)
FN:232,(anonymous_12)
FN:248,(anonymous_13)
FN:254,(anonymous_14)
FN:277,(anonymous_15)
FN:306,(anonymous_16)
FN:340,(anonymous_17)
FN:341,(anonymous_18)
FNF:17
FNH:0
FNDA:0,(anonymous_2)
FNDA:0,(anonymous_3)
FNDA:0,(anonymous_4)
FNDA:0,(anonymous_5)
FNDA:0,(anonymous_6)
FNDA:0,(anonymous_7)
FNDA:0,(anonymous_8)
FNDA:0,(anonymous_9)
FNDA:0,(anonymous_10)
FNDA:0,(anonymous_11)
FNDA:0,(anonymous_12)
FNDA:0,(anonymous_13)
FNDA:0,(anonymous_14)
FNDA:0,(anonymous_15)
FNDA:0,(anonymous_16)
FNDA:0,(anonymous_17)
FNDA:0,(anonymous_18)
DA:1,0
DA:2,0
DA:3,0
DA:4,0
DA:5,0
DA:6,0
DA:7,0
DA:10,0
DA:11,0
DA:14,0
DA:15,0
DA:16,0
DA:17,0
DA:18,0
DA:25,0
DA:27,0
DA:28,0
DA:29,0
DA:31,0
DA:32,0
DA:33,0
DA:37,0
DA:39,0
DA:41,0
DA:42,0
DA:50,0
DA:52,0
DA:54,0
DA:58,0
DA:59,0
DA:63,0
DA:64,0
DA:66,0
DA:67,0
DA:68,0
DA:72,0
DA:74,0
DA:76,0
DA:77,0
DA:85,0
DA:87,0
DA:89,0
DA:93,0
DA:94,0
DA:98,0
DA:99,0
DA:101,0
DA:103,0
DA:105,0
DA:108,0
DA:109,0
DA:110,0
DA:112,0
DA:116,0
DA:118,0
DA:120,0
DA:121,0
DA:129,0
DA:131,0
DA:132,0
DA:136,0
DA:137,0
DA:141,0
DA:142,0
DA:144,0
DA:146,0
DA:149,0
DA:153,0
DA:154,0
DA:155,0
DA:158,0
DA:173,0
DA:175,0
DA:177,0
DA:178,0
DA:186,0
DA:187,0
DA:189,0
DA:191,0
DA:199,0
DA:207,0
DA:208,0
DA:210,0
DA:212,0
DA:220,0
DA:228,0
DA:229,0
DA:231,0
DA:233,0
DA:241,0
DA:249,0
DA:250,0
DA:253,0
DA:255,0
DA:270,0
DA:278,0
DA:280,0
DA:282,0
DA:283,0
DA:284,0
DA:286,0
DA:300,0
DA:307,0
DA:309,0
DA:311,0
DA:314,0
DA:315,0
DA:319,0
DA:323,0
DA:324,0
DA:325,0
DA:329,0
DA:330,0
DA:333,0
DA:335,0
DA:336,0
DA:341,0
LF:117
LH:0
BRDA:24,0,0,0
BRDA:58,1,0,0
BRDA:58,1,1,0
BRDA:93,2,0,0
BRDA:93,2,1,0
BRDA:136,3,0,0
BRDA:136,3,1,0
BRDA:153,4,0,0
BRDA:153,4,1,0
BRDA:153,5,0,0
BRDA:153,5,1,0
BRDA:163,6,0,0
BRDA:163,6,1,0
BRDA:185,7,0,0
BRDA:206,8,0,0
BRDA:227,9,0,0
BRDA:248,10,0,0
BRDA:282,11,0,0
BRDA:282,11,1,0
BRDA:283,12,0,0
BRDA:283,12,1,0
BRDA:283,12,2,0
BRDA:284,13,0,0
BRDA:284,13,1,0
BRDA:284,13,2,0
BRF:25
BRH:0
end_of_record
TN:
SF:src/modules/data-sync/cron/data-sync.cron.ts
FN:10,(anonymous_2)
FN:20,(anonymous_3)
FN:34,(anonymous_4)
FN:51,(anonymous_5)
FN:74,(anonymous_6)
FN:86,(anonymous_7)
FN:87,(anonymous_8)
FNF:7
FNH:0
FNDA:0,(anonymous_2)
FNDA:0,(anonymous_3)
FNDA:0,(anonymous_4)
FNDA:0,(anonymous_5)
FNDA:0,(anonymous_6)
FNDA:0,(anonymous_7)
FNDA:0,(anonymous_8)
DA:1,0
DA:2,0
DA:3,0
DA:4,0
DA:7,0
DA:8,0
DA:11,0
DA:12,0
DA:20,0
DA:21,0
DA:22,0
DA:23,0
DA:25,0
DA:34,0
DA:35,0
DA:36,0
DA:37,0
DA:38,0
DA:39,0
DA:42,0
DA:51,0
DA:52,0
DA:53,0
DA:55,0
DA:60,0
DA:61,0
DA:62,0
DA:65,0
DA:74,0
DA:75,0
DA:76,0
DA:77,0
DA:78,0
DA:79,0
DA:82,0
DA:87,0
LF:36
LH:0
BRF:0
BRH:0
end_of_record
TN:
SF:src/modules/data-sync/mappers/club.mapper.ts
FN:6,(anonymous_2)
FN:8,(anonymous_3)
FNF:2
FNH:0
FNDA:0,(anonymous_2)
FNDA:0,(anonymous_3)
DA:1,0
DA:2,0
DA:5,0
DA:6,0
DA:9,0
LF:5
LH:0
BRDA:11,0,0,0
BRDA:11,0,1,0
BRF:2
BRH:0
end_of_record
TN:
SF:src/modules/data-sync/mappers/competition.mapper.ts
FN:6,(anonymous_2)
FN:8,(anonymous_3)
FNF:2
FNH:0
FNDA:0,(anonymous_2)
FNDA:0,(anonymous_3)
DA:1,0
DA:2,0
DA:5,0
DA:6,0
DA:9,0
LF:5
LH:0
BRDA:11,0,0,0
BRDA:11,0,1,0
BRDA:14,1,0,0
BRDA:14,1,1,0
BRDA:15,2,0,0
BRDA:15,2,1,0
BRDA:16,3,0,0
BRDA:16,3,1,0
BRDA:19,4,0,0
BRDA:19,4,1,0
BRDA:20,5,0,0
BRDA:20,5,1,0
BRDA:21,6,0,0
BRDA:21,6,1,0
BRF:14
BRH:0
end_of_record
TN:
SF:src/modules/data-sync/mappers/normalizer.util.ts
FN:8,(anonymous_1)
FN:18,(anonymous_2)
FN:29,(anonymous_3)
FN:41,(anonymous_4)
FNF:4
FNH:0
FNDA:0,(anonymous_1)
FNDA:0,(anonymous_2)
FNDA:0,(anonymous_3)
FNDA:0,(anonymous_4)
DA:1,0
DA:4,0
DA:9,0
DA:19,0
DA:20,0
DA:23,0
DA:24,0
DA:26,0
DA:30,0
DA:31,0
DA:33,0
DA:34,0
DA:37,0
DA:38,0
DA:42,0
DA:43,0
DA:44,0
DA:45,0
DA:46,0
DA:47,0
DA:48,0
DA:49,0
DA:50,0
DA:51,0
DA:53,0
DA:54,0
DA:57,0
DA:58,0
DA:61,0
LF:29
LH:0
BRDA:30,0,0,0
BRDA:30,0,1,0
BRDA:31,1,0,0
BRDA:31,1,1,0
BRDA:33,2,0,0
BRDA:33,2,1,0
BRDA:46,3,0,0
BRDA:46,3,1,0
BRDA:48,4,0,0
BRDA:48,4,1,0
BRDA:50,5,0,0
BRDA:50,5,1,0
BRDA:57,6,0,0
BRDA:57,6,1,0
BRF:14
BRH:0
end_of_record
TN:
SF:src/modules/data-sync/mappers/player.mapper.ts
FN:6,(anonymous_2)
FN:8,(anonymous_3)
FNF:2
FNH:0
FNDA:0,(anonymous_2)
FNDA:0,(anonymous_3)
DA:1,0
DA:2,0
DA:5,0
DA:6,0
DA:10,0
DA:11,0
DA:12,0
DA:14,0
LF:8
LH:0
BRDA:10,0,0,0
BRDA:10,0,1,0
BRDA:10,0,2,0
BRDA:11,1,0,0
BRDA:11,1,1,0
BRDA:12,2,0,0
BRDA:12,2,1,0
BRDA:15,3,0,0
BRDA:15,3,1,0
BRDA:16,4,0,0
BRDA:16,4,1,0
BRDA:17,5,0,0
BRDA:17,5,1,0
BRDA:18,6,0,0
BRDA:18,6,1,0
BRDA:19,7,0,0
BRDA:19,7,1,0
BRDA:20,8,0,0
BRDA:20,8,1,0
BRDA:22,9,0,0
BRDA:22,9,1,0
BRF:21
BRH:0
end_of_record
TN:
SF:src/modules/data-sync/services/api-football.service.ts
FN:10,(anonymous_2)
FN:17,(anonymous_3)
FN:57,(anonymous_4)
FN:60,(anonymous_5)
FN:75,(anonymous_6)
FN:82,(anonymous_7)
FN:97,(anonymous_8)
FN:100,(anonymous_9)
FN:116,(anonymous_10)
FN:152,(anonymous_11)
FN:171,(anonymous_12)
FN:172,(anonymous_13)
FNF:12
FNH:0
FNDA:0,(anonymous_2)
FNDA:0,(anonymous_3)
FNDA:0,(anonymous_4)
FNDA:0,(anonymous_5)
FNDA:0,(anonymous_6)
FNDA:0,(anonymous_7)
FNDA:0,(anonymous_8)
FNDA:0,(anonymous_9)
FNDA:0,(anonymous_10)
FNDA:0,(anonymous_11)
FNDA:0,(anonymous_12)
FNDA:0,(anonymous_13)
DA:1,0
DA:2,0
DA:5,0
DA:6,0
DA:8,0
DA:10,0
DA:11,0
DA:18,0
DA:26,0
DA:28,0
DA:29,0
DA:30,0
DA:31,0
DA:32,0
DA:33,0
DA:47,0
DA:51,0
DA:58,0
DA:60,0
DA:76,0
DA:78,0
DA:79,0
DA:82,0
DA:98,0
DA:100,0
DA:117,0
DA:119,0
DA:120,0
DA:121,0
DA:128,0
DA:129,0
DA:132,0
DA:134,0
DA:135,0
DA:138,0
DA:140,0
DA:142,0
DA:143,0
DA:147,0
DA:153,0
DA:168,0
DA:172,0
LF:42
LH:0
BRDA:31,0,0,0
BRDA:31,0,1,0
BRDA:31,1,0,0
BRDA:31,1,1,0
BRDA:43,2,0,0
BRDA:43,2,1,0
BRDA:78,3,0,0
BRDA:78,3,1,0
BRDA:78,4,0,0
BRDA:78,4,1,0
BRDA:116,5,0,0
BRDA:128,6,0,0
BRDA:128,6,1,0
BRDA:134,7,0,0
BRDA:134,7,1,0
BRDA:134,8,0,0
BRDA:134,8,1,0
BRDA:142,9,0,0
BRDA:142,9,1,0
BRDA:168,10,0,0
BRDA:168,10,1,0
BRF:21
BRH:0
end_of_record
TN:
SF:src/modules/events/events.controller.ts
FN:30,(anonymous_4)
FN:37,(anonymous_5)
FN:44,(anonymous_6)
FN:51,(anonymous_7)
FN:58,(anonymous_8)
FN:66,(anonymous_9)
FN:74,(anonymous_10)
FN:82,(anonymous_11)
FNF:8
FNH:0
FNDA:0,(anonymous_4)
FNDA:0,(anonymous_5)
FNDA:0,(anonymous_6)
FNDA:0,(anonymous_7)
FNDA:0,(anonymous_8)
FNDA:0,(anonymous_9)
FNDA:0,(anonymous_10)
FNDA:0,(anonymous_11)
DA:1,0
DA:13,0
DA:19,0
DA:20,0
DA:21,0
DA:22,0
DA:23,0
DA:29,0
DA:30,0
DA:37,0
DA:38,0
DA:44,0
DA:45,0
DA:51,0
DA:52,0
DA:58,0
DA:59,0
DA:66,0
DA:67,0
DA:74,0
DA:75,0
DA:82,0
DA:83,0
LF:23
LH:0
BRF:0
BRH:0
end_of_record
TN:
SF:src/modules/events/events.service.ts
FN:14,(anonymous_2)
FN:16,(anonymous_3)
FN:54,(anonymous_4)
FN:96,(anonymous_5)
FN:161,(anonymous_6)
FN:203,(anonymous_7)
FN:242,(anonymous_8)
FN:287,(anonymous_9)
FN:299,(anonymous_10)
FN:307,(anonymous_11)
FNF:10
FNH:0
FNDA:0,(anonymous_2)
FNDA:0,(anonymous_3)
FNDA:0,(anonymous_4)
FNDA:0,(anonymous_5)
FNDA:0,(anonymous_6)
FNDA:0,(anonymous_7)
FNDA:0,(anonymous_8)
FNDA:0,(anonymous_9)
FNDA:0,(anonymous_10)
FNDA:0,(anonymous_11)
DA:1,0
DA:6,0
DA:10,0
DA:13,0
DA:14,0
DA:17,0
DA:20,0
DA:21,0
DA:27,0
DA:28,0
DA:31,0
DA:32,0
DA:37,0
DA:54,0
DA:93,0
DA:97,0
DA:99,0
DA:101,0
DA:102,0
DA:103,0
DA:106,0
DA:107,0
DA:108,0
DA:109,0
DA:113,0
DA:114,0
DA:121,0
DA:158,0
DA:162,0
DA:196,0
DA:197,0
DA:200,0
DA:204,0
DA:207,0
DA:210,0
DA:211,0
DA:212,0
DA:215,0
DA:219,0
DA:220,0
DA:227,0
DA:228,0
DA:229,0
DA:230,0
DA:231,0
DA:232,0
DA:233,0
DA:234,0
DA:235,0
DA:236,0
DA:237,0
DA:239,0
DA:240,0
DA:242,0
DA:249,0
DA:284,0
DA:289,0
DA:291,0
DA:295,0
DA:300,0
DA:308,0
DA:310,0
DA:355,0
LF:63
LH:0
BRDA:20,0,0,0
BRDA:20,0,1,0
BRDA:27,1,0,0
BRDA:27,1,1,0
BRDA:31,2,0,0
BRDA:31,2,1,0
BRDA:52,3,0,0
BRDA:52,3,1,0
BRDA:101,4,0,0
BRDA:101,4,1,0
BRDA:102,5,0,0
BRDA:102,5,1,0
BRDA:103,6,0,0
BRDA:103,6,1,0
BRDA:106,7,0,0
BRDA:106,7,1,0
BRDA:106,8,0,0
BRDA:106,8,1,0
BRDA:108,9,0,0
BRDA:108,9,1,0
BRDA:109,10,0,0
BRDA:109,10,1,0
BRDA:113,11,0,0
BRDA:113,11,1,0
BRDA:196,12,0,0
BRDA:196,12,1,0
BRDA:210,13,0,0
BRDA:210,13,1,0
BRDA:210,14,0,0
BRDA:210,14,1,0
BRDA:212,15,0,0
BRDA:212,15,1,0
BRDA:215,16,0,0
BRDA:215,16,1,0
BRDA:219,17,0,0
BRDA:219,17,1,0
BRDA:228,18,0,0
BRDA:228,18,1,0
BRDA:229,19,0,0
BRDA:229,19,1,0
BRDA:230,20,0,0
BRDA:230,20,1,0
BRDA:231,21,0,0
BRDA:231,21,1,0
BRDA:232,22,0,0
BRDA:232,22,1,0
BRDA:233,23,0,0
BRDA:233,23,1,0
BRDA:234,24,0,0
BRDA:234,24,1,0
BRDA:235,25,0,0
BRDA:235,25,1,0
BRDA:236,26,0,0
BRDA:236,26,1,0
BRDA:237,27,0,0
BRDA:237,27,1,0
BRDA:239,28,0,0
BRDA:239,28,1,0
BRDA:307,29,0,0
BRF:59
BRH:0
end_of_record
TN:
SF:src/modules/firebase/firebase.service.ts
FN:11,(anonymous_11)
FN:13,(anonymous_12)
FN:77,(anonymous_13)
FN:105,(anonymous_14)
FN:133,(anonymous_15)
FN:159,(anonymous_16)
FN:174,(anonymous_17)
FN:189,(anonymous_18)
FNF:8
FNH:0
FNDA:0,(anonymous_11)
FNDA:0,(anonymous_12)
FNDA:0,(anonymous_13)
FNDA:0,(anonymous_14)
FNDA:0,(anonymous_15)
FNDA:0,(anonymous_16)
FNDA:0,(anonymous_17)
FNDA:0,(anonymous_18)
DA:1,0
DA:2,0
DA:3,0
DA:4,0
DA:5,0
DA:8,0
DA:9,0
DA:11,0
DA:15,0
DA:16,0
DA:17,0
DA:19,0
DA:20,0
DA:22,0
DA:24,0
DA:32,0
DA:33,0
DA:35,0
DA:40,0
DA:41,0
DA:43,0
DA:44,0
DA:45,0
DA:48,0
DA:49,0
DA:51,0
DA:52,0
DA:53,0
DA:56,0
DA:58,0
DA:63,0
DA:65,0
DA:83,0
DA:92,0
DA:93,0
DA:94,0
DA:111,0
DA:120,0
DA:121,0
DA:122,0
DA:139,0
DA:148,0
DA:149,0
DA:150,0
DA:163,0
DA:164,0
DA:165,0
DA:178,0
DA:179,0
DA:180,0
DA:190,0
DA:208,0
DA:209,0
DA:210,0
LF:54
LH:0
BRDA:19,0,0,0
BRDA:19,0,1,0
BRDA:19,1,0,0
BRDA:19,1,1,0
BRDA:19,1,2,0
BRDA:43,2,0,0
BRDA:43,2,1,0
BRDA:43,3,0,0
BRDA:43,3,1,0
BRDA:51,4,0,0
BRDA:51,4,1,0
BRF:11
BRH:0
end_of_record
TN:
SF:src/modules/gamification/gamification.controller.ts
FN:28,(anonymous_4)
FN:51,(anonymous_5)
FN:70,(anonymous_6)
FN:83,(anonymous_7)
FN:108,(anonymous_8)
FN:126,(anonymous_9)
FN:144,(anonymous_10)
FN:162,(anonymous_11)
FN:180,(anonymous_12)
FN:193,(anonymous_13)
FN:212,(anonymous_14)
FNF:11
FNH:0
FNDA:0,(anonymous_4)
FNDA:0,(anonymous_5)
FNDA:0,(anonymous_6)
FNDA:0,(anonymous_7)
FNDA:0,(anonymous_8)
FNDA:0,(anonymous_9)
FNDA:0,(anonymous_10)
FNDA:0,(anonymous_11)
FNDA:0,(anonymous_12)
FNDA:0,(anonymous_13)
FNDA:0,(anonymous_14)
DA:1,0
DA:12,0
DA:20,0
DA:21,0
DA:27,0
DA:28,0
DA:51,0
DA:52,0
DA:70,0
DA:71,0
DA:83,0
DA:84,0
DA:108,0
DA:113,0
DA:114,0
DA:126,0
DA:127,0
DA:144,0
DA:145,0
DA:162,0
DA:163,0
DA:180,0
DA:181,0
DA:193,0
DA:194,0
DA:212,0
DA:213,0
LF:27
LH:0
BRDA:113,0,0,0
BRDA:113,0,1,0
BRF:2
BRH:0
end_of_record
TN:
SF:src/modules/gamification/gamification.service.ts
FN:11,(anonymous_2)
FN:18,(anonymous_3)
FN:51,(anonymous_4)
FN:87,(anonymous_5)
FN:88,(anonymous_6)
FN:125,(anonymous_7)
FN:152,(anonymous_8)
FN:157,(anonymous_9)
FN:182,(anonymous_10)
FN:261,(anonymous_11)
FN:282,(anonymous_12)
FN:288,(anonymous_13)
FN:306,(anonymous_14)
FN:326,(anonymous_15)
FN:341,(anonymous_16)
FN:355,(anonymous_17)
FN:369,(anonymous_18)
FN:372,(anonymous_19)
FN:407,(anonymous_20)
FN:438,(anonymous_21)
FN:457,(anonymous_22)
FN:463,(anonymous_23)
FN:463,(anonymous_24)
FN:468,(anonymous_25)
FN:483,(anonymous_26)
FN:532,(anonymous_27)
FN:584,(anonymous_28)
FN:617,(anonymous_29)
FN:669,(anonymous_30)
FN:679,(anonymous_31)
FN:705,(anonymous_32)
FN:718,(anonymous_33)
FN:740,(anonymous_34)
FN:750,(anonymous_35)
FN:762,(anonymous_36)
FN:823,(anonymous_37)
FN:829,(anonymous_38)
FN:838,(anonymous_39)
FN:867,(anonymous_40)
FN:879,(anonymous_41)
FNF:40
FNH:0
FNDA:0,(anonymous_2)
FNDA:0,(anonymous_3)
FNDA:0,(anonymous_4)
FNDA:0,(anonymous_5)
FNDA:0,(anonymous_6)
FNDA:0,(anonymous_7)
FNDA:0,(anonymous_8)
FNDA:0,(anonymous_9)
FNDA:0,(anonymous_10)
FNDA:0,(anonymous_11)
FNDA:0,(anonymous_12)
FNDA:0,(anonymous_13)
FNDA:0,(anonymous_14)
FNDA:0,(anonymous_15)
FNDA:0,(anonymous_16)
FNDA:0,(anonymous_17)
FNDA:0,(anonymous_18)
FNDA:0,(anonymous_19)
FNDA:0,(anonymous_20)
FNDA:0,(anonymous_21)
FNDA:0,(anonymous_22)
FNDA:0,(anonymous_23)
FNDA:0,(anonymous_24)
FNDA:0,(anonymous_25)
FNDA:0,(anonymous_26)
FNDA:0,(anonymous_27)
FNDA:0,(anonymous_28)
FNDA:0,(anonymous_29)
FNDA:0,(anonymous_30)
FNDA:0,(anonymous_31)
FNDA:0,(anonymous_32)
FNDA:0,(anonymous_33)
FNDA:0,(anonymous_34)
FNDA:0,(anonymous_35)
FNDA:0,(anonymous_36)
FNDA:0,(anonymous_37)
FNDA:0,(anonymous_38)
FNDA:0,(anonymous_39)
FNDA:0,(anonymous_40)
FNDA:0,(anonymous_41)
DA:1,0
DA:2,0
DA:3,0
DA:4,0
DA:5,0
DA:8,0
DA:9,0
DA:12,0
DA:13,0
DA:19,0
DA:20,0
DA:21,0
DA:23,0
DA:24,0
DA:31,0
DA:32,0
DA:41,0
DA:42,0
DA:43,0
DA:48,0
DA:57,0
DA:59,0
DA:61,0
DA:64,0
DA:67,0
DA:70,0
DA:73,0
DA:77,0
DA:80,0
DA:83,0
DA:88,0
DA:90,0
DA:107,0
DA:110,0
DA:115,0
DA:116,0
DA:119,0
DA:126,0
DA:128,0
DA:144,0
DA:145,0
DA:146,0
DA:149,0
DA:154,0
DA:158,0
DA:159,0
DA:160,0
DA:162,0
DA:172,0
DA:177,0
DA:183,0
DA:185,0
DA:187,0
DA:189,0
DA:200,0
DA:203,0
DA:214,0
DA:217,0
DA:225,0
DA:229,0
DA:230,0
DA:231,0
DA:232,0
DA:234,0
DA:258,0
DA:262,0
DA:264,0
DA:267,0
DA:268,0
DA:272,0
DA:275,0
DA:278,0
DA:283,0
DA:284,0
DA:285,0
DA:290,0
DA:292,0
DA:294,0
DA:295,0
DA:296,0
DA:298,0
DA:301,0
DA:302,0
DA:307,0
DA:309,0
DA:311,0
DA:312,0
DA:313,0
DA:314,0
DA:316,0
DA:319,0
DA:320,0
DA:321,0
DA:322,0
DA:327,0
DA:328,0
DA:329,0
DA:330,0
DA:331,0
DA:332,0
DA:342,0
DA:345,0
DA:355,0
DA:356,0
DA:369,0
DA:372,0
DA:378,0
DA:379,0
DA:380,0
DA:392,0
DA:395,0
DA:408,0
DA:409,0
DA:421,0
DA:425,0
DA:430,0
DA:439,0
DA:447,0
DA:448,0
DA:449,0
DA:452,0
DA:456,0
DA:458,0
DA:463,0
DA:470,0
DA:473,0
DA:483,0
DA:484,0
DA:515,0
DA:517,0
DA:518,0
DA:520,0
DA:529,0
DA:533,0
DA:534,0
DA:536,0
DA:543,0
DA:545,0
DA:565,0
DA:566,0
DA:575,0
DA:578,0
DA:585,0
DA:586,0
DA:588,0
DA:595,0
DA:596,0
DA:600,0
DA:609,0
DA:618,0
DA:619,0
DA:621,0
DA:628,0
DA:629,0
DA:632,0
DA:641,0
DA:642,0
DA:645,0
DA:646,0
DA:650,0
DA:658,0
DA:660,0
DA:671,0
DA:674,0
DA:680,0
DA:692,0
DA:693,0
DA:697,0
DA:707,0
DA:710,0
DA:719,0
DA:721,0
DA:729,0
DA:739,0
DA:740,0
DA:741,0
DA:742,0
DA:744,0
DA:747,0
DA:751,0
DA:763,0
DA:766,0
DA:768,0
DA:770,0
DA:771,0
DA:772,0
DA:777,0
DA:778,0
DA:781,0
DA:782,0
DA:783,0
DA:788,0
DA:793,0
DA:796,0
DA:797,0
DA:798,0
DA:800,0
DA:801,0
DA:803,0
DA:805,0
DA:806,0
DA:809,0
DA:810,0
DA:817,0
DA:823,0
DA:824,0
DA:825,0
DA:829,0
DA:830,0
DA:831,0
DA:834,0
DA:835,0
DA:839,0
DA:840,0
DA:842,0
DA:851,0
DA:852,0
DA:854,0
DA:856,0
DA:857,0
DA:861,0
DA:868,0
DA:870,0
DA:871,0
DA:872,0
DA:873,0
DA:876,0
DA:880,0
DA:893,0
LF:229
LH:0
BRDA:31,0,0,0
BRDA:31,0,1,0
BRDA:41,1,0,0
BRDA:41,1,1,0
BRDA:59,2,0,0
BRDA:59,2,1,0
BRDA:59,2,2,0
BRDA:59,2,3,0
BRDA:59,2,4,0
BRDA:59,2,5,0
BRDA:59,2,6,0
BRDA:115,3,0,0
BRDA:115,3,1,0
BRDA:126,4,0,0
BRDA:126,4,1,0
BRDA:145,5,0,0
BRDA:145,5,1,0
BRDA:183,6,0,0
BRDA:183,6,1,0
BRDA:187,7,0,0
BRDA:187,7,1,0
BRDA:187,7,2,0
BRDA:232,8,0,0
BRDA:232,8,1,0
BRDA:232,8,2,0
BRDA:264,9,0,0
BRDA:264,9,1,0
BRDA:264,9,2,0
BRDA:264,9,3,0
BRDA:264,9,4,0
BRDA:264,9,5,0
BRDA:292,10,0,0
BRDA:292,10,1,0
BRDA:296,11,0,0
BRDA:296,11,1,0
BRDA:309,12,0,0
BRDA:309,12,1,0
BRDA:314,13,0,0
BRDA:314,13,1,0
BRDA:331,14,0,0
BRDA:331,14,1,0
BRDA:341,15,0,0
BRDA:374,16,0,0
BRDA:374,16,1,0
BRDA:379,17,0,0
BRDA:379,17,1,0
BRDA:392,18,0,0
BRDA:392,18,1,0
BRDA:400,19,0,0
BRDA:400,19,1,0
BRDA:402,20,0,0
BRDA:402,20,1,0
BRDA:448,21,0,0
BRDA:448,21,1,0
BRDA:458,22,0,0
BRDA:458,22,1,0
BRDA:532,23,0,0
BRDA:543,24,0,0
BRDA:543,24,1,0
BRDA:565,25,0,0
BRDA:565,25,1,0
BRDA:565,26,0,0
BRDA:565,26,1,0
BRDA:595,27,0,0
BRDA:595,27,1,0
BRDA:611,28,0,0
BRDA:611,28,1,0
BRDA:612,29,0,0
BRDA:612,29,1,0
BRDA:613,30,0,0
BRDA:613,30,1,0
BRDA:628,31,0,0
BRDA:628,31,1,0
BRDA:641,32,0,0
BRDA:641,32,1,0
BRDA:645,33,0,0
BRDA:645,33,1,0
BRDA:692,34,0,0
BRDA:692,34,1,0
BRDA:719,35,0,0
BRDA:719,35,1,0
BRDA:729,36,0,0
BRDA:729,36,1,0
BRDA:729,37,0,0
BRDA:729,37,1,0
BRDA:741,38,0,0
BRDA:741,38,1,0
BRDA:741,39,0,0
BRDA:741,39,1,0
BRDA:741,39,2,0
BRDA:742,40,0,0
BRDA:742,40,1,0
BRDA:744,41,0,0
BRDA:744,41,1,0
BRDA:768,42,0,0
BRDA:768,42,1,0
BRDA:768,42,2,0
BRDA:768,42,3,0
BRDA:768,42,4,0
BRDA:768,42,5,0
BRDA:800,43,0,0
BRDA:800,43,1,0
BRDA:800,44,0,0
BRDA:800,44,1,0
BRDA:809,45,0,0
BRDA:809,45,1,0
BRDA:856,46,0,0
BRDA:856,46,1,0
BRDA:870,47,0,0
BRDA:870,47,1,0
BRDA:872,48,0,0
BRDA:872,48,1,0
BRDA:893,49,0,0
BRDA:893,49,1,0
BRF:114
BRH:0
end_of_record
TN:
SF:src/modules/health/health.controller.ts
FN:8,(anonymous_2)
FN:17,(anonymous_3)
FN:28,(anonymous_4)
FN:38,(anonymous_5)
FN:48,(anonymous_6)
FNF:5
FNH:0
FNDA:0,(anonymous_2)
FNDA:0,(anonymous_3)
FNDA:0,(anonymous_4)
FNDA:0,(anonymous_5)
FNDA:0,(anonymous_6)
DA:1,0
DA:2,0
DA:3,0
DA:7,0
DA:8,0
DA:17,0
DA:18,0
DA:28,0
DA:29,0
DA:38,0
DA:39,0
DA:48,0
DA:49,0
LF:13
LH:0
BRF:0
BRH:0
end_of_record
TN:
SF:src/modules/health/health.service.ts
FN:8,(anonymous_2)
FN:10,(anonymous_3)
FN:30,(anonymous_4)
FN:54,(anonymous_5)
FN:63,(anonymous_6)
FN:73,(anonymous_7)
FNF:6
FNH:0
FNDA:0,(anonymous_2)
FNDA:0,(anonymous_3)
FNDA:0,(anonymous_4)
FNDA:0,(anonymous_5)
FNDA:0,(anonymous_6)
FNDA:0,(anonymous_7)
DA:1,0
DA:2,0
DA:5,0
DA:6,0
DA:8,0
DA:11,0
DA:13,0
DA:14,0
DA:16,0
DA:31,0
DA:33,0
DA:34,0
DA:44,0
DA:55,0
DA:64,0
DA:65,0
DA:66,0
DA:68,0
DA:69,0
DA:74,0
DA:75,0
LF:21
LH:0
BRDA:17,0,0,0
BRDA:17,0,1,0
BRDA:21,1,0,0
BRDA:21,1,1,0
BRDA:22,2,0,0
BRDA:22,2,1,0
BRDA:24,3,0,0
BRDA:24,3,1,0
BRDA:33,4,0,0
BRDA:33,4,1,0
BRF:10
BRH:0
end_of_record
TN:
SF:src/modules/kanban/kanban.controller.ts
FN:30,(anonymous_4)
FN:40,(anonymous_5)
FN:47,(anonymous_6)
FN:55,(anonymous_7)
FN:63,(anonymous_8)
FN:71,(anonymous_9)
FN:83,(anonymous_10)
FN:91,(anonymous_11)
FN:100,(anonymous_12)
FN:113,(anonymous_13)
FN:121,(anonymous_14)
FN:129,(anonymous_15)
FN:138,(anonymous_16)
FN:146,(anonymous_17)
FN:153,(anonymous_18)
FNF:15
FNH:0
FNDA:0,(anonymous_4)
FNDA:0,(anonymous_5)
FNDA:0,(anonymous_6)
FNDA:0,(anonymous_7)
FNDA:0,(anonymous_8)
FNDA:0,(anonymous_9)
FNDA:0,(anonymous_10)
FNDA:0,(anonymous_11)
FNDA:0,(anonymous_12)
FNDA:0,(anonymous_13)
FNDA:0,(anonymous_14)
FNDA:0,(anonymous_15)
FNDA:0,(anonymous_16)
FNDA:0,(anonymous_17)
FNDA:0,(anonymous_18)
DA:1,0
DA:12,0
DA:18,0
DA:19,0
DA:20,0
DA:21,0
DA:22,0
DA:23,0
DA:29,0
DA:30,0
DA:40,0
DA:41,0
DA:47,0
DA:48,0
DA:55,0
DA:56,0
DA:63,0
DA:64,0
DA:71,0
DA:72,0
DA:83,0
DA:84,0
DA:91,0
DA:92,0
DA:100,0
DA:101,0
DA:113,0
DA:114,0
DA:121,0
DA:122,0
DA:129,0
DA:130,0
DA:138,0
DA:139,0
DA:146,0
DA:147,0
DA:153,0
DA:154,0
LF:38
LH:0
BRF:0
BRH:0
end_of_record
TN:
SF:src/modules/kanban/kanban.service.ts
FN:11,(anonymous_2)
FN:17,(anonymous_3)
FN:56,(anonymous_4)
FN:80,(anonymous_5)
FN:124,(anonymous_6)
FN:156,(anonymous_7)
FN:170,(anonymous_8)
FN:189,(anonymous_9)
FN:209,(anonymous_10)
FN:242,(anonymous_11)
FN:332,(anonymous_12)
FN:367,(anonymous_13)
FN:403,(anonymous_14)
FN:460,(anonymous_15)
FN:474,(anonymous_16)
FNF:15
FNH:0
FNDA:0,(anonymous_2)
FNDA:0,(anonymous_3)
FNDA:0,(anonymous_4)
FNDA:0,(anonymous_5)
FNDA:0,(anonymous_6)
FNDA:0,(anonymous_7)
FNDA:0,(anonymous_8)
FNDA:0,(anonymous_9)
FNDA:0,(anonymous_10)
FNDA:0,(anonymous_11)
FNDA:0,(anonymous_12)
FNDA:0,(anonymous_13)
FNDA:0,(anonymous_14)
FNDA:0,(anonymous_15)
FNDA:0,(anonymous_16)
DA:1,0
DA:2,0
DA:3,0
DA:10,0
DA:11,0
DA:18,0
DA:53,0
DA:57,0
DA:77,0
DA:81,0
DA:117,0
DA:118,0
DA:121,0
DA:125,0
DA:127,0
DA:153,0
DA:157,0
DA:159,0
DA:163,0
DA:172,0
DA:174,0
DA:186,0
DA:190,0
DA:194,0
DA:195,0
DA:198,0
DA:206,0
DA:210,0
DA:221,0
DA:222,0
DA:225,0
DA:226,0
DA:231,0
DA:235,0
DA:244,0
DA:251,0
DA:252,0
DA:256,0
DA:257,0
DA:263,0
DA:267,0
DA:268,0
DA:272,0
DA:281,0
DA:282,0
DA:288,0
DA:290,0
DA:319,0
DA:329,0
DA:333,0
DA:360,0
DA:361,0
DA:364,0
DA:368,0
DA:370,0
DA:390,0
DA:400,0
DA:404,0
DA:407,0
DA:414,0
DA:415,0
DA:419,0
DA:420,0
DA:425,0
DA:426,0
DA:428,0
DA:446,0
DA:457,0
DA:461,0
DA:463,0
DA:467,0
DA:475,0
DA:482,0
LF:73
LH:0
BRDA:22,0,0,0
BRDA:22,0,1,0
BRDA:117,1,0,0
BRDA:117,1,1,0
BRDA:194,2,0,0
BRDA:194,2,1,0
BRDA:221,3,0,0
BRDA:221,3,1,0
BRDA:225,4,0,0
BRDA:225,4,1,0
BRDA:251,5,0,0
BRDA:251,5,1,0
BRDA:256,6,0,0
BRDA:256,6,1,0
BRDA:256,7,0,0
BRDA:256,7,1,0
BRDA:267,8,0,0
BRDA:267,8,1,0
BRDA:281,9,0,0
BRDA:281,9,1,0
BRDA:288,10,0,0
BRDA:288,10,1,0
BRDA:297,11,0,0
BRDA:297,11,1,0
BRDA:360,12,0,0
BRDA:360,12,1,0
BRDA:414,13,0,0
BRDA:414,13,1,0
BRDA:419,14,0,0
BRDA:419,14,1,0
BRDA:419,15,0,0
BRDA:419,15,1,0
BRDA:419,15,2,0
BRDA:426,16,0,0
BRDA:426,16,1,0
BRF:35
BRH:0
end_of_record
TN:
SF:src/modules/market-value/market-value.controller.ts
FN:30,(anonymous_4)
FN:48,(anonymous_5)
FN:69,(anonymous_6)
FN:93,(anonymous_7)
FN:113,(anonymous_8)
FN:126,(anonymous_9)
FNF:6
FNH:0
FNDA:0,(anonymous_4)
FNDA:0,(anonymous_5)
FNDA:0,(anonymous_6)
FNDA:0,(anonymous_7)
FNDA:0,(anonymous_8)
FNDA:0,(anonymous_9)
DA:1,0
DA:11,0
DA:18,0
DA:19,0
DA:20,0
DA:29,0
DA:30,0
DA:48,0
DA:51,0
DA:69,0
DA:72,0
DA:93,0
DA:96,0
DA:113,0
DA:114,0
DA:126,0
DA:127,0
LF:17
LH:0
BRF:0
BRH:0
end_of_record
TN:
SF:src/modules/market-value/market-value.service.ts
FN:20,(anonymous_4)
FN:31,(anonymous_5)
FN:87,(anonymous_6)
FN:94,(anonymous_7)
FN:95,(anonymous_8)
FN:186,(anonymous_9)
FN:211,(anonymous_10)
FN:255,(anonymous_11)
FN:278,(anonymous_12)
FN:291,(anonymous_13)
FN:325,(anonymous_14)
FN:353,(anonymous_15)
FN:356,(anonymous_16)
FN:359,(anonymous_17)
FN:363,(anonymous_18)
FN:389,(anonymous_19)
FN:418,(anonymous_20)
FN:435,(anonymous_21)
FN:448,(anonymous_22)
FN:457,(anonymous_23)
FN:470,(anonymous_24)
FN:479,(anonymous_25)
FN:498,(anonymous_26)
FNF:23
FNH:0
FNDA:0,(anonymous_4)
FNDA:0,(anonymous_5)
FNDA:0,(anonymous_6)
FNDA:0,(anonymous_7)
FNDA:0,(anonymous_8)
FNDA:0,(anonymous_9)
FNDA:0,(anonymous_10)
FNDA:0,(anonymous_11)
FNDA:0,(anonymous_12)
FNDA:0,(anonymous_13)
FNDA:0,(anonymous_14)
FNDA:0,(anonymous_15)
FNDA:0,(anonymous_16)
FNDA:0,(anonymous_17)
FNDA:0,(anonymous_18)
FNDA:0,(anonymous_19)
FNDA:0,(anonymous_20)
FNDA:0,(anonymous_21)
FNDA:0,(anonymous_22)
FNDA:0,(anonymous_23)
FNDA:0,(anonymous_24)
FNDA:0,(anonymous_25)
FNDA:0,(anonymous_26)
DA:1,0
DA:2,0
DA:3,0
DA:4,0
DA:5,0
DA:7,0
DA:16,0
DA:17,0
DA:21,0
DA:22,0
DA:23,0
DA:25,0
DA:32,0
DA:34,0
DA:35,0
DA:36,0
DA:37,0
DA:38,0
DA:42,0
DA:68,0
DA:69,0
DA:73,0
DA:81,0
DA:85,0
DA:87,0
DA:93,0
DA:94,0
DA:95,0
DA:99,0
DA:100,0
DA:103,0
DA:106,0
DA:122,0
DA:126,0
DA:138,0
DA:141,0
DA:143,0
DA:145,0
DA:147,0
DA:148,0
DA:151,0
DA:154,0
DA:159,0
DA:160,0
DA:161,0
DA:176,0
DA:190,0
DA:191,0
DA:204,0
DA:212,0
DA:214,0
DA:220,0
DA:222,0
DA:223,0
DA:240,0
DA:242,0
DA:244,0
DA:249,0
DA:250,0
DA:251,0
DA:253,0
DA:255,0
DA:267,0
DA:268,0
DA:281,0
DA:282,0
DA:283,0
DA:290,0
DA:292,0
DA:295,0
DA:313,0
DA:314,0
DA:318,0
DA:323,0
DA:325,0
DA:330,0
DA:337,0
DA:353,0
DA:354,0
DA:355,0
DA:356,0
DA:359,0
DA:363,0
DA:365,0
DA:367,0
DA:375,0
DA:376,0
DA:378,0
DA:379,0
DA:390,0
DA:391,0
DA:393,0
DA:399,0
DA:403,0
DA:405,0
DA:407,0
DA:408,0
DA:419,0
DA:420,0
DA:423,0
DA:425,0
DA:436,0
DA:438,0
DA:446,0
DA:448,0
DA:451,0
DA:458,0
DA:460,0
DA:468,0
DA:470,0
DA:473,0
DA:480,0
DA:492,0
DA:499,0
DA:501,0
DA:502,0
DA:504,0
DA:506,0
LF:118
LH:0
BRDA:25,0,0,0
BRDA:25,0,1,0
BRDA:36,1,0,0
BRDA:36,1,1,0
BRDA:68,2,0,0
BRDA:68,2,1,0
BRDA:73,3,0,0
BRDA:73,3,1,0
BRDA:85,4,0,0
BRDA:85,4,1,0
BRDA:87,5,0,0
BRDA:87,5,1,0
BRDA:95,6,0,0
BRDA:95,6,1,0
BRDA:103,7,0,0
BRDA:103,7,1,0
BRDA:108,8,0,0
BRDA:108,8,1,0
BRDA:116,9,0,0
BRDA:116,9,1,0
BRDA:147,10,0,0
BRDA:147,10,1,0
BRDA:159,11,0,0
BRDA:159,11,1,0
BRDA:220,12,0,0
BRDA:220,12,1,0
BRDA:242,13,0,0
BRDA:242,13,1,0
BRDA:244,14,0,0
BRDA:244,14,1,0
BRDA:249,15,0,0
BRDA:249,15,1,0
BRDA:250,16,0,0
BRDA:250,16,1,0
BRDA:282,17,0,0
BRDA:282,17,1,0
BRDA:323,18,0,0
BRDA:323,18,1,0
BRDA:325,19,0,0
BRDA:325,19,1,0
BRDA:330,20,0,0
BRDA:330,20,1,0
BRDA:341,21,0,0
BRDA:341,21,1,0
BRDA:375,22,0,0
BRDA:375,22,1,0
BRDA:436,23,0,0
BRDA:436,23,1,0
BRDA:446,24,0,0
BRDA:446,24,1,0
BRDA:448,25,0,0
BRDA:448,25,1,0
BRDA:458,26,0,0
BRDA:458,26,1,0
BRDA:468,27,0,0
BRDA:468,27,1,0
BRDA:470,28,0,0
BRDA:470,28,1,0
BRDA:492,29,0,0
BRDA:492,29,1,0
BRDA:499,30,0,0
BRDA:499,30,1,0
BRF:62
BRH:0
end_of_record
TN:
SF:src/modules/marketplace/marketplace.controller.ts
FN:37,(anonymous_4)
FN:45,(anonymous_5)
FN:53,(anonymous_6)
FN:61,(anonymous_7)
FN:73,(anonymous_8)
FN:82,(anonymous_9)
FN:91,(anonymous_10)
FN:106,(anonymous_11)
FN:114,(anonymous_12)
FN:124,(anonymous_13)
FN:134,(anonymous_14)
FN:141,(anonymous_15)
FN:148,(anonymous_16)
FN:157,(anonymous_17)
FN:166,(anonymous_18)
FN:178,(anonymous_19)
FN:187,(anonymous_20)
FN:201,(anonymous_21)
FN:208,(anonymous_22)
FN:217,(anonymous_23)
FN:224,(anonymous_24)
FN:232,(anonymous_25)
FN:240,(anonymous_26)
FNF:23
FNH:23
FNDA:25,(anonymous_4)
FNDA:1,(anonymous_5)
FNDA:1,(anonymous_6)
FNDA:1,(anonymous_7)
FNDA:1,(anonymous_8)
FNDA:1,(anonymous_9)
FNDA:1,(anonymous_10)
FNDA:1,(anonymous_11)
FNDA:1,(anonymous_12)
FNDA:1,(anonymous_13)
FNDA:1,(anonymous_14)
FNDA:1,(anonymous_15)
FNDA:1,(anonymous_16)
FNDA:1,(anonymous_17)
FNDA:1,(anonymous_18)
FNDA:1,(anonymous_19)
FNDA:2,(anonymous_20)
FNDA:1,(anonymous_21)
FNDA:1,(anonymous_22)
FNDA:1,(anonymous_23)
FNDA:1,(anonymous_24)
FNDA:1,(anonymous_25)
FNDA:2,(anonymous_26)
DA:1,1
DA:15,1
DA:22,1
DA:23,1
DA:24,1
DA:25,1
DA:26,1
DA:27,1
DA:28,1
DA:29,1
DA:30,1
DA:36,1
DA:37,25
DA:45,1
DA:46,1
DA:53,1
DA:54,1
DA:61,1
DA:65,1
DA:73,1
DA:74,1
DA:82,1
DA:83,1
DA:91,1
DA:92,1
DA:106,1
DA:107,1
DA:114,1
DA:115,1
DA:124,1
DA:125,1
DA:134,1
DA:135,1
DA:141,1
DA:142,1
DA:148,1
DA:149,1
DA:157,1
DA:158,1
DA:166,1
DA:170,1
DA:178,1
DA:179,1
DA:187,1
DA:192,2
DA:201,1
DA:202,1
DA:208,1
DA:209,1
DA:217,1
DA:218,1
DA:224,1
DA:225,1
DA:232,1
DA:233,1
DA:240,1
DA:245,2
LF:57
LH:57
BRF:0
BRH:0
end_of_record
TN:
SF:src/modules/marketplace/marketplace.service.ts
FN:24,(anonymous_2)
FN:33,(anonymous_3)
FN:91,(anonymous_4)
FN:130,(anonymous_5)
FN:166,(anonymous_6)
FN:194,(anonymous_7)
FN:217,(anonymous_8)
FN:244,(anonymous_9)
FN:282,(anonymous_10)
FN:284,(anonymous_11)
FN:289,(anonymous_12)
FN:291,(anonymous_13)
FN:296,(anonymous_14)
FN:303,(anonymous_15)
FN:304,(anonymous_16)
FN:309,(anonymous_17)
FN:315,(anonymous_18)
FN:318,(anonymous_19)
FN:324,(anonymous_20)
FN:326,(anonymous_21)
FN:338,(anonymous_22)
FN:357,(anonymous_23)
FN:390,(anonymous_24)
FN:404,(anonymous_25)
FN:447,(anonymous_26)
FN:453,(anonymous_27)
FN:477,(anonymous_28)
FN:481,(anonymous_29)
FN:498,(anonymous_30)
FN:563,(anonymous_31)
FN:594,(anonymous_32)
FN:629,(anonymous_33)
FN:675,(anonymous_34)
FN:710,(anonymous_35)
FN:745,(anonymous_36)
FN:777,(anonymous_37)
FN:838,(anonymous_38)
FN:855,(anonymous_39)
FN:857,(anonymous_40)
FN:858,(anonymous_41)
FN:859,(anonymous_42)
FN:860,(anonymous_43)
FN:861,(anonymous_44)
FN:877,(anonymous_45)
FN:889,(anonymous_46)
FN:890,(anonymous_47)
FN:915,(anonymous_48)
FN:961,(anonymous_49)
FN:987,(anonymous_50)
FN:989,(anonymous_51)
FN:1009,(anonymous_52)
FN:1028,(anonymous_53)
FNF:52
FNH:52
FNDA:93,(anonymous_2)
FNDA:5,(anonymous_3)
FNDA:2,(anonymous_4)
FNDA:2,(anonymous_5)
FNDA:5,(anonymous_6)
FNDA:2,(anonymous_7)
FNDA:2,(anonymous_8)
FNDA:14,(anonymous_9)
FNDA:2,(anonymous_10)
FNDA:2,(anonymous_11)
FNDA:2,(anonymous_12)
FNDA:2,(anonymous_13)
FNDA:2,(anonymous_14)
FNDA:2,(anonymous_15)
FNDA:2,(anonymous_16)
FNDA:3,(anonymous_17)
FNDA:3,(anonymous_18)
FNDA:3,(anonymous_19)
FNDA:39,(anonymous_20)
FNDA:49,(anonymous_21)
FNDA:26,(anonymous_22)
FNDA:4,(anonymous_23)
FNDA:2,(anonymous_24)
FNDA:6,(anonymous_25)
FNDA:65,(anonymous_26)
FNDA:127,(anonymous_27)
FNDA:61,(anonymous_28)
[...]
FN:289,(anonymous_19)
FN:296,(anonymous_20)
FN:302,(anonymous_21)
FN:316,(anonymous_22)
FN:325,(anonymous_23)
FN:327,(anonymous_24)
FN:331,(anonymous_25)
FN:336,(anonymous_26)
FN:342,(anonymous_27)
FN:351,(anonymous_28)
FN:354,(anonymous_29)
FNF:26
FNH:0
FNDA:0,(anonymous_4)
FNDA:0,(anonymous_5)
FNDA:0,(anonymous_6)
FNDA:0,(anonymous_7)
FNDA:0,(anonymous_8)
FNDA:0,(anonymous_9)
FNDA:0,(anonymous_10)
FNDA:0,(anonymous_11)
FNDA:0,(anonymous_12)
FNDA:0,(anonymous_13)
FNDA:0,(anonymous_14)
FNDA:0,(anonymous_15)
FNDA:0,(anonymous_16)
FNDA:0,(anonymous_17)
FNDA:0,(anonymous_18)
FNDA:0,(anonymous_19)
FNDA:0,(anonymous_20)
FNDA:0,(anonymous_21)
FNDA:0,(anonymous_22)
FNDA:0,(anonymous_23)
FNDA:0,(anonymous_24)
FNDA:0,(anonymous_25)
FNDA:0,(anonymous_26)
FNDA:0,(anonymous_27)
FNDA:0,(anonymous_28)
FNDA:0,(anonymous_29)
DA:1,0
DA:12,0
DA:13,0
DA:14,0
DA:15,0
DA:29,0
DA:31,0
DA:33,0
DA:34,0
DA:37,0
DA:38,0
DA:42,0
DA:45,0
DA:49,0
DA:51,0
DA:53,0
DA:54,0
DA:55,0
DA:58,0
DA:60,0
DA:61,0
DA:62,0
DA:66,0
DA:67,0
DA:70,0
DA:73,0
DA:76,0
DA:77,0
DA:80,0
DA:83,0
DA:90,0
DA:93,0
DA:98,0
DA:99,0
DA:105,0
DA:107,0
DA:109,0
DA:112,0
DA:118,0
DA:125,0
DA:129,0
DA:130,0
DA:133,0
DA:134,0
DA:136,0
DA:146,0
DA:150,0
DA:151,0
DA:154,0
DA:155,0
DA:157,0
DA:167,0
DA:168,0
DA:169,0
DA:172,0
DA:173,0
DA:175,0
DA:185,0
DA:189,0
DA:190,0
DA:191,0
DA:193,0
DA:203,0
DA:207,0
DA:208,0
DA:211,0
DA:212,0
DA:216,0
DA:217,0
DA:220,0
DA:228,0
DA:231,0
DA:233,0
DA:240,0
DA:241,0
DA:243,0
DA:255,0
DA:262,0
DA:269,0
DA:276,0
DA:283,0
DA:290,0
DA:297,0
DA:303,0
DA:305,0
DA:306,0
DA:309,0
DA:310,0
DA:313,0
DA:317,0
DA:318,0
DA:320,0
DA:321,0
DA:327,0
DA:328,0
DA:331,0
DA:332,0
DA:337,0
DA:338,0
DA:343,0
DA:344,0
DA:352,0
DA:354,0
LF:103
LH:0
BRDA:53,0,0,0
BRDA:53,0,1,0
BRDA:60,1,0,0
BRDA:60,1,1,0
BRDA:76,2,0,0
BRDA:76,2,1,0
BRDA:107,3,0,0
BRDA:107,3,1,0
BRDA:129,4,0,0
BRDA:129,4,1,0
BRDA:150,5,0,0
BRDA:150,5,1,0
BRDA:168,6,0,0
BRDA:168,6,1,0
BRDA:189,7,0,0
BRDA:189,7,1,0
BRDA:207,8,0,0
BRDA:207,8,1,0
BRDA:211,9,0,0
BRDA:211,9,1,0
BRDA:211,10,0,0
BRDA:211,10,1,0
BRDA:216,11,0,0
BRDA:216,11,1,0
BRDA:303,12,0,0
BRDA:303,12,1,0
BRDA:305,13,0,0
BRDA:305,13,1,0
BRDA:309,14,0,0
BRDA:309,14,1,0
BRDA:309,15,0,0
BRDA:309,15,1,0
BRDA:337,16,0,0
BRDA:337,16,1,0
BRDA:337,17,0,0
BRDA:337,17,1,0
BRDA:343,18,0,0
BRDA:343,18,1,0
BRDA:343,19,0,0
BRDA:343,19,1,0
BRDA:343,19,2,0
BRF:41
BRH:0
end_of_record
TN:
SF:src/passport/passport.controller.ts
FN:11,(anonymous_4)
FN:16,(anonymous_5)
FN:25,(anonymous_6)
FN:30,(anonymous_7)
FN:41,(anonymous_8)
FN:50,(anonymous_9)
FN:66,(anonymous_10)
FNF:7
FNH:0
FNDA:0,(anonymous_4)
FNDA:0,(anonymous_5)
FNDA:0,(anonymous_6)
FNDA:0,(anonymous_7)
FNDA:0,(anonymous_8)
FNDA:0,(anonymous_9)
FNDA:0,(anonymous_10)
DA:1,0
DA:2,0
DA:3,0
DA:4,0
DA:5,0
DA:6,0
DA:7,0
DA:10,0
DA:11,0
DA:16,0
DA:17,0
DA:25,0
DA:26,0
DA:30,0
DA:31,0
DA:32,0
DA:34,0
DA:41,0
DA:42,0
DA:50,0
DA:55,0
DA:66,0
DA:67,0
LF:23
LH:0
BRF:0
BRH:0
end_of_record
TN:
SF:src/passport/passport.service.ts
FN:9,(anonymous_11)
FN:11,(anonymous_12)
FN:39,(anonymous_13)
FN:81,(anonymous_14)
FN:101,(anonymous_15)
FN:121,(anonymous_16)
FN:154,(anonymous_17)
FN:174,(anonymous_18)
FNF:8
FNH:0
FNDA:0,(anonymous_11)
FNDA:0,(anonymous_12)
FNDA:0,(anonymous_13)
FNDA:0,(anonymous_14)
FNDA:0,(anonymous_15)
FNDA:0,(anonymous_16)
FNDA:0,(anonymous_17)
FNDA:0,(anonymous_18)
DA:1,0
DA:2,0
DA:3,0
DA:4,0
DA:5,0
DA:8,0
DA:9,0
DA:12,0
DA:25,0
DA:26,0
DA:29,0
DA:33,0
DA:34,0
DA:37,0
DA:39,0
DA:44,0
DA:60,0
DA:82,0
DA:94,0
DA:95,0
DA:98,0
DA:102,0
DA:114,0
DA:115,0
DA:118,0
DA:127,0
DA:131,0
DA:132,0
DA:135,0
DA:155,0
DA:156,0
DA:158,0
DA:159,0
DA:168,0
DA:170,0
DA:175,0
DA:179,0
DA:180,0
DA:183,0
LF:39
LH:0
BRDA:25,0,0,0
BRDA:25,0,1,0
BRDA:33,1,0,0
BRDA:33,1,1,0
BRDA:37,2,0,0
BRDA:37,2,1,0
BRDA:39,3,0,0
BRDA:39,3,1,0
BRDA:53,4,0,0
BRDA:53,4,1,0
BRDA:94,5,0,0
BRDA:94,5,1,0
BRDA:114,6,0,0
BRDA:114,6,1,0
BRDA:131,7,0,0
BRDA:131,7,1,0
BRDA:139,8,0,0
BRDA:139,8,1,0
BRDA:155,9,0,0
BRDA:155,9,1,0
BRDA:179,10,0,0
BRDA:179,10,1,0
BRF:22
BRH:0
end_of_record
TN:
SF:src/scripts/seed-public-players.ts
FN:8,seedPublicPlayers
FN:81,(anonymous_10)
FN:142,(anonymous_11)
FN:146,(anonymous_12)
FNF:4
FNH:0
FNDA:0,seedPublicPlayers
FNDA:0,(anonymous_10)
FNDA:0,(anonymous_11)
FNDA:0,(anonymous_12)
DA:2,0
DA:3,0
DA:4,0
DA:6,0
DA:9,0
DA:11,0
DA:69,0
DA:70,0
DA:72,0
DA:73,0
DA:75,0
DA:79,0
DA:81,0
DA:83,0
DA:99,0
DA:122,0
DA:123,0
DA:126,0
DA:129,0
DA:133,0
DA:134,0
DA:135,0
DA:136,0
DA:137,0
DA:138,0
DA:141,0
DA:143,0
DA:144,0
DA:147,0
LF:29
LH:0
BRDA:79,0,0,0
BRDA:79,0,1,0
BRDA:90,1,0,0
BRDA:90,1,1,0
BRDA:110,2,0,0
BRDA:110,2,1,0
BRDA:111,3,0,0
BRDA:111,3,1,0
BRDA:112,4,0,0
BRDA:112,4,1,0
BRDA:113,5,0,0
BRDA:113,5,1,0
BRDA:114,6,0,0
BRDA:114,6,1,0
BRDA:115,7,0,0
BRDA:115,7,1,0
BRDA:116,8,0,0
BRDA:116,8,1,0
BRF:18
BRH:0
end_of_record
TN:
SF:src/scripts/test-all-systems.ts
FN:37,log
FN:41,logSection
FN:47,logTest
FN:54,makeRequest
FN:86,runTest
FN:107,testAuthentication
FN:110,(anonymous_6)
FN:130,(anonymous_7)
FN:145,testPlayerValidation
FN:148,(anonymous_9)
FN:160,(anonymous_10)
FN:170,(anonymous_11)
FN:178,(anonymous_12)
FN:195,(anonymous_13)
FN:202,(anonymous_14)
FN:226,testGamification
FN:229,(anonymous_16)
FN:238,(anonymous_17)
FN:243,(anonymous_18)
FN:247,(anonymous_19)
FN:253,(anonymous_20)
FN:265,(anonymous_21)
FN:275,(anonymous_22)
FN:283,(anonymous_23)
FN:301,testAIIntelligence
FN:313,(anonymous_25)
FN:323,(anonymous_26)
FN:333,(anonymous_27)
FN:339,(anonymous_28)
FN:344,(anonymous_29)
FN:356,(anonymous_30)
FN:369,testExternalAPIs
FN:372,(anonymous_32)
FN:383,(anonymous_33)
FN:389,(anonymous_34)
FN:401,(anonymous_35)
FN:413,(anonymous_36)
FN:424,(anonymous_37)
FN:441,testPerformance
FN:444,(anonymous_39)
FN:456,(anonymous_40)
FN:473,(anonymous_41)
FN:488,displayFinalResults
FN:492,(anonymous_43)
FN:504,(anonymous_44)
FN:505,(anonymous_45)
FN:515,(anonymous_46)
FN:520,(anonymous_47)
FN:521,(anonymous_48)
FN:525,(anonymous_49)
FN:535,main
FN:562,(anonymous_51)
FNF:52
FNH:0
FNDA:0,log
FNDA:0,logSection
FNDA:0,logTest
FNDA:0,makeRequest
FNDA:0,runTest
FNDA:0,testAuthentication
FNDA:0,(anonymous_6)
FNDA:0,(anonymous_7)
FNDA:0,testPlayerValidation
FNDA:0,(anonymous_9)
FNDA:0,(anonymous_10)
FNDA:0,(anonymous_11)
FNDA:0,(anonymous_12)
FNDA:0,(anonymous_13)
FNDA:0,(anonymous_14)
FNDA:0,testGamification
FNDA:0,(anonymous_16)
FNDA:0,(anonymous_17)
FNDA:0,(anonymous_18)
FNDA:0,(anonymous_19)
FNDA:0,(anonymous_20)
FNDA:0,(anonymous_21)
FNDA:0,(anonymous_22)
FNDA:0,(anonymous_23)
FNDA:0,testAIIntelligence
FNDA:0,(anonymous_25)
FNDA:0,(anonymous_26)
FNDA:0,(anonymous_27)
FNDA:0,(anonymous_28)
FNDA:0,(anonymous_29)
FNDA:0,(anonymous_30)
FNDA:0,testExternalAPIs
FNDA:0,(anonymous_32)
FNDA:0,(anonymous_33)
FNDA:0,(anonymous_34)
FNDA:0,(anonymous_35)
FNDA:0,(anonymous_36)
FNDA:0,(anonymous_37)
FNDA:0,testPerformance
FNDA:0,(anonymous_39)
FNDA:0,(anonymous_40)
FNDA:0,(anonymous_41)
FNDA:0,displayFinalResults
FNDA:0,(anonymous_43)
FNDA:0,(anonymous_44)
FNDA:0,(anonymous_45)
FNDA:0,(anonymous_46)
FNDA:0,(anonymous_47)
FNDA:0,(anonymous_48)
FNDA:0,(anonymous_49)
FNDA:0,main
FNDA:0,(anonymous_51)
DA:7,0
DA:9,0
DA:10,0
DA:13,0
DA:24,0
DA:25,0
DA:26,0
DA:35,0
DA:38,0
DA:42,0
DA:43,0
DA:44,0
DA:48,0
DA:49,0
DA:50,0
DA:51,0
DA:60,0
DA:64,0
DA:65,0
DA:68,0
DA:73,0
DA:74,0
DA:77,0
DA:79,0
DA:80,0
DA:83,0
DA:87,0
DA:88,0
DA:89,0
DA:90,0
DA:91,0
DA:92,0
DA:93,0
DA:95,0
DA:96,0
DA:97,0
DA:98,0
DA:99,0
DA:108,0
DA:110,0
DA:111,0
DA:121,0
DA:122,0
DA:125,0
DA:126,0
DA:127,0
DA:130,0
DA:131,0
DA:133,0
DA:134,0
DA:137,0
DA:146,0
DA:148,0
DA:149,0
DA:151,0
DA:152,0
DA:154,0
DA:155,0
DA:156,0
DA:160,0
DA:161,0
DA:163,0
DA:164,0
DA:165,0
DA:166,0
DA:169,0
DA:170,0
DA:171,0
DA:175,0
DA:178,0
DA:179,0
DA:188,0
DA:189,0
DA:192,0
DA:195,0
DA:196,0
DA:198,0
DA:202,0
DA:203,0
DA:207,0
DA:211,0
DA:212,0
DA:215,0
DA:216,0
DA:218,0
DA:227,0
DA:229,0
DA:230,0
DA:232,0
DA:233,0
DA:234,0
DA:235,0
DA:238,0
DA:239,0
DA:241,0
DA:243,0
DA:244,0
DA:247,0
DA:248,0
DA:250,0
DA:253,0
DA:254,0
DA:258,0
DA:260,0
DA:261,0
DA:265,0
DA:266,0
DA:268,0
DA:269,0
DA:270,0
DA:271,0
DA:275,0
DA:276,0
DA:278,0
DA:279,0
DA:280,0
DA:283,0
DA:284,0
DA:289,0
DA:291,0
DA:292,0
DA:302,0
DA:304,0
DA:306,0
DA:307,0
DA:308,0
DA:312,0
DA:313,0
DA:314,0
DA:316,0
DA:317,0
DA:318,0
DA:319,0
DA:320,0
DA:323,0
DA:324,0
DA:326,0
DA:327,0
DA:328,0
DA:329,0
DA:330,0
DA:333,0
DA:334,0
DA:336,0
DA:337,0
DA:339,0
DA:340,0
DA:344,0
DA:345,0
DA:347,0
DA:348,0
DA:349,0
DA:351,0
DA:352,0
DA:356,0
DA:357,0
DA:359,0
DA:360,0
DA:370,0
DA:372,0
DA:373,0
DA:375,0
DA:377,0
DA:378,0
DA:379,0
DA:383,0
DA:384,0
DA:386,0
DA:389,0
DA:390,0
DA:394,0
DA:395,0
DA:396,0
DA:397,0
DA:401,0
DA:402,0
DA:406,0
DA:407,0
DA:408,0
DA:409,0
DA:413,0
DA:414,0
DA:416,0
DA:418,0
DA:419,0
DA:420,0
DA:424,0
DA:425,0
DA:429,0
DA:430,0
DA:431,0
DA:432,0
DA:442,0
DA:444,0
DA:445,0
DA:446,0
DA:447,0
DA:449,0
DA:450,0
DA:453,0
DA:456,0
DA:457,0
DA:459,0
DA:466,0
DA:467,0
DA:469,0
DA:470,0
DA:473,0
DA:474,0
DA:476,0
DA:477,0
DA:480,0
DA:489,0
DA:491,0
DA:492,0
DA:493,0
DA:494,0
DA:496,0
DA:497,0
DA:498,0
DA:499,0
DA:501,0
DA:502,0
DA:503,0
DA:504,0
DA:506,0
DA:507,0
DA:508,0
DA:515,0
DA:517,0
DA:519,0
DA:520,0
DA:521,0
DA:523,0
DA:524,0
DA:525,0
DA:526,0
DA:536,0
DA:546,0
DA:547,0
DA:549,0
DA:551,0
DA:552,0
DA:553,0
DA:554,0
DA:555,0
DA:556,0
DA:559,0
DA:562,0
DA:563,0
DA:565,0
DA:566,0
DA:567,0
DA:569,0
DA:574,0
LF:255
LH:0
BRDA:37,0,0,0
BRDA:48,1,0,0
BRDA:48,1,1,0
BRDA:49,2,0,0
BRDA:49,2,1,0
BRDA:50,3,0,0
BRDA:50,3,1,0
BRDA:56,4,0,0
BRDA:58,5,0,0
BRDA:64,6,0,0
BRDA:64,6,1,0
BRDA:64,7,0,0
BRDA:64,7,1,0
BRDA:73,8,0,0
BRDA:73,8,1,0
BRDA:79,9,0,0
BRDA:79,9,1,0
BRDA:121,10,0,0
BRDA:121,10,1,0
BRDA:133,11,0,0
BRDA:133,11,1,0
BRDA:133,12,0,0
BRDA:133,12,1,0
BRDA:154,13,0,0
BRDA:154,13,1,0
BRDA:169,14,0,0
BRDA:169,14,1,0
BRDA:188,15,0,0
BRDA:188,15,1,0
BRDA:211,16,0,0
BRDA:211,16,1,0
BRDA:260,17,0,0
BRDA:260,17,1,0
BRDA:268,18,0,0
BRDA:268,18,1,0
BRDA:271,19,0,0
BRDA:271,19,1,0
BRDA:291,20,0,0
BRDA:291,20,1,0
BRDA:304,21,0,0
BRDA:304,21,1,0
BRDA:307,22,0,0
BRDA:307,22,1,0
BRDA:312,23,0,0
BRDA:312,23,1,0
BRDA:320,24,0,0
BRDA:320,24,1,0
BRDA:348,25,0,0
BRDA:348,25,1,0
BRDA:351,26,0,0
BRDA:351,26,1,0
BRDA:377,27,0,0
BRDA:377,27,1,0
BRDA:394,28,0,0
BRDA:394,28,1,0
BRDA:397,29,0,0
BRDA:397,29,1,0
BRDA:406,30,0,0
BRDA:406,30,1,0
BRDA:408,31,0,0
BRDA:408,31,1,0
BRDA:409,32,0,0
BRDA:409,32,1,0
BRDA:418,33,0,0
BRDA:418,33,1,0
BRDA:429,34,0,0
BRDA:429,34,1,0
BRDA:449,35,0,0
BRDA:449,35,1,0
BRDA:476,36,0,0
BRDA:476,36,1,0
BRDA:498,37,0,0
BRDA:498,37,1,0
BRDA:501,38,0,0
BRDA:501,38,1,0
BRDA:507,39,0,0
BRDA:507,39,1,0
BRDA:515,40,0,0
BRDA:515,40,1,0
BRDA:520,41,0,0
BRDA:520,41,1,0
BRDA:521,42,0,0
BRDA:521,42,1,0
BRDA:521,43,0,0
BRDA:521,43,1,0
BRDA:523,44,0,0
BRDA:523,44,1,0
BRDA:563,45,0,0
BRDA:563,45,1,0
BRF:89
BRH:0
end_of_record
TN:
SF:src/scripts/test-arkane-match.ts
FN:82,testChat
FN:101,getConversation
FN:116,getInfo
FN:131,printResult
FN:156,(anonymous_5)
FN:167,(anonymous_6)
FN:178,runTests
FN:213,(anonymous_8)
FN:236,(anonymous_9)
FN:273,(anonymous_10)
FN:277,(anonymous_11)
FNF:11
FNH:0
FNDA:0,testChat
FNDA:0,getConversation
FNDA:0,getInfo
FNDA:0,printResult
FNDA:0,(anonymous_5)
FNDA:0,(anonymous_6)
FNDA:0,runTests
FNDA:0,(anonymous_8)
FNDA:0,(anonymous_9)
FNDA:0,(anonymous_10)
FNDA:0,(anonymous_11)
DA:14,0
DA:16,0
DA:17,0
DA:19,0
DA:20,0
DA:21,0
DA:22,0
DA:26,0
DA:36,0
DA:72,0
DA:83,0
DA:84,0
DA:89,0
DA:91,0
DA:92,0
DA:94,0
DA:102,0
DA:103,0
DA:104,0
DA:106,0
DA:107,0
DA:109,0
DA:117,0
DA:118,0
DA:119,0
DA:121,0
DA:122,0
DA:124,0
DA:132,0
DA:133,0
DA:134,0
DA:136,0
DA:137,0
DA:138,0
DA:141,0
DA:142,0
DA:143,0
DA:145,0
DA:146,0
DA:149,0
DA:150,0
DA:151,0
DA:154,0
DA:155,0
DA:156,0
DA:157,0
DA:158,0
DA:159,0
DA:162,0
DA:165,0
DA:166,0
DA:167,0
DA:170,0
DA:171,0
DA:179,0
DA:180,0
DA:181,0
DA:183,0
DA:184,0
DA:187,0
DA:188,0
DA:189,0
DA:190,0
DA:192,0
DA:193,0
DA:194,0
DA:195,0
DA:197,0
DA:198,0
DA:202,0
DA:203,0
DA:204,0
DA:205,0
DA:206,0
DA:208,0
DA:209,0
DA:213,0
DA:217,0
DA:218,0
DA:219,0
DA:220,0
DA:224,0
DA:225,0
DA:227,0
DA:228,0
DA:230,0
DA:232,0
DA:233,0
DA:236,0
DA:239,0
DA:240,0
DA:243,0
DA:244,0
DA:245,0
DA:246,0
DA:249,0
DA:251,0
DA:252,0
DA:256,0
DA:257,0
DA:258,0
DA:259,0
DA:260,0
DA:261,0
DA:262,0
DA:264,0
DA:265,0
DA:267,0
DA:272,0
DA:274,0
DA:275,0
DA:278,0
DA:279,0
LF:113
LH:0
BRDA:16,0,0,0
BRDA:16,0,1,0
BRDA:17,1,0,0
BRDA:17,1,1,0
BRDA:19,2,0,0
BRDA:19,2,1,0
BRDA:91,3,0,0
BRDA:91,3,1,0
BRDA:106,4,0,0
BRDA:106,4,1,0
BRDA:121,5,0,0
BRDA:121,5,1,0
BRDA:131,6,0,0
BRDA:133,7,0,0
BRDA:133,7,1,0
BRDA:136,8,0,0
BRDA:136,8,1,0
BRDA:137,9,0,0
BRDA:137,9,1,0
BRDA:141,10,0,0
BRDA:141,10,1,0
BRDA:145,11,0,0
BRDA:145,11,1,0
BRDA:149,12,0,0
BRDA:149,12,1,0
BRDA:149,13,0,0
BRDA:149,13,1,0
BRDA:154,14,0,0
BRDA:154,14,1,0
BRDA:154,15,0,0
BRDA:154,15,1,0
BRDA:158,16,0,0
BRDA:158,16,1,0
BRDA:159,17,0,0
BRDA:159,17,1,0
BRDA:159,18,0,0
BRDA:159,18,1,0
BRDA:165,19,0,0
BRDA:165,19,1,0
BRDA:165,20,0,0
BRDA:165,20,1,0
BRDA:170,21,0,0
BRDA:170,21,1,0
BRDA:230,22,0,0
BRDA:230,22,1,0
BRDA:232,23,0,0
BRDA:232,23,1,0
BRDA:232,24,0,0
BRDA:232,24,1,0
BRDA:243,25,0,0
BRDA:243,25,1,0
BRDA:246,26,0,0
BRDA:246,26,1,0
BRDA:246,26,2,0
BRDA:264,27,0,0
BRDA:264,27,1,0
BRF:56
BRH:0
end_of_record
TN:
SF:src/scripts/test-validation-system.ts
FN:20,(anonymous_10)
FN:21,(anonymous_11)
FN:22,(anonymous_12)
FN:23,(anonymous_13)
FN:24,(anonymous_14)
FN:27,apiRequest
FN:47,(anonymous_16)
FN:54,runTest
FN:72,testValidationSystem
FN:78,(anonymous_19)
FN:83,(anonymous_20)
FN:95,(anonymous_21)
FN:107,(anonymous_22)
FN:122,(anonymous_23)
FN:147,(anonymous_24)
FN:189,(anonymous_25)
FN:194,(anonymous_26)
FN:199,(anonymous_27)
FN:204,(anonymous_28)
FN:210,(anonymous_29)
FN:221,(anonymous_30)
FN:229,(anonymous_31)
FN:238,(anonymous_32)
FN:249,(anonymous_33)
FN:257,(anonymous_34)
FN:266,(anonymous_35)
FN:268,(anonymous_36)
FN:304,(anonymous_37)
FN:312,(anonymous_38)
FN:317,(anonymous_39)
FN:325,(anonymous_40)
FN:352,(anonymous_41)
FN:360,(anonymous_42)
FN:369,(anonymous_43)
FN:374,(anonymous_44)
FN:406,(anonymous_45)
FN:417,(anonymous_46)
FN:433,(anonymous_47)
FN:438,(anonymous_48)
FN:446,(anonymous_49)
FN:447,(anonymous_50)
FN:459,(anonymous_51)
FN:460,(anonymous_52)
FN:467,(anonymous_53)
FN:498,main
FNF:45
FNH:0
FNDA:0,(anonymous_10)
FNDA:0,(anonymous_11)
FNDA:0,(anonymous_12)
FNDA:0,(anonymous_13)
FNDA:0,(anonymous_14)
FNDA:0,apiRequest
FNDA:0,(anonymous_16)
FNDA:0,runTest
FNDA:0,testValidationSystem
FNDA:0,(anonymous_19)
FNDA:0,(anonymous_20)
FNDA:0,(anonymous_21)
FNDA:0,(anonymous_22)
FNDA:0,(anonymous_23)
FNDA:0,(anonymous_24)
FNDA:0,(anonymous_25)
FNDA:0,(anonymous_26)
FNDA:0,(anonymous_27)
FNDA:0,(anonymous_28)
FNDA:0,(anonymous_29)
FNDA:0,(anonymous_30)
FNDA:0,(anonymous_31)
FNDA:0,(anonymous_32)
FNDA:0,(anonymous_33)
FNDA:0,(anonymous_34)
FNDA:0,(anonymous_35)
FNDA:0,(anonymous_36)
FNDA:0,(anonymous_37)
FNDA:0,(anonymous_38)
FNDA:0,(anonymous_39)
FNDA:0,(anonymous_40)
FNDA:0,(anonymous_41)
FNDA:0,(anonymous_42)
FNDA:0,(anonymous_43)
FNDA:0,(anonymous_44)
FNDA:0,(anonymous_45)
FNDA:0,(anonymous_46)
FNDA:0,(anonymous_47)
FNDA:0,(anonymous_48)
FNDA:0,(anonymous_49)
FNDA:0,(anonymous_50)
FNDA:0,(anonymous_51)
FNDA:0,(anonymous_52)
FNDA:0,(anonymous_53)
FNDA:0,main
DA:3,0
DA:4,0
DA:5,0
DA:6,0
DA:8,0
DA:11,0
DA:12,0
DA:13,0
DA:14,0
DA:15,0
DA:16,0
DA:19,0
DA:20,0
DA:21,0
DA:22,0
DA:23,0
DA:24,0
DA:33,0
DA:34,0
DA:37,0
DA:38,0
DA:41,0
DA:47,0
DA:48,0
DA:50,0
DA:55,0
DA:56,0
DA:57,0
DA:58,0
DA:59,0
DA:61,0
DA:63,0
DA:65,0
DA:66,0
DA:67,0
DA:73,0
DA:76,0
DA:78,0
DA:79,0
DA:80,0
DA:83,0
DA:84,0
DA:88,0
DA:89,0
DA:90,0
DA:92,0
DA:95,0
DA:96,0
DA:100,0
DA:101,0
DA:102,0
DA:104,0
DA:107,0
DA:108,0
DA:112,0
DA:113,0
DA:114,0
DA:116,0
DA:120,0
DA:122,0
DA:123,0
DA:124,0
DA:145,0
DA:146,0
DA:147,0
DA:148,0
DA:160,0
DA:176,0
DA:177,0
DA:183,0
DA:187,0
DA:189,0
DA:190,0
DA:191,0
DA:194,0
DA:195,0
DA:196,0
DA:199,0
DA:200,0
DA:201,0
DA:204,0
DA:205,0
DA:206,0
DA:207,0
DA:210,0
DA:211,0
DA:212,0
DA:215,0
DA:219,0
DA:221,0
DA:222,0
DA:223,0
DA:226,0
DA:229,0
DA:230,0
DA:231,0
DA:234,0
DA:238,0
DA:239,0
DA:240,0
DA:243,0
DA:247,0
DA:249,0
DA:250,0
DA:251,0
DA:254,0
DA:257,0
DA:258,0
DA:259,0
DA:263,0
DA:266,0
DA:268,0
DA:269,0
DA:281,0
DA:297,0
DA:298,0
DA:302,0
DA:304,0
DA:305,0
DA:306,0
DA:312,0
DA:313,0
DA:314,0
DA:317,0
DA:318,0
DA:319,0
DA:323,0
DA:325,0
DA:326,0
DA:348,0
DA:349,0
DA:352,0
DA:353,0
DA:354,0
DA:358,0
DA:360,0
DA:361,0
DA:362,0
DA:363,0
DA:367,0
DA:369,0
DA:370,0
DA:371,0
DA:374,0
DA:376,0
DA:387,0
DA:402,0
DA:403,0
DA:406,0
DA:408,0
DA:411,0
DA:413,0
DA:414,0
DA:417,0
DA:418,0
DA:427,0
DA:431,0
DA:433,0
DA:434,0
DA:435,0
DA:438,0
DA:439,0
DA:440,0
DA:444,0
DA:446,0
DA:447,0
DA:448,0
DA:449,0
DA:451,0
DA:452,0
DA:453,0
DA:454,0
DA:456,0
DA:457,0
DA:458,0
DA:459,0
DA:461,0
DA:466,0
DA:467,0
DA:468,0
DA:470,0
DA:480,0
DA:481,0
DA:482,0
DA:483,0
DA:484,0
DA:487,0
DA:489,0
DA:490,0
DA:494,0
DA:499,0
DA:500,0
DA:501,0
DA:503,0
DA:505,0
DA:506,0
DA:507,0
DA:509,0
DA:510,0
DA:513,0
DA:514,0
DA:516,0
DA:521,0
LF:203
LH:0
BRDA:37,0,0,0
BRDA:37,0,1,0
BRDA:44,1,0,0
BRDA:44,1,1,0
BRDA:57,2,0,0
BRDA:57,2,1,0
BRDA:58,3,0,0
BRDA:58,3,1,0
BRDA:88,4,0,0
BRDA:88,4,1,0
BRDA:88,5,0,0
BRDA:88,5,1,0
BRDA:100,6,0,0
BRDA:100,6,1,0
BRDA:100,7,0,0
BRDA:100,7,1,0
BRDA:112,8,0,0
BRDA:112,8,1,0
BRDA:112,9,0,0
BRDA:112,9,1,0
BRDA:191,10,0,0
BRDA:191,10,1,0
BRDA:196,11,0,0
BRDA:196,11,1,0
BRDA:201,12,0,0
BRDA:201,12,1,0
BRDA:205,13,0,0
BRDA:205,13,1,0
BRDA:207,14,0,0
BRDA:207,14,1,0
BRDA:211,15,0,0
BRDA:211,15,1,0
BRDA:222,16,0,0
BRDA:222,16,1,0
BRDA:226,17,0,0
BRDA:226,17,1,0
BRDA:230,18,0,0
BRDA:230,18,1,0
BRDA:234,19,0,0
BRDA:234,19,1,0
BRDA:239,20,0,0
BRDA:239,20,1,0
BRDA:243,21,0,0
BRDA:243,21,1,0
BRDA:250,22,0,0
BRDA:250,22,1,0
BRDA:254,23,0,0
BRDA:254,23,1,0
BRDA:258,24,0,0
BRDA:258,24,1,0
BRDA:306,25,0,0
BRDA:306,25,1,0
BRDA:306,25,2,0
BRDA:306,25,3,0
BRDA:314,26,0,0
BRDA:314,26,1,0
BRDA:319,27,0,0
BRDA:319,27,1,0
BRDA:349,28,0,0
BRDA:349,28,1,0
BRDA:354,29,0,0
BRDA:354,29,1,0
BRDA:354,29,2,0
BRDA:361,30,0,0
BRDA:361,30,1,0
BRDA:363,31,0,0
BRDA:363,31,1,0
BRDA:411,32,0,0
BRDA:411,32,1,0
BRDA:435,33,0,0
BRDA:435,33,1,0
BRDA:440,34,0,0
BRDA:440,34,1,0
BRDA:456,35,0,0
BRDA:456,35,1,0
BRDA:461,36,0,0
BRDA:461,36,1,0
BRDA:482,37,0,0
BRDA:482,37,1,0
BRDA:505,38,0,0
BRDA:505,38,1,0
BRF:81
BRH:0
end_of_record
TN:
SF:src/scripts/test-voice-to-report.ts
FN:50,main
FN:62,(anonymous_1)
FN:69,(anonymous_2)
FN:134,(anonymous_3)
FN:139,(anonymous_4)
FN:186,(anonymous_5)
FN:215,(anonymous_6)
FNF:7
FNH:0
FNDA:0,main
FNDA:0,(anonymous_1)
FNDA:0,(anonymous_2)
FNDA:0,(anonymous_3)
FNDA:0,(anonymous_4)
FNDA:0,(anonymous_5)
FNDA:0,(anonymous_6)
DA:1,0
DA:2,0
DA:3,0
DA:17,0
DA:51,0
DA:52,0
DA:55,0
DA:56,0
DA:59,0
DA:60,0
DA:61,0
DA:62,0
DA:65,0
DA:66,0
DA:67,0
DA:68,0
DA:69,0
DA:70,0
DA:71,0
DA:72,0
DA:76,0
DA:77,0
DA:79,0
DA:80,0
DA:81,0
DA:82,0
DA:84,0
DA:86,0
DA:91,0
DA:95,0
DA:100,0
DA:106,0
DA:107,0
DA:108,0
DA:109,0
DA:110,0
DA:111,0
DA:113,0
DA:114,0
DA:115,0
DA:116,0
DA:117,0
DA:118,0
DA:120,0
DA:121,0
DA:122,0
DA:123,0
DA:124,0
DA:126,0
DA:127,0
DA:130,0
DA:132,0
DA:133,0
DA:134,0
DA:137,0
DA:138,0
DA:139,0
DA:143,0
DA:148,0
DA:149,0
DA:151,0
DA:170,0
DA:171,0
DA:172,0
DA:173,0
DA:177,0
DA:180,0
DA:185,0
DA:186,0
DA:187,0
DA:188,0
DA:191,0
DA:196,0
DA:197,0
DA:198,0
DA:199,0
DA:200,0
DA:201,0
DA:202,0
DA:204,0
DA:205,0
DA:206,0
DA:207,0
DA:208,0
DA:209,0
DA:211,0
DA:215,0
DA:216,0
DA:217,0
LF:89
LH:0
BRDA:107,0,0,0
BRDA:107,0,1,0
BRDA:108,1,0,0
BRDA:108,1,1,0
BRDA:109,2,0,0
BRDA:109,2,1,0
BRDA:110,3,0,0
BRDA:110,3,1,0
BRDA:111,4,0,0
BRDA:111,4,1,0
BRDA:114,5,0,0
BRDA:114,5,1,0
BRDA:115,6,0,0
BRDA:115,6,1,0
BRDA:116,7,0,0
BRDA:116,7,1,0
BRDA:117,8,0,0
BRDA:117,8,1,0
BRDA:118,9,0,0
BRDA:118,9,1,0
BRDA:120,10,0,0
BRDA:120,10,1,0
BRDA:121,11,0,0
BRDA:121,11,1,0
BRDA:122,12,0,0
BRDA:122,12,1,0
BRDA:123,13,0,0
BRDA:123,13,1,0
BRDA:124,14,0,0
BRDA:124,14,1,0
BRDA:126,15,0,0
BRDA:126,15,1,0
BRDA:126,16,0,0
BRDA:126,16,1,0
BRDA:132,17,0,0
BRDA:132,17,1,0
BRDA:137,18,0,0
BRDA:137,18,1,0
BRDA:187,19,0,0
BRDA:187,19,1,0
BRF:40
BRH:0
end_of_record
